running egg_info
writing ../../build/my_first_package/my_first_package.egg-info/PKG-INFO
writing dependency_links to ../../build/my_first_package/my_first_package.egg-info/dependency_links.txt
writing entry points to ../../build/my_first_package/my_first_package.egg-info/entry_points.txt
writing requirements to ../../build/my_first_package/my_first_package.egg-info/requires.txt
writing top-level names to ../../build/my_first_package/my_first_package.egg-info/top_level.txt
reading manifest file '../../build/my_first_package/my_first_package.egg-info/SOURCES.txt'
writing manifest file '../../build/my_first_package/my_first_package.egg-info/SOURCES.txt'
running build
running build_py
copying my_first_package/my_publisher.py -> /home/han/Desktop/Han_ws/09.ROS/build/my_first_package/build/lib/my_first_package
running install
running install_lib
copying /home/han/Desktop/Han_ws/09.ROS/build/my_first_package/build/lib/my_first_package/my_publisher.py -> /home/han/Desktop/Han_ws/09.ROS/install/my_first_package/lib/python3.10/site-packages/my_first_package
byte-compiling /home/han/Desktop/Han_ws/09.ROS/install/my_first_package/lib/python3.10/site-packages/my_first_package/my_publisher.py to my_publisher.cpython-310.pyc
running install_data
running install_egg_info
removing '/home/han/Desktop/Han_ws/09.ROS/install/my_first_package/lib/python3.10/site-packages/my_first_package-0.0.0-py3.10.egg-info' (and everything under it)
Copying ../../build/my_first_package/my_first_package.egg-info to /home/han/Desktop/Han_ws/09.ROS/install/my_first_package/lib/python3.10/site-packages/my_first_package-0.0.0-py3.10.egg-info
running install_scripts
Installing dist_turtle_action_server script to /home/han/Desktop/Han_ws/09.ROS/install/my_first_package/lib/my_first_package
Installing my_first_node script to /home/han/Desktop/Han_ws/09.ROS/install/my_first_package/lib/my_first_package
Installing my_multi_thread script to /home/han/Desktop/Han_ws/09.ROS/install/my_first_package/lib/my_first_package
Installing my_publisher script to /home/han/Desktop/Han_ws/09.ROS/install/my_first_package/lib/my_first_package
Installing my_service_server script to /home/han/Desktop/Han_ws/09.ROS/install/my_first_package/lib/my_first_package
Installing my_subscriber script to /home/han/Desktop/Han_ws/09.ROS/install/my_first_package/lib/my_first_package
Installing oneday_pen script to /home/han/Desktop/Han_ws/09.ROS/install/my_first_package/lib/my_first_package
Installing oneday_set_flag script to /home/han/Desktop/Han_ws/09.ROS/install/my_first_package/lib/my_first_package
Installing oneday_subscriber script to /home/han/Desktop/Han_ws/09.ROS/install/my_first_package/lib/my_first_package
Installing turtle_cmd_and_pose script to /home/han/Desktop/Han_ws/09.ROS/install/my_first_package/lib/my_first_package
writing list of installed files to '/home/han/Desktop/Han_ws/09.ROS/build/my_first_package/install.log'
