[0.404s] Invoking command in '/home/han/Desktop/Han_ws/09.ROS/build/my_first_package_msgs': CMAKE_PREFIX_PATH=/opt/ros/humble /usr/bin/cmake /home/han/Desktop/Han_ws/09.ROS/src/my_first_package_msgs -DCMAKE_INSTALL_PREFIX=/home/han/Desktop/Han_ws/09.ROS/install/my_first_package_msgs
[0.463s] -- The C compiler identification is GNU 11.4.0
[0.518s] -- The CXX compiler identification is GNU 11.4.0
[0.523s] -- Detecting C compiler ABI info
[0.580s] -- Detecting C compiler ABI info - done
[0.586s] -- Check for working C compiler: /usr/bin/cc - skipped
[0.586s] -- Detecting C compile features
[0.586s] -- Detecting C compile features - done
[0.589s] -- Detecting CXX compiler ABI info
[0.699s] -- Detecting CXX compiler ABI info - done
[0.705s] -- Check for working CXX compiler: /usr/bin/c++ - skipped
[0.705s] -- Detecting CXX compile features
[0.706s] -- Detecting CXX compile features - done
[0.708s] -- Found ament_cmake: 1.3.9 (/opt/ros/humble/share/ament_cmake/cmake)
[0.857s] -- Found Python3: /usr/bin/python3 (found version "3.10.12") found components: Interpreter 
[0.940s] -- Found rosidl_default_generators: 1.2.0 (/opt/ros/humble/share/rosidl_default_generators/cmake)
[0.943s] -- Using all available rosidl_typesupport_c: rosidl_typesupport_fastrtps_c;rosidl_typesupport_introspection_c
[0.948s] -- Found rosidl_adapter: 3.1.5 (/opt/ros/humble/share/rosidl_adapter/cmake)
[0.983s] -- Using all available rosidl_typesupport_cpp: rosidl_typesupport_fastrtps_cpp;rosidl_typesupport_introspection_cpp
[1.413s] -- Found ament_cmake_ros: 0.10.0 (/opt/ros/humble/share/ament_cmake_ros/cmake)
[1.573s] -- Using all available rosidl_typesupport_c: rosidl_typesupport_fastrtps_c;rosidl_typesupport_introspection_c
[1.776s] -- Using all available rosidl_typesupport_cpp: rosidl_typesupport_fastrtps_cpp;rosidl_typesupport_introspection_cpp
[1.793s] -- Found PythonInterp: /usr/bin/python3 (found suitable version "3.10.12", minimum required is "3.6") 
[1.793s] -- Found python_cmake_module: 0.10.0 (/opt/ros/humble/share/python_cmake_module/cmake)
[1.820s] -- Found PythonLibs: /usr/lib/x86_64-linux-gnu/libpython3.10.so (found suitable version "3.10.12", minimum required is "3.5") 
[1.820s] -- Using PYTHON_EXECUTABLE: /usr/bin/python3
[1.821s] -- Using PYTHON_INCLUDE_DIRS: /usr/include/python3.10
[1.821s] -- Using PYTHON_LIBRARIES: /usr/lib/x86_64-linux-gnu/libpython3.10.so
[1.839s] -- Found PythonExtra: .so  
[1.871s] -- Found ament_lint_auto: 0.12.11 (/opt/ros/humble/share/ament_lint_auto/cmake)
[1.885s] -- Added test 'lint_cmake' to check CMake code style
[1.886s] -- Added test 'xmllint' to check XML markup files
[1.888s] -- Configuring done
[1.920s] -- Generating done
[1.923s] -- Build files have been written to: /home/han/Desktop/Han_ws/09.ROS/build/my_first_package_msgs
[1.932s] Invoked command in '/home/han/Desktop/Han_ws/09.ROS/build/my_first_package_msgs' returned '0': CMAKE_PREFIX_PATH=/opt/ros/humble /usr/bin/cmake /home/han/Desktop/Han_ws/09.ROS/src/my_first_package_msgs -DCMAKE_INSTALL_PREFIX=/home/han/Desktop/Han_ws/09.ROS/install/my_first_package_msgs
[1.935s] Invoking command in '/home/han/Desktop/Han_ws/09.ROS/build/my_first_package_msgs': CMAKE_PREFIX_PATH=/opt/ros/humble /usr/bin/cmake --build /home/han/Desktop/Han_ws/09.ROS/build/my_first_package_msgs -- -j12 -l12
[1.991s] [  2%] [34m[1mGenerating C code for ROS interfaces[0m
[2.007s] [  4%] [34m[1mGenerating C++ code for ROS interfaces[0m
[2.015s] [  4%] Built target ament_cmake_python_copy_my_first_package_msgs
[2.287s] running egg_info
[2.288s] creating my_first_package_msgs.egg-info
[2.289s] writing my_first_package_msgs.egg-info/PKG-INFO
[2.289s] writing dependency_links to my_first_package_msgs.egg-info/dependency_links.txt
[2.289s] writing top-level names to my_first_package_msgs.egg-info/top_level.txt
[2.290s] writing manifest file 'my_first_package_msgs.egg-info/SOURCES.txt'
[2.293s] reading manifest file 'my_first_package_msgs.egg-info/SOURCES.txt'
[2.294s] writing manifest file 'my_first_package_msgs.egg-info/SOURCES.txt'
[2.332s] [  4%] Built target ament_cmake_python_build_my_first_package_msgs_egg
[2.585s] [  4%] Built target my_first_package_msgs__cpp
[2.595s] [  8%] [34m[1mGenerating C++ type support dispatch for ROS interfaces[0m
[2.595s] [  8%] [34m[1mGenerating C++ introspection for ROS interfaces[0m
[2.595s] [ 10%] [34m[1mGenerating C++ type support for eProsima Fast-RTPS[0m
[2.613s] [ 14%] [32mBuilding C object CMakeFiles/my_first_package_msgs__rosidl_generator_c.dir/rosidl_generator_c/my_first_package_msgs/srv/detail/multi_spawn__functions.c.o[0m
[2.613s] [ 14%] [32mBuilding C object CMakeFiles/my_first_package_msgs__rosidl_generator_c.dir/rosidl_generator_c/my_first_package_msgs/msg/detail/cmd_and_pose_vel__functions.c.o[0m
[2.613s] [ 17%] [32mBuilding C object CMakeFiles/my_first_package_msgs__rosidl_generator_c.dir/rosidl_generator_c/my_first_package_msgs/action/detail/dist_turtle__functions.c.o[0m
[2.745s] [ 19%] [32m[1mLinking C shared library libmy_first_package_msgs__rosidl_generator_c.so[0m
[2.781s] [ 19%] Built target my_first_package_msgs__rosidl_generator_c
[2.790s] [ 25%] [34m[1mGenerating C introspection for ROS interfaces[0m
[2.790s] [ 25%] [34m[1mGenerating C type support dispatch for ROS interfaces[0m
[2.790s] [ 25%] [34m[1mGenerating C type support for eProsima Fast-RTPS[0m
[2.993s] [ 27%] [32mBuilding CXX object CMakeFiles/my_first_package_msgs__rosidl_typesupport_cpp.dir/rosidl_typesupport_cpp/my_first_package_msgs/msg/cmd_and_pose_vel__type_support.cpp.o[0m
[2.996s] [ 31%] [32mBuilding CXX object CMakeFiles/my_first_package_msgs__rosidl_typesupport_cpp.dir/rosidl_typesupport_cpp/my_first_package_msgs/action/dist_turtle__type_support.cpp.o[0m
[2.996s] [ 31%] [32mBuilding CXX object CMakeFiles/my_first_package_msgs__rosidl_typesupport_cpp.dir/rosidl_typesupport_cpp/my_first_package_msgs/srv/multi_spawn__type_support.cpp.o[0m
[3.173s] [ 34%] [32mBuilding CXX object CMakeFiles/my_first_package_msgs__rosidl_typesupport_introspection_cpp.dir/rosidl_typesupport_introspection_cpp/my_first_package_msgs/action/detail/dist_turtle__type_support.cpp.o[0m
[3.189s] [ 36%] [32mBuilding CXX object CMakeFiles/my_first_package_msgs__rosidl_typesupport_introspection_cpp.dir/rosidl_typesupport_introspection_cpp/my_first_package_msgs/msg/detail/cmd_and_pose_vel__type_support.cpp.o[0m
[3.192s] [ 38%] [32mBuilding CXX object CMakeFiles/my_first_package_msgs__rosidl_typesupport_introspection_cpp.dir/rosidl_typesupport_introspection_cpp/my_first_package_msgs/srv/detail/multi_spawn__type_support.cpp.o[0m
[3.389s] [ 40%] [32mBuilding CXX object CMakeFiles/my_first_package_msgs__rosidl_typesupport_fastrtps_cpp.dir/rosidl_typesupport_fastrtps_cpp/my_first_package_msgs/srv/detail/dds_fastrtps/multi_spawn__type_support.cpp.o[0m
[3.403s] [ 42%] [32mBuilding CXX object CMakeFiles/my_first_package_msgs__rosidl_typesupport_fastrtps_cpp.dir/rosidl_typesupport_fastrtps_cpp/my_first_package_msgs/msg/detail/dds_fastrtps/cmd_and_pose_vel__type_support.cpp.o[0m
[3.407s] [ 44%] [32mBuilding CXX object CMakeFiles/my_first_package_msgs__rosidl_typesupport_fastrtps_cpp.dir/rosidl_typesupport_fastrtps_cpp/my_first_package_msgs/action/detail/dds_fastrtps/dist_turtle__type_support.cpp.o[0m
[3.504s] [ 46%] [32mBuilding CXX object CMakeFiles/my_first_package_msgs__rosidl_typesupport_c.dir/rosidl_typesupport_c/my_first_package_msgs/srv/multi_spawn__type_support.cpp.o[0m
[3.509s] [ 48%] [32mBuilding CXX object CMakeFiles/my_first_package_msgs__rosidl_typesupport_c.dir/rosidl_typesupport_c/my_first_package_msgs/msg/cmd_and_pose_vel__type_support.cpp.o[0m
[3.588s] [ 51%] [32mBuilding CXX object CMakeFiles/my_first_package_msgs__rosidl_typesupport_c.dir/rosidl_typesupport_c/my_first_package_msgs/action/dist_turtle__type_support.cpp.o[0m
[3.737s] [ 53%] [32m[1mLinking CXX shared library libmy_first_package_msgs__rosidl_typesupport_c.so[0m
[3.758s] [ 55%] [32mBuilding C object CMakeFiles/my_first_package_msgs__rosidl_typesupport_introspection_c.dir/rosidl_typesupport_introspection_c/my_first_package_msgs/srv/detail/multi_spawn__type_support.c.o[0m
[3.762s] [ 57%] [32mBuilding C object CMakeFiles/my_first_package_msgs__rosidl_typesupport_introspection_c.dir/rosidl_typesupport_introspection_c/my_first_package_msgs/msg/detail/cmd_and_pose_vel__type_support.c.o[0m
[3.775s] [ 59%] [32mBuilding C object CMakeFiles/my_first_package_msgs__rosidl_typesupport_introspection_c.dir/rosidl_typesupport_introspection_c/my_first_package_msgs/action/detail/dist_turtle__type_support.c.o[0m
[3.857s] [ 61%] [32mBuilding CXX object CMakeFiles/my_first_package_msgs__rosidl_typesupport_fastrtps_c.dir/rosidl_typesupport_fastrtps_c/my_first_package_msgs/msg/detail/cmd_and_pose_vel__type_support_c.cpp.o[0m
[3.881s] [ 61%] Built target my_first_package_msgs__rosidl_typesupport_c
[3.890s] [ 63%] [32mBuilding CXX object CMakeFiles/my_first_package_msgs__rosidl_typesupport_fastrtps_c.dir/rosidl_typesupport_fastrtps_c/my_first_package_msgs/srv/detail/multi_spawn__type_support_c.cpp.o[0m
[3.897s] [ 65%] [32m[1mLinking C shared library libmy_first_package_msgs__rosidl_typesupport_introspection_c.so[0m
[3.907s] [ 68%] [32mBuilding CXX object CMakeFiles/my_first_package_msgs__rosidl_typesupport_fastrtps_c.dir/rosidl_typesupport_fastrtps_c/my_first_package_msgs/action/detail/dist_turtle__type_support_c.cpp.o[0m
[3.985s] [ 68%] Built target my_first_package_msgs__rosidl_typesupport_introspection_c
[4.016s] [ 70%] [32m[1mLinking CXX shared library libmy_first_package_msgs__rosidl_typesupport_cpp.so[0m
[4.095s] [ 70%] Built target my_first_package_msgs__rosidl_typesupport_cpp
[4.409s] [ 72%] [32m[1mLinking CXX shared library libmy_first_package_msgs__rosidl_typesupport_fastrtps_cpp.so[0m
[4.420s] [ 74%] [32m[1mLinking CXX shared library libmy_first_package_msgs__rosidl_typesupport_introspection_cpp.so[0m
[4.484s] [ 76%] [32m[1mLinking CXX shared library libmy_first_package_msgs__rosidl_typesupport_fastrtps_c.so[0m
[4.536s] [ 76%] Built target my_first_package_msgs__rosidl_typesupport_fastrtps_cpp
[4.547s] [ 76%] Built target my_first_package_msgs__rosidl_typesupport_introspection_cpp
[4.584s] [ 76%] Built target my_first_package_msgs__rosidl_typesupport_fastrtps_c
[4.601s] [ 76%] Built target my_first_package_msgs
[4.626s] [ 78%] [34m[1mGenerating Python code for ROS interfaces[0m
[5.508s] [ 78%] Built target my_first_package_msgs__py
[5.529s] [ 85%] [32mBuilding C object CMakeFiles/my_first_package_msgs__rosidl_generator_py.dir/rosidl_generator_py/my_first_package_msgs/action/_dist_turtle_s.c.o[0m
[5.529s] [ 85%] [32mBuilding C object CMakeFiles/my_first_package_msgs__rosidl_generator_py.dir/rosidl_generator_py/my_first_package_msgs/srv/_multi_spawn_s.c.o[0m
[5.529s] [ 85%] [32mBuilding C object CMakeFiles/my_first_package_msgs__rosidl_generator_py.dir/rosidl_generator_py/my_first_package_msgs/msg/_cmd_and_pose_vel_s.c.o[0m
[5.663s] [ 87%] [32m[1mLinking C shared library rosidl_generator_py/my_first_package_msgs/libmy_first_package_msgs__rosidl_generator_py.so[0m
[5.698s] [ 87%] Built target my_first_package_msgs__rosidl_generator_py
[5.717s] [ 93%] [32mBuilding C object CMakeFiles/my_first_package_msgs__rosidl_typesupport_introspection_c__pyext.dir/rosidl_generator_py/my_first_package_msgs/_my_first_package_msgs_s.ep.rosidl_typesupport_introspection_c.c.o[0m
[5.718s] [ 93%] [32mBuilding C object CMakeFiles/my_first_package_msgs__rosidl_typesupport_fastrtps_c__pyext.dir/rosidl_generator_py/my_first_package_msgs/_my_first_package_msgs_s.ep.rosidl_typesupport_fastrtps_c.c.o[0m
[5.718s] [ 93%] [32mBuilding C object CMakeFiles/my_first_package_msgs__rosidl_typesupport_c__pyext.dir/rosidl_generator_py/my_first_package_msgs/_my_first_package_msgs_s.ep.rosidl_typesupport_c.c.o[0m
[5.842s] [ 95%] [32m[1mLinking C shared library rosidl_generator_py/my_first_package_msgs/my_first_package_msgs_s__rosidl_typesupport_introspection_c.cpython-310-x86_64-linux-gnu.so[0m
[5.858s] [ 97%] [32m[1mLinking C shared library rosidl_generator_py/my_first_package_msgs/my_first_package_msgs_s__rosidl_typesupport_c.cpython-310-x86_64-linux-gnu.so[0m
[5.858s] [100%] [32m[1mLinking C shared library rosidl_generator_py/my_first_package_msgs/my_first_package_msgs_s__rosidl_typesupport_fastrtps_c.cpython-310-x86_64-linux-gnu.so[0m
[5.879s] [100%] Built target my_first_package_msgs__rosidl_typesupport_introspection_c__pyext
[5.900s] [100%] Built target my_first_package_msgs__rosidl_typesupport_fastrtps_c__pyext
[5.900s] [100%] Built target my_first_package_msgs__rosidl_typesupport_c__pyext
[5.915s] Invoked command in '/home/han/Desktop/Han_ws/09.ROS/build/my_first_package_msgs' returned '0': CMAKE_PREFIX_PATH=/opt/ros/humble /usr/bin/cmake --build /home/han/Desktop/Han_ws/09.ROS/build/my_first_package_msgs -- -j12 -l12
[5.998s] Invoking command in '/home/han/Desktop/Han_ws/09.ROS/build/my_first_package_msgs': CMAKE_PREFIX_PATH=/opt/ros/humble /usr/bin/cmake --install /home/han/Desktop/Han_ws/09.ROS/build/my_first_package_msgs
[6.005s] -- Install configuration: ""
[6.005s] -- Installing: /home/han/Desktop/Han_ws/09.ROS/install/my_first_package_msgs/share/ament_index/resource_index/rosidl_interfaces/my_first_package_msgs
[6.005s] -- Installing: /home/han/Desktop/Han_ws/09.ROS/install/my_first_package_msgs/include/my_first_package_msgs/my_first_package_msgs
[6.006s] -- Installing: /home/han/Desktop/Han_ws/09.ROS/install/my_first_package_msgs/include/my_first_package_msgs/my_first_package_msgs/action
[6.006s] -- Installing: /home/han/Desktop/Han_ws/09.ROS/install/my_first_package_msgs/include/my_first_package_msgs/my_first_package_msgs/action/detail
[6.006s] -- Installing: /home/han/Desktop/Han_ws/09.ROS/install/my_first_package_msgs/include/my_first_package_msgs/my_first_package_msgs/action/detail/dist_turtle__type_support.h
[6.006s] -- Installing: /home/han/Desktop/Han_ws/09.ROS/install/my_first_package_msgs/include/my_first_package_msgs/my_first_package_msgs/action/detail/dist_turtle__functions.c
[6.006s] -- Installing: /home/han/Desktop/Han_ws/09.ROS/install/my_first_package_msgs/include/my_first_package_msgs/my_first_package_msgs/action/detail/dist_turtle__functions.h
[6.006s] -- Installing: /home/han/Desktop/Han_ws/09.ROS/install/my_first_package_msgs/include/my_first_package_msgs/my_first_package_msgs/action/detail/dist_turtle__struct.h
[6.007s] -- Installing: /home/han/Desktop/Han_ws/09.ROS/install/my_first_package_msgs/include/my_first_package_msgs/my_first_package_msgs/action/dist_turtle.h
[6.007s] -- Installing: /home/han/Desktop/Han_ws/09.ROS/install/my_first_package_msgs/include/my_first_package_msgs/my_first_package_msgs/srv
[6.007s] -- Installing: /home/han/Desktop/Han_ws/09.ROS/install/my_first_package_msgs/include/my_first_package_msgs/my_first_package_msgs/srv/detail
[6.007s] -- Installing: /home/han/Desktop/Han_ws/09.ROS/install/my_first_package_msgs/include/my_first_package_msgs/my_first_package_msgs/srv/detail/multi_spawn__struct.h
[6.007s] -- Installing: /home/han/Desktop/Han_ws/09.ROS/install/my_first_package_msgs/include/my_first_package_msgs/my_first_package_msgs/srv/detail/multi_spawn__type_support.h
[6.007s] -- Installing: /home/han/Desktop/Han_ws/09.ROS/install/my_first_package_msgs/include/my_first_package_msgs/my_first_package_msgs/srv/detail/multi_spawn__functions.h
[6.007s] -- Installing: /home/han/Desktop/Han_ws/09.ROS/install/my_first_package_msgs/include/my_first_package_msgs/my_first_package_msgs/srv/detail/multi_spawn__functions.c
[6.007s] -- Installing: /home/han/Desktop/Han_ws/09.ROS/install/my_first_package_msgs/include/my_first_package_msgs/my_first_package_msgs/srv/multi_spawn.h
[6.007s] -- Installing: /home/han/Desktop/Han_ws/09.ROS/install/my_first_package_msgs/include/my_first_package_msgs/my_first_package_msgs/msg
[6.007s] -- Installing: /home/han/Desktop/Han_ws/09.ROS/install/my_first_package_msgs/include/my_first_package_msgs/my_first_package_msgs/msg/rosidl_generator_c__visibility_control.h
[6.007s] -- Installing: /home/han/Desktop/Han_ws/09.ROS/install/my_first_package_msgs/include/my_first_package_msgs/my_first_package_msgs/msg/detail
[6.007s] -- Installing: /home/han/Desktop/Han_ws/09.ROS/install/my_first_package_msgs/include/my_first_package_msgs/my_first_package_msgs/msg/detail/cmd_and_pose_vel__functions.h
[6.007s] -- Installing: /home/han/Desktop/Han_ws/09.ROS/install/my_first_package_msgs/include/my_first_package_msgs/my_first_package_msgs/msg/detail/cmd_and_pose_vel__type_support.h
[6.008s] -- Installing: /home/han/Desktop/Han_ws/09.ROS/install/my_first_package_msgs/include/my_first_package_msgs/my_first_package_msgs/msg/detail/cmd_and_pose_vel__struct.h
[6.008s] -- Installing: /home/han/Desktop/Han_ws/09.ROS/install/my_first_package_msgs/include/my_first_package_msgs/my_first_package_msgs/msg/detail/cmd_and_pose_vel__functions.c
[6.008s] -- Installing: /home/han/Desktop/Han_ws/09.ROS/install/my_first_package_msgs/include/my_first_package_msgs/my_first_package_msgs/msg/cmd_and_pose_vel.h
[6.008s] -- Installing: /home/han/Desktop/Han_ws/09.ROS/install/my_first_package_msgs/share/my_first_package_msgs/environment/library_path.sh
[6.008s] -- Installing: /home/han/Desktop/Han_ws/09.ROS/install/my_first_package_msgs/share/my_first_package_msgs/environment/library_path.dsv
[6.008s] -- Installing: /home/han/Desktop/Han_ws/09.ROS/install/my_first_package_msgs/lib/libmy_first_package_msgs__rosidl_generator_c.so
[6.008s] -- Set runtime path of "/home/han/Desktop/Han_ws/09.ROS/install/my_first_package_msgs/lib/libmy_first_package_msgs__rosidl_generator_c.so" to ""
[6.008s] -- Up-to-date: /home/han/Desktop/Han_ws/09.ROS/install/my_first_package_msgs/include/my_first_package_msgs/my_first_package_msgs
[6.008s] -- Up-to-date: /home/han/Desktop/Han_ws/09.ROS/install/my_first_package_msgs/include/my_first_package_msgs/my_first_package_msgs/action
[6.008s] -- Up-to-date: /home/han/Desktop/Han_ws/09.ROS/install/my_first_package_msgs/include/my_first_package_msgs/my_first_package_msgs/action/detail
[6.008s] -- Installing: /home/han/Desktop/Han_ws/09.ROS/install/my_first_package_msgs/include/my_first_package_msgs/my_first_package_msgs/action/detail/dist_turtle__rosidl_typesupport_fastrtps_c.h
[6.008s] -- Up-to-date: /home/han/Desktop/Han_ws/09.ROS/install/my_first_package_msgs/include/my_first_package_msgs/my_first_package_msgs/srv
[6.009s] -- Up-to-date: /home/han/Desktop/Han_ws/09.ROS/install/my_first_package_msgs/include/my_first_package_msgs/my_first_package_msgs/srv/detail
[6.009s] -- Installing: /home/han/Desktop/Han_ws/09.ROS/install/my_first_package_msgs/include/my_first_package_msgs/my_first_package_msgs/srv/detail/multi_spawn__rosidl_typesupport_fastrtps_c.h
[6.009s] -- Up-to-date: /home/han/Desktop/Han_ws/09.ROS/install/my_first_package_msgs/include/my_first_package_msgs/my_first_package_msgs/msg
[6.009s] -- Up-to-date: /home/han/Desktop/Han_ws/09.ROS/install/my_first_package_msgs/include/my_first_package_msgs/my_first_package_msgs/msg/detail
[6.009s] -- Installing: /home/han/Desktop/Han_ws/09.ROS/install/my_first_package_msgs/include/my_first_package_msgs/my_first_package_msgs/msg/detail/cmd_and_pose_vel__rosidl_typesupport_fastrtps_c.h
[6.009s] -- Installing: /home/han/Desktop/Han_ws/09.ROS/install/my_first_package_msgs/include/my_first_package_msgs/my_first_package_msgs/msg/rosidl_typesupport_fastrtps_c__visibility_control.h
[6.009s] -- Installing: /home/han/Desktop/Han_ws/09.ROS/install/my_first_package_msgs/lib/libmy_first_package_msgs__rosidl_typesupport_fastrtps_c.so
[6.009s] -- Set runtime path of "/home/han/Desktop/Han_ws/09.ROS/install/my_first_package_msgs/lib/libmy_first_package_msgs__rosidl_typesupport_fastrtps_c.so" to ""
[6.009s] -- Up-to-date: /home/han/Desktop/Han_ws/09.ROS/install/my_first_package_msgs/include/my_first_package_msgs/my_first_package_msgs
[6.009s] -- Up-to-date: /home/han/Desktop/Han_ws/09.ROS/install/my_first_package_msgs/include/my_first_package_msgs/my_first_package_msgs/action
[6.009s] -- Up-to-date: /home/han/Desktop/Han_ws/09.ROS/install/my_first_package_msgs/include/my_first_package_msgs/my_first_package_msgs/action/detail
[6.009s] -- Installing: /home/han/Desktop/Han_ws/09.ROS/install/my_first_package_msgs/include/my_first_package_msgs/my_first_package_msgs/action/detail/dist_turtle__rosidl_typesupport_introspection_c.h
[6.009s] -- Installing: /home/han/Desktop/Han_ws/09.ROS/install/my_first_package_msgs/include/my_first_package_msgs/my_first_package_msgs/action/detail/dist_turtle__type_support.c
[6.009s] -- Up-to-date: /home/han/Desktop/Han_ws/09.ROS/install/my_first_package_msgs/include/my_first_package_msgs/my_first_package_msgs/srv
[6.009s] -- Up-to-date: /home/han/Desktop/Han_ws/09.ROS/install/my_first_package_msgs/include/my_first_package_msgs/my_first_package_msgs/srv/detail
[6.010s] -- Installing: /home/han/Desktop/Han_ws/09.ROS/install/my_first_package_msgs/include/my_first_package_msgs/my_first_package_msgs/srv/detail/multi_spawn__rosidl_typesupport_introspection_c.h
[6.010s] -- Installing: /home/han/Desktop/Han_ws/09.ROS/install/my_first_package_msgs/include/my_first_package_msgs/my_first_package_msgs/srv/detail/multi_spawn__type_support.c
[6.010s] -- Up-to-date: /home/han/Desktop/Han_ws/09.ROS/install/my_first_package_msgs/include/my_first_package_msgs/my_first_package_msgs/msg
[6.010s] -- Installing: /home/han/Desktop/Han_ws/09.ROS/install/my_first_package_msgs/include/my_first_package_msgs/my_first_package_msgs/msg/rosidl_typesupport_introspection_c__visibility_control.h
[6.010s] -- Up-to-date: /home/han/Desktop/Han_ws/09.ROS/install/my_first_package_msgs/include/my_first_package_msgs/my_first_package_msgs/msg/detail
[6.010s] -- Installing: /home/han/Desktop/Han_ws/09.ROS/install/my_first_package_msgs/include/my_first_package_msgs/my_first_package_msgs/msg/detail/cmd_and_pose_vel__rosidl_typesupport_introspection_c.h
[6.010s] -- Installing: /home/han/Desktop/Han_ws/09.ROS/install/my_first_package_msgs/include/my_first_package_msgs/my_first_package_msgs/msg/detail/cmd_and_pose_vel__type_support.c
[6.010s] -- Installing: /home/han/Desktop/Han_ws/09.ROS/install/my_first_package_msgs/lib/libmy_first_package_msgs__rosidl_typesupport_introspection_c.so
[6.010s] -- Set runtime path of "/home/han/Desktop/Han_ws/09.ROS/install/my_first_package_msgs/lib/libmy_first_package_msgs__rosidl_typesupport_introspection_c.so" to ""
[6.010s] -- Installing: /home/han/Desktop/Han_ws/09.ROS/install/my_first_package_msgs/lib/libmy_first_package_msgs__rosidl_typesupport_c.so
[6.010s] -- Set runtime path of "/home/han/Desktop/Han_ws/09.ROS/install/my_first_package_msgs/lib/libmy_first_package_msgs__rosidl_typesupport_c.so" to ""
[6.011s] -- Up-to-date: /home/han/Desktop/Han_ws/09.ROS/install/my_first_package_msgs/include/my_first_package_msgs/my_first_package_msgs
[6.011s] -- Up-to-date: /home/han/Desktop/Han_ws/09.ROS/install/my_first_package_msgs/include/my_first_package_msgs/my_first_package_msgs/action
[6.011s] -- Up-to-date: /home/han/Desktop/Han_ws/09.ROS/install/my_first_package_msgs/include/my_first_package_msgs/my_first_package_msgs/action/detail
[6.011s] -- Installing: /home/han/Desktop/Han_ws/09.ROS/install/my_first_package_msgs/include/my_first_package_msgs/my_first_package_msgs/action/detail/dist_turtle__struct.hpp
[6.011s] -- Installing: /home/han/Desktop/Han_ws/09.ROS/install/my_first_package_msgs/include/my_first_package_msgs/my_first_package_msgs/action/detail/dist_turtle__traits.hpp
[6.011s] -- Installing: /home/han/Desktop/Han_ws/09.ROS/install/my_first_package_msgs/include/my_first_package_msgs/my_first_package_msgs/action/detail/dist_turtle__builder.hpp
[6.011s] -- Installing: /home/han/Desktop/Han_ws/09.ROS/install/my_first_package_msgs/include/my_first_package_msgs/my_first_package_msgs/action/dist_turtle.hpp
[6.011s] -- Up-to-date: /home/han/Desktop/Han_ws/09.ROS/install/my_first_package_msgs/include/my_first_package_msgs/my_first_package_msgs/srv
[6.011s] -- Up-to-date: /home/han/Desktop/Han_ws/09.ROS/install/my_first_package_msgs/include/my_first_package_msgs/my_first_package_msgs/srv/detail
[6.011s] -- Installing: /home/han/Desktop/Han_ws/09.ROS/install/my_first_package_msgs/include/my_first_package_msgs/my_first_package_msgs/srv/detail/multi_spawn__struct.hpp
[6.011s] -- Installing: /home/han/Desktop/Han_ws/09.ROS/install/my_first_package_msgs/include/my_first_package_msgs/my_first_package_msgs/srv/detail/multi_spawn__traits.hpp
[6.011s] -- Installing: /home/han/Desktop/Han_ws/09.ROS/install/my_first_package_msgs/include/my_first_package_msgs/my_first_package_msgs/srv/detail/multi_spawn__builder.hpp
[6.011s] -- Installing: /home/han/Desktop/Han_ws/09.ROS/install/my_first_package_msgs/include/my_first_package_msgs/my_first_package_msgs/srv/multi_spawn.hpp
[6.011s] -- Up-to-date: /home/han/Desktop/Han_ws/09.ROS/install/my_first_package_msgs/include/my_first_package_msgs/my_first_package_msgs/msg
[6.011s] -- Installing: /home/han/Desktop/Han_ws/09.ROS/install/my_first_package_msgs/include/my_first_package_msgs/my_first_package_msgs/msg/cmd_and_pose_vel.hpp
[6.011s] -- Up-to-date: /home/han/Desktop/Han_ws/09.ROS/install/my_first_package_msgs/include/my_first_package_msgs/my_first_package_msgs/msg/detail
[6.012s] -- Installing: /home/han/Desktop/Han_ws/09.ROS/install/my_first_package_msgs/include/my_first_package_msgs/my_first_package_msgs/msg/detail/cmd_and_pose_vel__struct.hpp
[6.012s] -- Installing: /home/han/Desktop/Han_ws/09.ROS/install/my_first_package_msgs/include/my_first_package_msgs/my_first_package_msgs/msg/detail/cmd_and_pose_vel__builder.hpp
[6.012s] -- Installing: /home/han/Desktop/Han_ws/09.ROS/install/my_first_package_msgs/include/my_first_package_msgs/my_first_package_msgs/msg/detail/cmd_and_pose_vel__traits.hpp
[6.012s] -- Up-to-date: /home/han/Desktop/Han_ws/09.ROS/install/my_first_package_msgs/include/my_first_package_msgs/my_first_package_msgs
[6.012s] -- Up-to-date: /home/han/Desktop/Han_ws/09.ROS/install/my_first_package_msgs/include/my_first_package_msgs/my_first_package_msgs/action
[6.012s] -- Up-to-date: /home/han/Desktop/Han_ws/09.ROS/install/my_first_package_msgs/include/my_first_package_msgs/my_first_package_msgs/action/detail
[6.012s] -- Installing: /home/han/Desktop/Han_ws/09.ROS/install/my_first_package_msgs/include/my_first_package_msgs/my_first_package_msgs/action/detail/dist_turtle__rosidl_typesupport_fastrtps_cpp.hpp
[6.012s] -- Installing: /home/han/Desktop/Han_ws/09.ROS/install/my_first_package_msgs/include/my_first_package_msgs/my_first_package_msgs/action/detail/dds_fastrtps
[6.012s] -- Up-to-date: /home/han/Desktop/Han_ws/09.ROS/install/my_first_package_msgs/include/my_first_package_msgs/my_first_package_msgs/srv
[6.012s] -- Up-to-date: /home/han/Desktop/Han_ws/09.ROS/install/my_first_package_msgs/include/my_first_package_msgs/my_first_package_msgs/srv/detail
[6.012s] -- Installing: /home/han/Desktop/Han_ws/09.ROS/install/my_first_package_msgs/include/my_first_package_msgs/my_first_package_msgs/srv/detail/multi_spawn__rosidl_typesupport_fastrtps_cpp.hpp
[6.012s] -- Installing: /home/han/Desktop/Han_ws/09.ROS/install/my_first_package_msgs/include/my_first_package_msgs/my_first_package_msgs/srv/detail/dds_fastrtps
[6.012s] -- Up-to-date: /home/han/Desktop/Han_ws/09.ROS/install/my_first_package_msgs/include/my_first_package_msgs/my_first_package_msgs/msg
[6.012s] -- Installing: /home/han/Desktop/Han_ws/09.ROS/install/my_first_package_msgs/include/my_first_package_msgs/my_first_package_msgs/msg/rosidl_typesupport_fastrtps_cpp__visibility_control.h
[6.012s] -- Up-to-date: /home/han/Desktop/Han_ws/09.ROS/install/my_first_package_msgs/include/my_first_package_msgs/my_first_package_msgs/msg/detail
[6.012s] -- Installing: /home/han/Desktop/Han_ws/09.ROS/install/my_first_package_msgs/include/my_first_package_msgs/my_first_package_msgs/msg/detail/cmd_and_pose_vel__rosidl_typesupport_fastrtps_cpp.hpp
[6.013s] -- Installing: /home/han/Desktop/Han_ws/09.ROS/install/my_first_package_msgs/include/my_first_package_msgs/my_first_package_msgs/msg/detail/dds_fastrtps
[6.013s] -- Installing: /home/han/Desktop/Han_ws/09.ROS/install/my_first_package_msgs/lib/libmy_first_package_msgs__rosidl_typesupport_fastrtps_cpp.so
[6.013s] -- Set runtime path of "/home/han/Desktop/Han_ws/09.ROS/install/my_first_package_msgs/lib/libmy_first_package_msgs__rosidl_typesupport_fastrtps_cpp.so" to ""
[6.013s] -- Up-to-date: /home/han/Desktop/Han_ws/09.ROS/install/my_first_package_msgs/include/my_first_package_msgs/my_first_package_msgs
[6.013s] -- Up-to-date: /home/han/Desktop/Han_ws/09.ROS/install/my_first_package_msgs/include/my_first_package_msgs/my_first_package_msgs/action
[6.013s] -- Up-to-date: /home/han/Desktop/Han_ws/09.ROS/install/my_first_package_msgs/include/my_first_package_msgs/my_first_package_msgs/action/detail
[6.013s] -- Installing: /home/han/Desktop/Han_ws/09.ROS/install/my_first_package_msgs/include/my_first_package_msgs/my_first_package_msgs/action/detail/dist_turtle__type_support.cpp
[6.013s] -- Installing: /home/han/Desktop/Han_ws/09.ROS/install/my_first_package_msgs/include/my_first_package_msgs/my_first_package_msgs/action/detail/dist_turtle__rosidl_typesupport_introspection_cpp.hpp
[6.013s] -- Up-to-date: /home/han/Desktop/Han_ws/09.ROS/install/my_first_package_msgs/include/my_first_package_msgs/my_first_package_msgs/srv
[6.013s] -- Up-to-date: /home/han/Desktop/Han_ws/09.ROS/install/my_first_package_msgs/include/my_first_package_msgs/my_first_package_msgs/srv/detail
[6.013s] -- Installing: /home/han/Desktop/Han_ws/09.ROS/install/my_first_package_msgs/include/my_first_package_msgs/my_first_package_msgs/srv/detail/multi_spawn__rosidl_typesupport_introspection_cpp.hpp
[6.013s] -- Installing: /home/han/Desktop/Han_ws/09.ROS/install/my_first_package_msgs/include/my_first_package_msgs/my_first_package_msgs/srv/detail/multi_spawn__type_support.cpp
[6.013s] -- Up-to-date: /home/han/Desktop/Han_ws/09.ROS/install/my_first_package_msgs/include/my_first_package_msgs/my_first_package_msgs/msg
[6.013s] -- Up-to-date: /home/han/Desktop/Han_ws/09.ROS/install/my_first_package_msgs/include/my_first_package_msgs/my_first_package_msgs/msg/detail
[6.013s] -- Installing: /home/han/Desktop/Han_ws/09.ROS/install/my_first_package_msgs/include/my_first_package_msgs/my_first_package_msgs/msg/detail/cmd_and_pose_vel__rosidl_typesupport_introspection_cpp.hpp
[6.013s] -- Installing: /home/han/Desktop/Han_ws/09.ROS/install/my_first_package_msgs/include/my_first_package_msgs/my_first_package_msgs/msg/detail/cmd_and_pose_vel__type_support.cpp
[6.013s] -- Installing: /home/han/Desktop/Han_ws/09.ROS/install/my_first_package_msgs/lib/libmy_first_package_msgs__rosidl_typesupport_introspection_cpp.so
[6.014s] -- Set runtime path of "/home/han/Desktop/Han_ws/09.ROS/install/my_first_package_msgs/lib/libmy_first_package_msgs__rosidl_typesupport_introspection_cpp.so" to ""
[6.014s] -- Installing: /home/han/Desktop/Han_ws/09.ROS/install/my_first_package_msgs/lib/libmy_first_package_msgs__rosidl_typesupport_cpp.so
[6.014s] -- Set runtime path of "/home/han/Desktop/Han_ws/09.ROS/install/my_first_package_msgs/lib/libmy_first_package_msgs__rosidl_typesupport_cpp.so" to ""
[6.014s] -- Installing: /home/han/Desktop/Han_ws/09.ROS/install/my_first_package_msgs/share/my_first_package_msgs/environment/pythonpath.sh
[6.014s] -- Installing: /home/han/Desktop/Han_ws/09.ROS/install/my_first_package_msgs/share/my_first_package_msgs/environment/pythonpath.dsv
[6.014s] -- Installing: /home/han/Desktop/Han_ws/09.ROS/install/my_first_package_msgs/local/lib/python3.10/dist-packages/my_first_package_msgs-0.0.0-py3.10.egg-info
[6.014s] -- Installing: /home/han/Desktop/Han_ws/09.ROS/install/my_first_package_msgs/local/lib/python3.10/dist-packages/my_first_package_msgs-0.0.0-py3.10.egg-info/dependency_links.txt
[6.014s] -- Installing: /home/han/Desktop/Han_ws/09.ROS/install/my_first_package_msgs/local/lib/python3.10/dist-packages/my_first_package_msgs-0.0.0-py3.10.egg-info/PKG-INFO
[6.015s] -- Installing: /home/han/Desktop/Han_ws/09.ROS/install/my_first_package_msgs/local/lib/python3.10/dist-packages/my_first_package_msgs-0.0.0-py3.10.egg-info/top_level.txt
[6.015s] -- Installing: /home/han/Desktop/Han_ws/09.ROS/install/my_first_package_msgs/local/lib/python3.10/dist-packages/my_first_package_msgs-0.0.0-py3.10.egg-info/SOURCES.txt
[6.015s] -- Installing: /home/han/Desktop/Han_ws/09.ROS/install/my_first_package_msgs/local/lib/python3.10/dist-packages/my_first_package_msgs
[6.015s] -- Installing: /home/han/Desktop/Han_ws/09.ROS/install/my_first_package_msgs/local/lib/python3.10/dist-packages/my_first_package_msgs/__init__.py
[6.015s] -- Installing: /home/han/Desktop/Han_ws/09.ROS/install/my_first_package_msgs/local/lib/python3.10/dist-packages/my_first_package_msgs/action
[6.015s] -- Installing: /home/han/Desktop/Han_ws/09.ROS/install/my_first_package_msgs/local/lib/python3.10/dist-packages/my_first_package_msgs/action/__init__.py
[6.015s] -- Installing: /home/han/Desktop/Han_ws/09.ROS/install/my_first_package_msgs/local/lib/python3.10/dist-packages/my_first_package_msgs/action/_dist_turtle.py
[6.015s] -- Installing: /home/han/Desktop/Han_ws/09.ROS/install/my_first_package_msgs/local/lib/python3.10/dist-packages/my_first_package_msgs/action/_dist_turtle_s.c
[6.015s] -- Installing: /home/han/Desktop/Han_ws/09.ROS/install/my_first_package_msgs/local/lib/python3.10/dist-packages/my_first_package_msgs/_my_first_package_msgs_s.ep.rosidl_typesupport_introspection_c.c
[6.015s] -- Installing: /home/han/Desktop/Han_ws/09.ROS/install/my_first_package_msgs/local/lib/python3.10/dist-packages/my_first_package_msgs/my_first_package_msgs_s__rosidl_typesupport_introspection_c.cpython-310-x86_64-linux-gnu.so
[6.016s] -- Installing: /home/han/Desktop/Han_ws/09.ROS/install/my_first_package_msgs/local/lib/python3.10/dist-packages/my_first_package_msgs/srv
[6.016s] -- Installing: /home/han/Desktop/Han_ws/09.ROS/install/my_first_package_msgs/local/lib/python3.10/dist-packages/my_first_package_msgs/srv/__init__.py
[6.016s] -- Installing: /home/han/Desktop/Han_ws/09.ROS/install/my_first_package_msgs/local/lib/python3.10/dist-packages/my_first_package_msgs/srv/_multi_spawn.py
[6.016s] -- Installing: /home/han/Desktop/Han_ws/09.ROS/install/my_first_package_msgs/local/lib/python3.10/dist-packages/my_first_package_msgs/srv/_multi_spawn_s.c
[6.016s] -- Installing: /home/han/Desktop/Han_ws/09.ROS/install/my_first_package_msgs/local/lib/python3.10/dist-packages/my_first_package_msgs/my_first_package_msgs_s__rosidl_typesupport_fastrtps_c.cpython-310-x86_64-linux-gnu.so
[6.016s] -- Installing: /home/han/Desktop/Han_ws/09.ROS/install/my_first_package_msgs/local/lib/python3.10/dist-packages/my_first_package_msgs/_my_first_package_msgs_s.ep.rosidl_typesupport_c.c
[6.016s] -- Installing: /home/han/Desktop/Han_ws/09.ROS/install/my_first_package_msgs/local/lib/python3.10/dist-packages/my_first_package_msgs/my_first_package_msgs_s__rosidl_typesupport_c.cpython-310-x86_64-linux-gnu.so
[6.016s] -- Installing: /home/han/Desktop/Han_ws/09.ROS/install/my_first_package_msgs/local/lib/python3.10/dist-packages/my_first_package_msgs/_my_first_package_msgs_s.ep.rosidl_typesupport_fastrtps_c.c
[6.016s] -- Installing: /home/han/Desktop/Han_ws/09.ROS/install/my_first_package_msgs/local/lib/python3.10/dist-packages/my_first_package_msgs/libmy_first_package_msgs__rosidl_generator_py.so
[6.016s] -- Installing: /home/han/Desktop/Han_ws/09.ROS/install/my_first_package_msgs/local/lib/python3.10/dist-packages/my_first_package_msgs/msg
[6.016s] -- Installing: /home/han/Desktop/Han_ws/09.ROS/install/my_first_package_msgs/local/lib/python3.10/dist-packages/my_first_package_msgs/msg/__init__.py
[6.016s] -- Installing: /home/han/Desktop/Han_ws/09.ROS/install/my_first_package_msgs/local/lib/python3.10/dist-packages/my_first_package_msgs/msg/_cmd_and_pose_vel_s.c
[6.016s] -- Installing: /home/han/Desktop/Han_ws/09.ROS/install/my_first_package_msgs/local/lib/python3.10/dist-packages/my_first_package_msgs/msg/_cmd_and_pose_vel.py
[6.060s] Listing '/home/han/Desktop/Han_ws/09.ROS/install/my_first_package_msgs/local/lib/python3.10/dist-packages/my_first_package_msgs'...
[6.060s] Compiling '/home/han/Desktop/Han_ws/09.ROS/install/my_first_package_msgs/local/lib/python3.10/dist-packages/my_first_package_msgs/__init__.py'...
[6.060s] Listing '/home/han/Desktop/Han_ws/09.ROS/install/my_first_package_msgs/local/lib/python3.10/dist-packages/my_first_package_msgs/action'...
[6.060s] Compiling '/home/han/Desktop/Han_ws/09.ROS/install/my_first_package_msgs/local/lib/python3.10/dist-packages/my_first_package_msgs/action/__init__.py'...
[6.060s] Compiling '/home/han/Desktop/Han_ws/09.ROS/install/my_first_package_msgs/local/lib/python3.10/dist-packages/my_first_package_msgs/action/_dist_turtle.py'...
[6.060s] Listing '/home/han/Desktop/Han_ws/09.ROS/install/my_first_package_msgs/local/lib/python3.10/dist-packages/my_first_package_msgs/msg'...
[6.060s] Compiling '/home/han/Desktop/Han_ws/09.ROS/install/my_first_package_msgs/local/lib/python3.10/dist-packages/my_first_package_msgs/msg/__init__.py'...
[6.060s] Compiling '/home/han/Desktop/Han_ws/09.ROS/install/my_first_package_msgs/local/lib/python3.10/dist-packages/my_first_package_msgs/msg/_cmd_and_pose_vel.py'...
[6.060s] Listing '/home/han/Desktop/Han_ws/09.ROS/install/my_first_package_msgs/local/lib/python3.10/dist-packages/my_first_package_msgs/srv'...
[6.061s] Compiling '/home/han/Desktop/Han_ws/09.ROS/install/my_first_package_msgs/local/lib/python3.10/dist-packages/my_first_package_msgs/srv/__init__.py'...
[6.061s] Compiling '/home/han/Desktop/Han_ws/09.ROS/install/my_first_package_msgs/local/lib/python3.10/dist-packages/my_first_package_msgs/srv/_multi_spawn.py'...
[6.069s] -- Installing: /home/han/Desktop/Han_ws/09.ROS/install/my_first_package_msgs/local/lib/python3.10/dist-packages/my_first_package_msgs/my_first_package_msgs_s__rosidl_typesupport_fastrtps_c.cpython-310-x86_64-linux-gnu.so
[6.069s] -- Set runtime path of "/home/han/Desktop/Han_ws/09.ROS/install/my_first_package_msgs/local/lib/python3.10/dist-packages/my_first_package_msgs/my_first_package_msgs_s__rosidl_typesupport_fastrtps_c.cpython-310-x86_64-linux-gnu.so" to ""
[6.069s] -- Installing: /home/han/Desktop/Han_ws/09.ROS/install/my_first_package_msgs/local/lib/python3.10/dist-packages/my_first_package_msgs/my_first_package_msgs_s__rosidl_typesupport_introspection_c.cpython-310-x86_64-linux-gnu.so
[6.070s] -- Set runtime path of "/home/han/Desktop/Han_ws/09.ROS/install/my_first_package_msgs/local/lib/python3.10/dist-packages/my_first_package_msgs/my_first_package_msgs_s__rosidl_typesupport_introspection_c.cpython-310-x86_64-linux-gnu.so" to ""
[6.070s] -- Installing: /home/han/Desktop/Han_ws/09.ROS/install/my_first_package_msgs/local/lib/python3.10/dist-packages/my_first_package_msgs/my_first_package_msgs_s__rosidl_typesupport_c.cpython-310-x86_64-linux-gnu.so
[6.070s] -- Set runtime path of "/home/han/Desktop/Han_ws/09.ROS/install/my_first_package_msgs/local/lib/python3.10/dist-packages/my_first_package_msgs/my_first_package_msgs_s__rosidl_typesupport_c.cpython-310-x86_64-linux-gnu.so" to ""
[6.070s] -- Installing: /home/han/Desktop/Han_ws/09.ROS/install/my_first_package_msgs/lib/libmy_first_package_msgs__rosidl_generator_py.so
[6.070s] -- Set runtime path of "/home/han/Desktop/Han_ws/09.ROS/install/my_first_package_msgs/lib/libmy_first_package_msgs__rosidl_generator_py.so" to ""
[6.070s] -- Installing: /home/han/Desktop/Han_ws/09.ROS/install/my_first_package_msgs/share/my_first_package_msgs/msg/CmdAndPoseVel.idl
[6.070s] -- Installing: /home/han/Desktop/Han_ws/09.ROS/install/my_first_package_msgs/share/my_first_package_msgs/srv/MultiSpawn.idl
[6.071s] -- Installing: /home/han/Desktop/Han_ws/09.ROS/install/my_first_package_msgs/share/my_first_package_msgs/action/DistTurtle.idl
[6.071s] -- Installing: /home/han/Desktop/Han_ws/09.ROS/install/my_first_package_msgs/share/my_first_package_msgs/msg/CmdAndPoseVel.msg
[6.071s] -- Installing: /home/han/Desktop/Han_ws/09.ROS/install/my_first_package_msgs/share/my_first_package_msgs/srv/MultiSpawn.srv
[6.071s] -- Installing: /home/han/Desktop/Han_ws/09.ROS/install/my_first_package_msgs/share/my_first_package_msgs/srv/MultiSpawn_Request.msg
[6.071s] -- Installing: /home/han/Desktop/Han_ws/09.ROS/install/my_first_package_msgs/share/my_first_package_msgs/srv/MultiSpawn_Response.msg
[6.071s] -- Installing: /home/han/Desktop/Han_ws/09.ROS/install/my_first_package_msgs/share/my_first_package_msgs/action/DistTurtle.action
[6.071s] -- Installing: /home/han/Desktop/Han_ws/09.ROS/install/my_first_package_msgs/share/ament_index/resource_index/package_run_dependencies/my_first_package_msgs
[6.071s] -- Installing: /home/han/Desktop/Han_ws/09.ROS/install/my_first_package_msgs/share/ament_index/resource_index/parent_prefix_path/my_first_package_msgs
[6.071s] -- Installing: /home/han/Desktop/Han_ws/09.ROS/install/my_first_package_msgs/share/my_first_package_msgs/environment/ament_prefix_path.sh
[6.071s] -- Installing: /home/han/Desktop/Han_ws/09.ROS/install/my_first_package_msgs/share/my_first_package_msgs/environment/ament_prefix_path.dsv
[6.071s] -- Installing: /home/han/Desktop/Han_ws/09.ROS/install/my_first_package_msgs/share/my_first_package_msgs/environment/path.sh
[6.071s] -- Installing: /home/han/Desktop/Han_ws/09.ROS/install/my_first_package_msgs/share/my_first_package_msgs/environment/path.dsv
[6.072s] -- Installing: /home/han/Desktop/Han_ws/09.ROS/install/my_first_package_msgs/share/my_first_package_msgs/local_setup.bash
[6.072s] -- Installing: /home/han/Desktop/Han_ws/09.ROS/install/my_first_package_msgs/share/my_first_package_msgs/local_setup.sh
[6.072s] -- Installing: /home/han/Desktop/Han_ws/09.ROS/install/my_first_package_msgs/share/my_first_package_msgs/local_setup.zsh
[6.072s] -- Installing: /home/han/Desktop/Han_ws/09.ROS/install/my_first_package_msgs/share/my_first_package_msgs/local_setup.dsv
[6.072s] -- Installing: /home/han/Desktop/Han_ws/09.ROS/install/my_first_package_msgs/share/my_first_package_msgs/package.dsv
[6.072s] -- Installing: /home/han/Desktop/Han_ws/09.ROS/install/my_first_package_msgs/share/ament_index/resource_index/packages/my_first_package_msgs
[6.072s] -- Installing: /home/han/Desktop/Han_ws/09.ROS/install/my_first_package_msgs/share/my_first_package_msgs/cmake/export_my_first_package_msgs__rosidl_generator_cExport.cmake
[6.072s] -- Installing: /home/han/Desktop/Han_ws/09.ROS/install/my_first_package_msgs/share/my_first_package_msgs/cmake/export_my_first_package_msgs__rosidl_generator_cExport-noconfig.cmake
[6.072s] -- Installing: /home/han/Desktop/Han_ws/09.ROS/install/my_first_package_msgs/share/my_first_package_msgs/cmake/export_my_first_package_msgs__rosidl_typesupport_fastrtps_cExport.cmake
[6.072s] -- Installing: /home/han/Desktop/Han_ws/09.ROS/install/my_first_package_msgs/share/my_first_package_msgs/cmake/export_my_first_package_msgs__rosidl_typesupport_fastrtps_cExport-noconfig.cmake
[6.073s] -- Installing: /home/han/Desktop/Han_ws/09.ROS/install/my_first_package_msgs/share/my_first_package_msgs/cmake/my_first_package_msgs__rosidl_typesupport_introspection_cExport.cmake
[6.073s] -- Installing: /home/han/Desktop/Han_ws/09.ROS/install/my_first_package_msgs/share/my_first_package_msgs/cmake/my_first_package_msgs__rosidl_typesupport_introspection_cExport-noconfig.cmake
[6.073s] -- Installing: /home/han/Desktop/Han_ws/09.ROS/install/my_first_package_msgs/share/my_first_package_msgs/cmake/my_first_package_msgs__rosidl_typesupport_cExport.cmake
[6.073s] -- Installing: /home/han/Desktop/Han_ws/09.ROS/install/my_first_package_msgs/share/my_first_package_msgs/cmake/my_first_package_msgs__rosidl_typesupport_cExport-noconfig.cmake
[6.073s] -- Installing: /home/han/Desktop/Han_ws/09.ROS/install/my_first_package_msgs/share/my_first_package_msgs/cmake/export_my_first_package_msgs__rosidl_generator_cppExport.cmake
[6.073s] -- Installing: /home/han/Desktop/Han_ws/09.ROS/install/my_first_package_msgs/share/my_first_package_msgs/cmake/export_my_first_package_msgs__rosidl_typesupport_fastrtps_cppExport.cmake
[6.073s] -- Installing: /home/han/Desktop/Han_ws/09.ROS/install/my_first_package_msgs/share/my_first_package_msgs/cmake/export_my_first_package_msgs__rosidl_typesupport_fastrtps_cppExport-noconfig.cmake
[6.073s] -- Installing: /home/han/Desktop/Han_ws/09.ROS/install/my_first_package_msgs/share/my_first_package_msgs/cmake/my_first_package_msgs__rosidl_typesupport_introspection_cppExport.cmake
[6.073s] -- Installing: /home/han/Desktop/Han_ws/09.ROS/install/my_first_package_msgs/share/my_first_package_msgs/cmake/my_first_package_msgs__rosidl_typesupport_introspection_cppExport-noconfig.cmake
[6.073s] -- Installing: /home/han/Desktop/Han_ws/09.ROS/install/my_first_package_msgs/share/my_first_package_msgs/cmake/my_first_package_msgs__rosidl_typesupport_cppExport.cmake
[6.073s] -- Installing: /home/han/Desktop/Han_ws/09.ROS/install/my_first_package_msgs/share/my_first_package_msgs/cmake/my_first_package_msgs__rosidl_typesupport_cppExport-noconfig.cmake
[6.073s] -- Installing: /home/han/Desktop/Han_ws/09.ROS/install/my_first_package_msgs/share/my_first_package_msgs/cmake/export_my_first_package_msgs__rosidl_generator_pyExport.cmake
[6.074s] -- Installing: /home/han/Desktop/Han_ws/09.ROS/install/my_first_package_msgs/share/my_first_package_msgs/cmake/export_my_first_package_msgs__rosidl_generator_pyExport-noconfig.cmake
[6.074s] -- Installing: /home/han/Desktop/Han_ws/09.ROS/install/my_first_package_msgs/share/my_first_package_msgs/cmake/rosidl_cmake-extras.cmake
[6.074s] -- Installing: /home/han/Desktop/Han_ws/09.ROS/install/my_first_package_msgs/share/my_first_package_msgs/cmake/ament_cmake_export_dependencies-extras.cmake
[6.074s] -- Installing: /home/han/Desktop/Han_ws/09.ROS/install/my_first_package_msgs/share/my_first_package_msgs/cmake/ament_cmake_export_include_directories-extras.cmake
[6.075s] -- Installing: /home/han/Desktop/Han_ws/09.ROS/install/my_first_package_msgs/share/my_first_package_msgs/cmake/ament_cmake_export_libraries-extras.cmake
[6.075s] -- Installing: /home/han/Desktop/Han_ws/09.ROS/install/my_first_package_msgs/share/my_first_package_msgs/cmake/ament_cmake_export_targets-extras.cmake
[6.075s] -- Installing: /home/han/Desktop/Han_ws/09.ROS/install/my_first_package_msgs/share/my_first_package_msgs/cmake/rosidl_cmake_export_typesupport_targets-extras.cmake
[6.075s] -- Installing: /home/han/Desktop/Han_ws/09.ROS/install/my_first_package_msgs/share/my_first_package_msgs/cmake/rosidl_cmake_export_typesupport_libraries-extras.cmake
[6.075s] -- Installing: /home/han/Desktop/Han_ws/09.ROS/install/my_first_package_msgs/share/my_first_package_msgs/cmake/my_first_package_msgsConfig.cmake
[6.075s] -- Installing: /home/han/Desktop/Han_ws/09.ROS/install/my_first_package_msgs/share/my_first_package_msgs/cmake/my_first_package_msgsConfig-version.cmake
[6.075s] -- Installing: /home/han/Desktop/Han_ws/09.ROS/install/my_first_package_msgs/share/my_first_package_msgs/package.xml
[6.077s] Invoked command in '/home/han/Desktop/Han_ws/09.ROS/build/my_first_package_msgs' returned '0': CMAKE_PREFIX_PATH=/opt/ros/humble /usr/bin/cmake --install /home/han/Desktop/Han_ws/09.ROS/build/my_first_package_msgs
