[0.315s] Invoking command in '/home/han/Desktop/Han_ws/09.ROS/build/my_first_package_msgs': CMAKE_PREFIX_PATH=/opt/ros/humble /usr/bin/cmake --build /home/han/Desktop/Han_ws/09.ROS/build/my_first_package_msgs -- -j12 -l12
[0.366s] [  6%] Built target my_first_package_msgs__cpp
[0.366s] [ 12%] Built target my_first_package_msgs__rosidl_generator_c
[0.378s] [ 12%] Built target ament_cmake_python_copy_my_first_package_msgs
[0.390s] [ 27%] Built target my_first_package_msgs__rosidl_typesupport_introspection_cpp
[0.391s] [ 42%] Built target my_first_package_msgs__rosidl_typesupport_fastrtps_c
[0.391s] [ 44%] Built target my_first_package_msgs__rosidl_typesupport_c
[0.391s] [ 55%] Built target my_first_package_msgs__rosidl_typesupport_introspection_c
[0.398s] [ 65%] Built target my_first_package_msgs__rosidl_typesupport_fastrtps_cpp
[0.402s] [ 76%] Built target my_first_package_msgs__rosidl_typesupport_cpp
[0.428s] [ 76%] Built target my_first_package_msgs
[0.453s] [ 78%] Built target my_first_package_msgs__py
[0.479s] [ 87%] Built target my_first_package_msgs__rosidl_generator_py
[0.514s] [ 91%] Built target my_first_package_msgs__rosidl_typesupport_c__pyext
[0.515s] [100%] Built target my_first_package_msgs__rosidl_typesupport_introspection_c__pyext
[0.515s] [100%] Built target my_first_package_msgs__rosidl_typesupport_fastrtps_c__pyext
[0.716s] running egg_info
[0.717s] writing my_first_package_msgs.egg-info/PKG-INFO
[0.717s] writing dependency_links to my_first_package_msgs.egg-info/dependency_links.txt
[0.718s] writing top-level names to my_first_package_msgs.egg-info/top_level.txt
[0.720s] reading manifest file 'my_first_package_msgs.egg-info/SOURCES.txt'
[0.720s] writing manifest file 'my_first_package_msgs.egg-info/SOURCES.txt'
[0.770s] [100%] Built target ament_cmake_python_build_my_first_package_msgs_egg
[0.788s] Invoked command in '/home/han/Desktop/Han_ws/09.ROS/build/my_first_package_msgs' returned '0': CMAKE_PREFIX_PATH=/opt/ros/humble /usr/bin/cmake --build /home/han/Desktop/Han_ws/09.ROS/build/my_first_package_msgs -- -j12 -l12
[0.911s] Invoking command in '/home/han/Desktop/Han_ws/09.ROS/build/my_first_package_msgs': CMAKE_PREFIX_PATH=/opt/ros/humble /usr/bin/cmake --install /home/han/Desktop/Han_ws/09.ROS/build/my_first_package_msgs
[0.919s] -- Install configuration: ""
[0.919s] -- Up-to-date: /home/han/Desktop/Han_ws/09.ROS/install/my_first_package_msgs/share/ament_index/resource_index/rosidl_interfaces/my_first_package_msgs
[0.919s] -- Up-to-date: /home/han/Desktop/Han_ws/09.ROS/install/my_first_package_msgs/include/my_first_package_msgs/my_first_package_msgs
[0.919s] -- Up-to-date: /home/han/Desktop/Han_ws/09.ROS/install/my_first_package_msgs/include/my_first_package_msgs/my_first_package_msgs/action
[0.919s] -- Up-to-date: /home/han/Desktop/Han_ws/09.ROS/install/my_first_package_msgs/include/my_first_package_msgs/my_first_package_msgs/action/detail
[0.920s] -- Up-to-date: /home/han/Desktop/Han_ws/09.ROS/install/my_first_package_msgs/include/my_first_package_msgs/my_first_package_msgs/action/detail/dist_turtle__type_support.h
[0.920s] -- Up-to-date: /home/han/Desktop/Han_ws/09.ROS/install/my_first_package_msgs/include/my_first_package_msgs/my_first_package_msgs/action/detail/dist_turtle__functions.c
[0.920s] -- Up-to-date: /home/han/Desktop/Han_ws/09.ROS/install/my_first_package_msgs/include/my_first_package_msgs/my_first_package_msgs/action/detail/dist_turtle__functions.h
[0.920s] -- Up-to-date: /home/han/Desktop/Han_ws/09.ROS/install/my_first_package_msgs/include/my_first_package_msgs/my_first_package_msgs/action/detail/dist_turtle__struct.h
[0.920s] -- Up-to-date: /home/han/Desktop/Han_ws/09.ROS/install/my_first_package_msgs/include/my_first_package_msgs/my_first_package_msgs/action/dist_turtle.h
[0.920s] -- Up-to-date: /home/han/Desktop/Han_ws/09.ROS/install/my_first_package_msgs/include/my_first_package_msgs/my_first_package_msgs/srv
[0.920s] -- Up-to-date: /home/han/Desktop/Han_ws/09.ROS/install/my_first_package_msgs/include/my_first_package_msgs/my_first_package_msgs/srv/detail
[0.921s] -- Up-to-date: /home/han/Desktop/Han_ws/09.ROS/install/my_first_package_msgs/include/my_first_package_msgs/my_first_package_msgs/srv/detail/multi_spawn__struct.h
[0.921s] -- Up-to-date: /home/han/Desktop/Han_ws/09.ROS/install/my_first_package_msgs/include/my_first_package_msgs/my_first_package_msgs/srv/detail/multi_spawn__type_support.h
[0.921s] -- Up-to-date: /home/han/Desktop/Han_ws/09.ROS/install/my_first_package_msgs/include/my_first_package_msgs/my_first_package_msgs/srv/detail/multi_spawn__functions.h
[0.921s] -- Up-to-date: /home/han/Desktop/Han_ws/09.ROS/install/my_first_package_msgs/include/my_first_package_msgs/my_first_package_msgs/srv/detail/multi_spawn__functions.c
[0.921s] -- Up-to-date: /home/han/Desktop/Han_ws/09.ROS/install/my_first_package_msgs/include/my_first_package_msgs/my_first_package_msgs/srv/multi_spawn.h
[0.921s] -- Up-to-date: /home/han/Desktop/Han_ws/09.ROS/install/my_first_package_msgs/include/my_first_package_msgs/my_first_package_msgs/msg
[0.921s] -- Up-to-date: /home/han/Desktop/Han_ws/09.ROS/install/my_first_package_msgs/include/my_first_package_msgs/my_first_package_msgs/msg/rosidl_generator_c__visibility_control.h
[0.921s] -- Up-to-date: /home/han/Desktop/Han_ws/09.ROS/install/my_first_package_msgs/include/my_first_package_msgs/my_first_package_msgs/msg/detail
[0.921s] -- Up-to-date: /home/han/Desktop/Han_ws/09.ROS/install/my_first_package_msgs/include/my_first_package_msgs/my_first_package_msgs/msg/detail/cmd_and_pose_vel__functions.h
[0.922s] -- Up-to-date: /home/han/Desktop/Han_ws/09.ROS/install/my_first_package_msgs/include/my_first_package_msgs/my_first_package_msgs/msg/detail/cmd_and_pose_vel__type_support.h
[0.922s] -- Up-to-date: /home/han/Desktop/Han_ws/09.ROS/install/my_first_package_msgs/include/my_first_package_msgs/my_first_package_msgs/msg/detail/cmd_and_pose_vel__struct.h
[0.922s] -- Up-to-date: /home/han/Desktop/Han_ws/09.ROS/install/my_first_package_msgs/include/my_first_package_msgs/my_first_package_msgs/msg/detail/cmd_and_pose_vel__functions.c
[0.922s] -- Up-to-date: /home/han/Desktop/Han_ws/09.ROS/install/my_first_package_msgs/include/my_first_package_msgs/my_first_package_msgs/msg/cmd_and_pose_vel.h
[0.922s] -- Up-to-date: /home/han/Desktop/Han_ws/09.ROS/install/my_first_package_msgs/share/my_first_package_msgs/environment/library_path.sh
[0.922s] -- Up-to-date: /home/han/Desktop/Han_ws/09.ROS/install/my_first_package_msgs/share/my_first_package_msgs/environment/library_path.dsv
[0.923s] -- Up-to-date: /home/han/Desktop/Han_ws/09.ROS/install/my_first_package_msgs/lib/libmy_first_package_msgs__rosidl_generator_c.so
[0.923s] -- Up-to-date: /home/han/Desktop/Han_ws/09.ROS/install/my_first_package_msgs/include/my_first_package_msgs/my_first_package_msgs
[0.923s] -- Up-to-date: /home/han/Desktop/Han_ws/09.ROS/install/my_first_package_msgs/include/my_first_package_msgs/my_first_package_msgs/action
[0.924s] -- Up-to-date: /home/han/Desktop/Han_ws/09.ROS/install/my_first_package_msgs/include/my_first_package_msgs/my_first_package_msgs/action/detail
[0.924s] -- Up-to-date: /home/han/Desktop/Han_ws/09.ROS/install/my_first_package_msgs/include/my_first_package_msgs/my_first_package_msgs/action/detail/dist_turtle__rosidl_typesupport_fastrtps_c.h
[0.924s] -- Up-to-date: /home/han/Desktop/Han_ws/09.ROS/install/my_first_package_msgs/include/my_first_package_msgs/my_first_package_msgs/srv
[0.924s] -- Up-to-date: /home/han/Desktop/Han_ws/09.ROS/install/my_first_package_msgs/include/my_first_package_msgs/my_first_package_msgs/srv/detail
[0.924s] -- Up-to-date: /home/han/Desktop/Han_ws/09.ROS/install/my_first_package_msgs/include/my_first_package_msgs/my_first_package_msgs/srv/detail/multi_spawn__rosidl_typesupport_fastrtps_c.h
[0.924s] -- Up-to-date: /home/han/Desktop/Han_ws/09.ROS/install/my_first_package_msgs/include/my_first_package_msgs/my_first_package_msgs/msg
[0.924s] -- Up-to-date: /home/han/Desktop/Han_ws/09.ROS/install/my_first_package_msgs/include/my_first_package_msgs/my_first_package_msgs/msg/detail
[0.925s] -- Up-to-date: /home/han/Desktop/Han_ws/09.ROS/install/my_first_package_msgs/include/my_first_package_msgs/my_first_package_msgs/msg/detail/cmd_and_pose_vel__rosidl_typesupport_fastrtps_c.h
[0.925s] -- Up-to-date: /home/han/Desktop/Han_ws/09.ROS/install/my_first_package_msgs/include/my_first_package_msgs/my_first_package_msgs/msg/rosidl_typesupport_fastrtps_c__visibility_control.h
[0.925s] -- Up-to-date: /home/han/Desktop/Han_ws/09.ROS/install/my_first_package_msgs/lib/libmy_first_package_msgs__rosidl_typesupport_fastrtps_c.so
[0.925s] -- Up-to-date: /home/han/Desktop/Han_ws/09.ROS/install/my_first_package_msgs/include/my_first_package_msgs/my_first_package_msgs
[0.925s] -- Up-to-date: /home/han/Desktop/Han_ws/09.ROS/install/my_first_package_msgs/include/my_first_package_msgs/my_first_package_msgs/action
[0.925s] -- Up-to-date: /home/han/Desktop/Han_ws/09.ROS/install/my_first_package_msgs/include/my_first_package_msgs/my_first_package_msgs/action/detail
[0.925s] -- Up-to-date: /home/han/Desktop/Han_ws/09.ROS/install/my_first_package_msgs/include/my_first_package_msgs/my_first_package_msgs/action/detail/dist_turtle__rosidl_typesupport_introspection_c.h
[0.925s] -- Up-to-date: /home/han/Desktop/Han_ws/09.ROS/install/my_first_package_msgs/include/my_first_package_msgs/my_first_package_msgs/action/detail/dist_turtle__type_support.c
[0.926s] -- Up-to-date: /home/han/Desktop/Han_ws/09.ROS/install/my_first_package_msgs/include/my_first_package_msgs/my_first_package_msgs/srv
[0.926s] -- Up-to-date: /home/han/Desktop/Han_ws/09.ROS/install/my_first_package_msgs/include/my_first_package_msgs/my_first_package_msgs/srv/detail
[0.926s] -- Up-to-date: /home/han/Desktop/Han_ws/09.ROS/install/my_first_package_msgs/include/my_first_package_msgs/my_first_package_msgs/srv/detail/multi_spawn__rosidl_typesupport_introspection_c.h
[0.926s] -- Up-to-date: /home/han/Desktop/Han_ws/09.ROS/install/my_first_package_msgs/include/my_first_package_msgs/my_first_package_msgs/srv/detail/multi_spawn__type_support.c
[0.926s] -- Up-to-date: /home/han/Desktop/Han_ws/09.ROS/install/my_first_package_msgs/include/my_first_package_msgs/my_first_package_msgs/msg
[0.926s] -- Up-to-date: /home/han/Desktop/Han_ws/09.ROS/install/my_first_package_msgs/include/my_first_package_msgs/my_first_package_msgs/msg/rosidl_typesupport_introspection_c__visibility_control.h
[0.926s] -- Up-to-date: /home/han/Desktop/Han_ws/09.ROS/install/my_first_package_msgs/include/my_first_package_msgs/my_first_package_msgs/msg/detail
[0.926s] -- Up-to-date: /home/han/Desktop/Han_ws/09.ROS/install/my_first_package_msgs/include/my_first_package_msgs/my_first_package_msgs/msg/detail/cmd_and_pose_vel__rosidl_typesupport_introspection_c.h
[0.926s] -- Up-to-date: /home/han/Desktop/Han_ws/09.ROS/install/my_first_package_msgs/include/my_first_package_msgs/my_first_package_msgs/msg/detail/cmd_and_pose_vel__type_support.c
[0.926s] -- Up-to-date: /home/han/Desktop/Han_ws/09.ROS/install/my_first_package_msgs/lib/libmy_first_package_msgs__rosidl_typesupport_introspection_c.so
[0.926s] -- Up-to-date: /home/han/Desktop/Han_ws/09.ROS/install/my_first_package_msgs/lib/libmy_first_package_msgs__rosidl_typesupport_c.so
[0.927s] -- Up-to-date: /home/han/Desktop/Han_ws/09.ROS/install/my_first_package_msgs/include/my_first_package_msgs/my_first_package_msgs
[0.927s] -- Up-to-date: /home/han/Desktop/Han_ws/09.ROS/install/my_first_package_msgs/include/my_first_package_msgs/my_first_package_msgs/action
[0.927s] -- Up-to-date: /home/han/Desktop/Han_ws/09.ROS/install/my_first_package_msgs/include/my_first_package_msgs/my_first_package_msgs/action/detail
[0.927s] -- Up-to-date: /home/han/Desktop/Han_ws/09.ROS/install/my_first_package_msgs/include/my_first_package_msgs/my_first_package_msgs/action/detail/dist_turtle__struct.hpp
[0.927s] -- Up-to-date: /home/han/Desktop/Han_ws/09.ROS/install/my_first_package_msgs/include/my_first_package_msgs/my_first_package_msgs/action/detail/dist_turtle__traits.hpp
[0.927s] -- Up-to-date: /home/han/Desktop/Han_ws/09.ROS/install/my_first_package_msgs/include/my_first_package_msgs/my_first_package_msgs/action/detail/dist_turtle__builder.hpp
[0.927s] -- Up-to-date: /home/han/Desktop/Han_ws/09.ROS/install/my_first_package_msgs/include/my_first_package_msgs/my_first_package_msgs/action/dist_turtle.hpp
[0.927s] -- Up-to-date: /home/han/Desktop/Han_ws/09.ROS/install/my_first_package_msgs/include/my_first_package_msgs/my_first_package_msgs/srv
[0.927s] -- Up-to-date: /home/han/Desktop/Han_ws/09.ROS/install/my_first_package_msgs/include/my_first_package_msgs/my_first_package_msgs/srv/detail
[0.927s] -- Up-to-date: /home/han/Desktop/Han_ws/09.ROS/install/my_first_package_msgs/include/my_first_package_msgs/my_first_package_msgs/srv/detail/multi_spawn__struct.hpp
[0.927s] -- Up-to-date: /home/han/Desktop/Han_ws/09.ROS/install/my_first_package_msgs/include/my_first_package_msgs/my_first_package_msgs/srv/detail/multi_spawn__traits.hpp
[0.927s] -- Up-to-date: /home/han/Desktop/Han_ws/09.ROS/install/my_first_package_msgs/include/my_first_package_msgs/my_first_package_msgs/srv/detail/multi_spawn__builder.hpp
[0.928s] -- Up-to-date: /home/han/Desktop/Han_ws/09.ROS/install/my_first_package_msgs/include/my_first_package_msgs/my_first_package_msgs/srv/multi_spawn.hpp
[0.928s] -- Up-to-date: /home/han/Desktop/Han_ws/09.ROS/install/my_first_package_msgs/include/my_first_package_msgs/my_first_package_msgs/msg
[0.928s] -- Up-to-date: /home/han/Desktop/Han_ws/09.ROS/install/my_first_package_msgs/include/my_first_package_msgs/my_first_package_msgs/msg/cmd_and_pose_vel.hpp
[0.928s] -- Up-to-date: /home/han/Desktop/Han_ws/09.ROS/install/my_first_package_msgs/include/my_first_package_msgs/my_first_package_msgs/msg/detail
[0.928s] -- Up-to-date: /home/han/Desktop/Han_ws/09.ROS/install/my_first_package_msgs/include/my_first_package_msgs/my_first_package_msgs/msg/detail/cmd_and_pose_vel__struct.hpp
[0.928s] -- Up-to-date: /home/han/Desktop/Han_ws/09.ROS/install/my_first_package_msgs/include/my_first_package_msgs/my_first_package_msgs/msg/detail/cmd_and_pose_vel__builder.hpp
[0.928s] -- Up-to-date: /home/han/Desktop/Han_ws/09.ROS/install/my_first_package_msgs/include/my_first_package_msgs/my_first_package_msgs/msg/detail/cmd_and_pose_vel__traits.hpp
[0.928s] -- Up-to-date: /home/han/Desktop/Han_ws/09.ROS/install/my_first_package_msgs/include/my_first_package_msgs/my_first_package_msgs
[0.928s] -- Up-to-date: /home/han/Desktop/Han_ws/09.ROS/install/my_first_package_msgs/include/my_first_package_msgs/my_first_package_msgs/action
[0.928s] -- Up-to-date: /home/han/Desktop/Han_ws/09.ROS/install/my_first_package_msgs/include/my_first_package_msgs/my_first_package_msgs/action/detail
[0.928s] -- Up-to-date: /home/han/Desktop/Han_ws/09.ROS/install/my_first_package_msgs/include/my_first_package_msgs/my_first_package_msgs/action/detail/dist_turtle__rosidl_typesupport_fastrtps_cpp.hpp
[0.928s] -- Up-to-date: /home/han/Desktop/Han_ws/09.ROS/install/my_first_package_msgs/include/my_first_package_msgs/my_first_package_msgs/action/detail/dds_fastrtps
[0.929s] -- Up-to-date: /home/han/Desktop/Han_ws/09.ROS/install/my_first_package_msgs/include/my_first_package_msgs/my_first_package_msgs/srv
[0.929s] -- Up-to-date: /home/han/Desktop/Han_ws/09.ROS/install/my_first_package_msgs/include/my_first_package_msgs/my_first_package_msgs/srv/detail
[0.929s] -- Up-to-date: /home/han/Desktop/Han_ws/09.ROS/install/my_first_package_msgs/include/my_first_package_msgs/my_first_package_msgs/srv/detail/multi_spawn__rosidl_typesupport_fastrtps_cpp.hpp
[0.929s] -- Up-to-date: /home/han/Desktop/Han_ws/09.ROS/install/my_first_package_msgs/include/my_first_package_msgs/my_first_package_msgs/srv/detail/dds_fastrtps
[0.929s] -- Up-to-date: /home/han/Desktop/Han_ws/09.ROS/install/my_first_package_msgs/include/my_first_package_msgs/my_first_package_msgs/msg
[0.929s] -- Up-to-date: /home/han/Desktop/Han_ws/09.ROS/install/my_first_package_msgs/include/my_first_package_msgs/my_first_package_msgs/msg/rosidl_typesupport_fastrtps_cpp__visibility_control.h
[0.929s] -- Up-to-date: /home/han/Desktop/Han_ws/09.ROS/install/my_first_package_msgs/include/my_first_package_msgs/my_first_package_msgs/msg/detail
[0.929s] -- Up-to-date: /home/han/Desktop/Han_ws/09.ROS/install/my_first_package_msgs/include/my_first_package_msgs/my_first_package_msgs/msg/detail/cmd_and_pose_vel__rosidl_typesupport_fastrtps_cpp.hpp
[0.929s] -- Up-to-date: /home/han/Desktop/Han_ws/09.ROS/install/my_first_package_msgs/include/my_first_package_msgs/my_first_package_msgs/msg/detail/dds_fastrtps
[0.929s] -- Up-to-date: /home/han/Desktop/Han_ws/09.ROS/install/my_first_package_msgs/lib/libmy_first_package_msgs__rosidl_typesupport_fastrtps_cpp.so
[0.929s] -- Up-to-date: /home/han/Desktop/Han_ws/09.ROS/install/my_first_package_msgs/include/my_first_package_msgs/my_first_package_msgs
[0.929s] -- Up-to-date: /home/han/Desktop/Han_ws/09.ROS/install/my_first_package_msgs/include/my_first_package_msgs/my_first_package_msgs/action
[0.929s] -- Up-to-date: /home/han/Desktop/Han_ws/09.ROS/install/my_first_package_msgs/include/my_first_package_msgs/my_first_package_msgs/action/detail
[0.930s] -- Up-to-date: /home/han/Desktop/Han_ws/09.ROS/install/my_first_package_msgs/include/my_first_package_msgs/my_first_package_msgs/action/detail/dist_turtle__type_support.cpp
[0.930s] -- Up-to-date: /home/han/Desktop/Han_ws/09.ROS/install/my_first_package_msgs/include/my_first_package_msgs/my_first_package_msgs/action/detail/dist_turtle__rosidl_typesupport_introspection_cpp.hpp
[0.930s] -- Up-to-date: /home/han/Desktop/Han_ws/09.ROS/install/my_first_package_msgs/include/my_first_package_msgs/my_first_package_msgs/srv
[0.930s] -- Up-to-date: /home/han/Desktop/Han_ws/09.ROS/install/my_first_package_msgs/include/my_first_package_msgs/my_first_package_msgs/srv/detail
[0.930s] -- Up-to-date: /home/han/Desktop/Han_ws/09.ROS/install/my_first_package_msgs/include/my_first_package_msgs/my_first_package_msgs/srv/detail/multi_spawn__rosidl_typesupport_introspection_cpp.hpp
[0.930s] -- Up-to-date: /home/han/Desktop/Han_ws/09.ROS/install/my_first_package_msgs/include/my_first_package_msgs/my_first_package_msgs/srv/detail/multi_spawn__type_support.cpp
[0.930s] -- Up-to-date: /home/han/Desktop/Han_ws/09.ROS/install/my_first_package_msgs/include/my_first_package_msgs/my_first_package_msgs/msg
[0.930s] -- Up-to-date: /home/han/Desktop/Han_ws/09.ROS/install/my_first_package_msgs/include/my_first_package_msgs/my_first_package_msgs/msg/detail
[0.930s] -- Up-to-date: /home/han/Desktop/Han_ws/09.ROS/install/my_first_package_msgs/include/my_first_package_msgs/my_first_package_msgs/msg/detail/cmd_and_pose_vel__rosidl_typesupport_introspection_cpp.hpp
[0.930s] -- Up-to-date: /home/han/Desktop/Han_ws/09.ROS/install/my_first_package_msgs/include/my_first_package_msgs/my_first_package_msgs/msg/detail/cmd_and_pose_vel__type_support.cpp
[0.930s] -- Up-to-date: /home/han/Desktop/Han_ws/09.ROS/install/my_first_package_msgs/lib/libmy_first_package_msgs__rosidl_typesupport_introspection_cpp.so
[0.930s] -- Up-to-date: /home/han/Desktop/Han_ws/09.ROS/install/my_first_package_msgs/lib/libmy_first_package_msgs__rosidl_typesupport_cpp.so
[0.931s] -- Up-to-date: /home/han/Desktop/Han_ws/09.ROS/install/my_first_package_msgs/share/my_first_package_msgs/environment/pythonpath.sh
[0.931s] -- Up-to-date: /home/han/Desktop/Han_ws/09.ROS/install/my_first_package_msgs/share/my_first_package_msgs/environment/pythonpath.dsv
[0.931s] -- Up-to-date: /home/han/Desktop/Han_ws/09.ROS/install/my_first_package_msgs/local/lib/python3.10/dist-packages/my_first_package_msgs-0.0.0-py3.10.egg-info
[0.931s] -- Installing: /home/han/Desktop/Han_ws/09.ROS/install/my_first_package_msgs/local/lib/python3.10/dist-packages/my_first_package_msgs-0.0.0-py3.10.egg-info/dependency_links.txt
[0.931s] -- Installing: /home/han/Desktop/Han_ws/09.ROS/install/my_first_package_msgs/local/lib/python3.10/dist-packages/my_first_package_msgs-0.0.0-py3.10.egg-info/PKG-INFO
[0.931s] -- Installing: /home/han/Desktop/Han_ws/09.ROS/install/my_first_package_msgs/local/lib/python3.10/dist-packages/my_first_package_msgs-0.0.0-py3.10.egg-info/top_level.txt
[0.931s] -- Installing: /home/han/Desktop/Han_ws/09.ROS/install/my_first_package_msgs/local/lib/python3.10/dist-packages/my_first_package_msgs-0.0.0-py3.10.egg-info/SOURCES.txt
[0.931s] -- Up-to-date: /home/han/Desktop/Han_ws/09.ROS/install/my_first_package_msgs/local/lib/python3.10/dist-packages/my_first_package_msgs
[0.931s] -- Up-to-date: /home/han/Desktop/Han_ws/09.ROS/install/my_first_package_msgs/local/lib/python3.10/dist-packages/my_first_package_msgs/__init__.py
[0.931s] -- Up-to-date: /home/han/Desktop/Han_ws/09.ROS/install/my_first_package_msgs/local/lib/python3.10/dist-packages/my_first_package_msgs/action
[0.932s] -- Up-to-date: /home/han/Desktop/Han_ws/09.ROS/install/my_first_package_msgs/local/lib/python3.10/dist-packages/my_first_package_msgs/action/__init__.py
[0.932s] -- Up-to-date: /home/han/Desktop/Han_ws/09.ROS/install/my_first_package_msgs/local/lib/python3.10/dist-packages/my_first_package_msgs/action/_dist_turtle.py
[0.932s] -- Up-to-date: /home/han/Desktop/Han_ws/09.ROS/install/my_first_package_msgs/local/lib/python3.10/dist-packages/my_first_package_msgs/action/_dist_turtle_s.c
[0.932s] -- Up-to-date: /home/han/Desktop/Han_ws/09.ROS/install/my_first_package_msgs/local/lib/python3.10/dist-packages/my_first_package_msgs/_my_first_package_msgs_s.ep.rosidl_typesupport_introspection_c.c
[0.932s] -- Up-to-date: /home/han/Desktop/Han_ws/09.ROS/install/my_first_package_msgs/local/lib/python3.10/dist-packages/my_first_package_msgs/my_first_package_msgs_s__rosidl_typesupport_introspection_c.cpython-310-x86_64-linux-gnu.so
[0.932s] -- Up-to-date: /home/han/Desktop/Han_ws/09.ROS/install/my_first_package_msgs/local/lib/python3.10/dist-packages/my_first_package_msgs/srv
[0.932s] -- Up-to-date: /home/han/Desktop/Han_ws/09.ROS/install/my_first_package_msgs/local/lib/python3.10/dist-packages/my_first_package_msgs/srv/__init__.py
[0.932s] -- Up-to-date: /home/han/Desktop/Han_ws/09.ROS/install/my_first_package_msgs/local/lib/python3.10/dist-packages/my_first_package_msgs/srv/_multi_spawn.py
[0.932s] -- Up-to-date: /home/han/Desktop/Han_ws/09.ROS/install/my_first_package_msgs/local/lib/python3.10/dist-packages/my_first_package_msgs/srv/_multi_spawn_s.c
[0.932s] -- Up-to-date: /home/han/Desktop/Han_ws/09.ROS/install/my_first_package_msgs/local/lib/python3.10/dist-packages/my_first_package_msgs/my_first_package_msgs_s__rosidl_typesupport_fastrtps_c.cpython-310-x86_64-linux-gnu.so
[0.932s] -- Up-to-date: /home/han/Desktop/Han_ws/09.ROS/install/my_first_package_msgs/local/lib/python3.10/dist-packages/my_first_package_msgs/_my_first_package_msgs_s.ep.rosidl_typesupport_c.c
[0.933s] -- Up-to-date: /home/han/Desktop/Han_ws/09.ROS/install/my_first_package_msgs/local/lib/python3.10/dist-packages/my_first_package_msgs/my_first_package_msgs_s__rosidl_typesupport_c.cpython-310-x86_64-linux-gnu.so
[0.933s] -- Up-to-date: /home/han/Desktop/Han_ws/09.ROS/install/my_first_package_msgs/local/lib/python3.10/dist-packages/my_first_package_msgs/_my_first_package_msgs_s.ep.rosidl_typesupport_fastrtps_c.c
[0.933s] -- Up-to-date: /home/han/Desktop/Han_ws/09.ROS/install/my_first_package_msgs/local/lib/python3.10/dist-packages/my_first_package_msgs/libmy_first_package_msgs__rosidl_generator_py.so
[0.933s] -- Up-to-date: /home/han/Desktop/Han_ws/09.ROS/install/my_first_package_msgs/local/lib/python3.10/dist-packages/my_first_package_msgs/msg
[0.933s] -- Up-to-date: /home/han/Desktop/Han_ws/09.ROS/install/my_first_package_msgs/local/lib/python3.10/dist-packages/my_first_package_msgs/msg/__init__.py
[0.933s] -- Up-to-date: /home/han/Desktop/Han_ws/09.ROS/install/my_first_package_msgs/local/lib/python3.10/dist-packages/my_first_package_msgs/msg/_cmd_and_pose_vel_s.c
[0.933s] -- Up-to-date: /home/han/Desktop/Han_ws/09.ROS/install/my_first_package_msgs/local/lib/python3.10/dist-packages/my_first_package_msgs/msg/_cmd_and_pose_vel.py
[0.968s] Listing '/home/han/Desktop/Han_ws/09.ROS/install/my_first_package_msgs/local/lib/python3.10/dist-packages/my_first_package_msgs'...
[0.969s] Listing '/home/han/Desktop/Han_ws/09.ROS/install/my_first_package_msgs/local/lib/python3.10/dist-packages/my_first_package_msgs/action'...
[0.969s] Listing '/home/han/Desktop/Han_ws/09.ROS/install/my_first_package_msgs/local/lib/python3.10/dist-packages/my_first_package_msgs/msg'...
[0.969s] Listing '/home/han/Desktop/Han_ws/09.ROS/install/my_first_package_msgs/local/lib/python3.10/dist-packages/my_first_package_msgs/srv'...
[0.976s] -- Up-to-date: /home/han/Desktop/Han_ws/09.ROS/install/my_first_package_msgs/local/lib/python3.10/dist-packages/my_first_package_msgs/my_first_package_msgs_s__rosidl_typesupport_fastrtps_c.cpython-310-x86_64-linux-gnu.so
[0.977s] -- Up-to-date: /home/han/Desktop/Han_ws/09.ROS/install/my_first_package_msgs/local/lib/python3.10/dist-packages/my_first_package_msgs/my_first_package_msgs_s__rosidl_typesupport_introspection_c.cpython-310-x86_64-linux-gnu.so
[0.977s] -- Up-to-date: /home/han/Desktop/Han_ws/09.ROS/install/my_first_package_msgs/local/lib/python3.10/dist-packages/my_first_package_msgs/my_first_package_msgs_s__rosidl_typesupport_c.cpython-310-x86_64-linux-gnu.so
[0.977s] -- Up-to-date: /home/han/Desktop/Han_ws/09.ROS/install/my_first_package_msgs/lib/libmy_first_package_msgs__rosidl_generator_py.so
[0.977s] -- Up-to-date: /home/han/Desktop/Han_ws/09.ROS/install/my_first_package_msgs/share/my_first_package_msgs/msg/CmdAndPoseVel.idl
[0.977s] -- Up-to-date: /home/han/Desktop/Han_ws/09.ROS/install/my_first_package_msgs/share/my_first_package_msgs/srv/MultiSpawn.idl
[0.977s] -- Up-to-date: /home/han/Desktop/Han_ws/09.ROS/install/my_first_package_msgs/share/my_first_package_msgs/action/DistTurtle.idl
[0.977s] -- Up-to-date: /home/han/Desktop/Han_ws/09.ROS/install/my_first_package_msgs/share/my_first_package_msgs/msg/CmdAndPoseVel.msg
[0.978s] -- Up-to-date: /home/han/Desktop/Han_ws/09.ROS/install/my_first_package_msgs/share/my_first_package_msgs/srv/MultiSpawn.srv
[0.978s] -- Up-to-date: /home/han/Desktop/Han_ws/09.ROS/install/my_first_package_msgs/share/my_first_package_msgs/srv/MultiSpawn_Request.msg
[0.978s] -- Up-to-date: /home/han/Desktop/Han_ws/09.ROS/install/my_first_package_msgs/share/my_first_package_msgs/srv/MultiSpawn_Response.msg
[0.978s] -- Up-to-date: /home/han/Desktop/Han_ws/09.ROS/install/my_first_package_msgs/share/my_first_package_msgs/action/DistTurtle.action
[0.978s] -- Up-to-date: /home/han/Desktop/Han_ws/09.ROS/install/my_first_package_msgs/share/ament_index/resource_index/package_run_dependencies/my_first_package_msgs
[0.978s] -- Up-to-date: /home/han/Desktop/Han_ws/09.ROS/install/my_first_package_msgs/share/ament_index/resource_index/parent_prefix_path/my_first_package_msgs
[0.978s] -- Up-to-date: /home/han/Desktop/Han_ws/09.ROS/install/my_first_package_msgs/share/my_first_package_msgs/environment/ament_prefix_path.sh
[0.978s] -- Up-to-date: /home/han/Desktop/Han_ws/09.ROS/install/my_first_package_msgs/share/my_first_package_msgs/environment/ament_prefix_path.dsv
[0.978s] -- Up-to-date: /home/han/Desktop/Han_ws/09.ROS/install/my_first_package_msgs/share/my_first_package_msgs/environment/path.sh
[0.978s] -- Up-to-date: /home/han/Desktop/Han_ws/09.ROS/install/my_first_package_msgs/share/my_first_package_msgs/environment/path.dsv
[0.979s] -- Up-to-date: /home/han/Desktop/Han_ws/09.ROS/install/my_first_package_msgs/share/my_first_package_msgs/local_setup.bash
[0.979s] -- Up-to-date: /home/han/Desktop/Han_ws/09.ROS/install/my_first_package_msgs/share/my_first_package_msgs/local_setup.sh
[0.979s] -- Up-to-date: /home/han/Desktop/Han_ws/09.ROS/install/my_first_package_msgs/share/my_first_package_msgs/local_setup.zsh
[0.979s] -- Up-to-date: /home/han/Desktop/Han_ws/09.ROS/install/my_first_package_msgs/share/my_first_package_msgs/local_setup.dsv
[0.979s] -- Installing: /home/han/Desktop/Han_ws/09.ROS/install/my_first_package_msgs/share/my_first_package_msgs/package.dsv
[0.979s] -- Up-to-date: /home/han/Desktop/Han_ws/09.ROS/install/my_first_package_msgs/share/ament_index/resource_index/packages/my_first_package_msgs
[0.979s] -- Up-to-date: /home/han/Desktop/Han_ws/09.ROS/install/my_first_package_msgs/share/my_first_package_msgs/cmake/export_my_first_package_msgs__rosidl_generator_cExport.cmake
[0.980s] -- Up-to-date: /home/han/Desktop/Han_ws/09.ROS/install/my_first_package_msgs/share/my_first_package_msgs/cmake/export_my_first_package_msgs__rosidl_generator_cExport-noconfig.cmake
[0.980s] -- Up-to-date: /home/han/Desktop/Han_ws/09.ROS/install/my_first_package_msgs/share/my_first_package_msgs/cmake/export_my_first_package_msgs__rosidl_typesupport_fastrtps_cExport.cmake
[0.980s] -- Up-to-date: /home/han/Desktop/Han_ws/09.ROS/install/my_first_package_msgs/share/my_first_package_msgs/cmake/export_my_first_package_msgs__rosidl_typesupport_fastrtps_cExport-noconfig.cmake
[0.980s] -- Up-to-date: /home/han/Desktop/Han_ws/09.ROS/install/my_first_package_msgs/share/my_first_package_msgs/cmake/my_first_package_msgs__rosidl_typesupport_introspection_cExport.cmake
[0.980s] -- Up-to-date: /home/han/Desktop/Han_ws/09.ROS/install/my_first_package_msgs/share/my_first_package_msgs/cmake/my_first_package_msgs__rosidl_typesupport_introspection_cExport-noconfig.cmake
[0.980s] -- Up-to-date: /home/han/Desktop/Han_ws/09.ROS/install/my_first_package_msgs/share/my_first_package_msgs/cmake/my_first_package_msgs__rosidl_typesupport_cExport.cmake
[0.980s] -- Up-to-date: /home/han/Desktop/Han_ws/09.ROS/install/my_first_package_msgs/share/my_first_package_msgs/cmake/my_first_package_msgs__rosidl_typesupport_cExport-noconfig.cmake
[0.980s] -- Up-to-date: /home/han/Desktop/Han_ws/09.ROS/install/my_first_package_msgs/share/my_first_package_msgs/cmake/export_my_first_package_msgs__rosidl_generator_cppExport.cmake
[0.980s] -- Up-to-date: /home/han/Desktop/Han_ws/09.ROS/install/my_first_package_msgs/share/my_first_package_msgs/cmake/export_my_first_package_msgs__rosidl_typesupport_fastrtps_cppExport.cmake
[0.980s] -- Up-to-date: /home/han/Desktop/Han_ws/09.ROS/install/my_first_package_msgs/share/my_first_package_msgs/cmake/export_my_first_package_msgs__rosidl_typesupport_fastrtps_cppExport-noconfig.cmake
[0.981s] -- Up-to-date: /home/han/Desktop/Han_ws/09.ROS/install/my_first_package_msgs/share/my_first_package_msgs/cmake/my_first_package_msgs__rosidl_typesupport_introspection_cppExport.cmake
[0.981s] -- Up-to-date: /home/han/Desktop/Han_ws/09.ROS/install/my_first_package_msgs/share/my_first_package_msgs/cmake/my_first_package_msgs__rosidl_typesupport_introspection_cppExport-noconfig.cmake
[0.981s] -- Up-to-date: /home/han/Desktop/Han_ws/09.ROS/install/my_first_package_msgs/share/my_first_package_msgs/cmake/my_first_package_msgs__rosidl_typesupport_cppExport.cmake
[0.981s] -- Up-to-date: /home/han/Desktop/Han_ws/09.ROS/install/my_first_package_msgs/share/my_first_package_msgs/cmake/my_first_package_msgs__rosidl_typesupport_cppExport-noconfig.cmake
[0.981s] -- Up-to-date: /home/han/Desktop/Han_ws/09.ROS/install/my_first_package_msgs/share/my_first_package_msgs/cmake/export_my_first_package_msgs__rosidl_generator_pyExport.cmake
[0.981s] -- Up-to-date: /home/han/Desktop/Han_ws/09.ROS/install/my_first_package_msgs/share/my_first_package_msgs/cmake/export_my_first_package_msgs__rosidl_generator_pyExport-noconfig.cmake
[0.981s] -- Up-to-date: /home/han/Desktop/Han_ws/09.ROS/install/my_first_package_msgs/share/my_first_package_msgs/cmake/rosidl_cmake-extras.cmake
[0.981s] -- Up-to-date: /home/han/Desktop/Han_ws/09.ROS/install/my_first_package_msgs/share/my_first_package_msgs/cmake/ament_cmake_export_dependencies-extras.cmake
[0.981s] -- Up-to-date: /home/han/Desktop/Han_ws/09.ROS/install/my_first_package_msgs/share/my_first_package_msgs/cmake/ament_cmake_export_include_directories-extras.cmake
[0.981s] -- Up-to-date: /home/han/Desktop/Han_ws/09.ROS/install/my_first_package_msgs/share/my_first_package_msgs/cmake/ament_cmake_export_libraries-extras.cmake
[0.981s] -- Up-to-date: /home/han/Desktop/Han_ws/09.ROS/install/my_first_package_msgs/share/my_first_package_msgs/cmake/ament_cmake_export_targets-extras.cmake
[0.982s] -- Up-to-date: /home/han/Desktop/Han_ws/09.ROS/install/my_first_package_msgs/share/my_first_package_msgs/cmake/rosidl_cmake_export_typesupport_targets-extras.cmake
[0.982s] -- Up-to-date: /home/han/Desktop/Han_ws/09.ROS/install/my_first_package_msgs/share/my_first_package_msgs/cmake/rosidl_cmake_export_typesupport_libraries-extras.cmake
[0.982s] -- Up-to-date: /home/han/Desktop/Han_ws/09.ROS/install/my_first_package_msgs/share/my_first_package_msgs/cmake/my_first_package_msgsConfig.cmake
[0.982s] -- Up-to-date: /home/han/Desktop/Han_ws/09.ROS/install/my_first_package_msgs/share/my_first_package_msgs/cmake/my_first_package_msgsConfig-version.cmake
[0.982s] -- Up-to-date: /home/han/Desktop/Han_ws/09.ROS/install/my_first_package_msgs/share/my_first_package_msgs/package.xml
[0.984s] Invoked command in '/home/han/Desktop/Han_ws/09.ROS/build/my_first_package_msgs' returned '0': CMAKE_PREFIX_PATH=/opt/ros/humble /usr/bin/cmake --install /home/han/Desktop/Han_ws/09.ROS/build/my_first_package_msgs
