[0.012s] Invoking command in '/home/han/Desktop/Han_ws/09.ROS/my_mobile/build/my_robot_description': CMAKE_PREFIX_PATH=/opt/ros/humble /usr/bin/cmake /home/han/Desktop/Han_ws/09.ROS/my_mobile/src/my_robot_description -DCMAKE_INSTALL_PREFIX=/home/han/Desktop/Han_ws/09.ROS/my_mobile/install/my_robot_description
[0.057s] -- The C compiler identification is GNU 11.4.0
[0.097s] -- The CXX compiler identification is GNU 11.4.0
[0.102s] -- Detecting C compiler ABI info
[0.153s] -- Detecting C compiler ABI info - done
[0.159s] -- Check for working C compiler: /usr/bin/cc - skipped
[0.160s] -- Detecting C compile features
[0.160s] -- Detecting C compile features - done
[0.162s] -- Detecting CXX compiler ABI info
[0.220s] -- Detecting CXX compiler ABI info - done
[0.226s] -- Check for working CXX compiler: /usr/bin/c++ - skipped
[0.226s] -- Detecting CXX compile features
[0.227s] -- Detecting CXX compile features - done
[0.229s] -- Found ament_cmake: 1.3.9 (/opt/ros/humble/share/ament_cmake/cmake)
[0.345s] -- Found Python3: /usr/bin/python3 (found version "3.10.12") found components: Interpreter 
[0.420s] -- Found ament_lint_auto: 0.12.11 (/opt/ros/humble/share/ament_lint_auto/cmake)
[0.485s] -- Added test 'lint_cmake' to check CMake code style
[0.488s] -- Added test 'xmllint' to check XML markup files
[0.489s] -- Configuring done
[0.492s] -- Generating done
[0.493s] -- Build files have been written to: /home/han/Desktop/Han_ws/09.ROS/my_mobile/build/my_robot_description
[0.497s] Invoked command in '/home/han/Desktop/Han_ws/09.ROS/my_mobile/build/my_robot_description' returned '0': CMAKE_PREFIX_PATH=/opt/ros/humble /usr/bin/cmake /home/han/Desktop/Han_ws/09.ROS/my_mobile/src/my_robot_description -DCMAKE_INSTALL_PREFIX=/home/han/Desktop/Han_ws/09.ROS/my_mobile/install/my_robot_description
[0.498s] Invoking command in '/home/han/Desktop/Han_ws/09.ROS/my_mobile/build/my_robot_description': CMAKE_PREFIX_PATH=/opt/ros/humble /usr/bin/cmake --build /home/han/Desktop/Han_ws/09.ROS/my_mobile/build/my_robot_description -- -j12 -l12
[0.530s] Invoked command in '/home/han/Desktop/Han_ws/09.ROS/my_mobile/build/my_robot_description' returned '0': CMAKE_PREFIX_PATH=/opt/ros/humble /usr/bin/cmake --build /home/han/Desktop/Han_ws/09.ROS/my_mobile/build/my_robot_description -- -j12 -l12
[0.549s] Invoking command in '/home/han/Desktop/Han_ws/09.ROS/my_mobile/build/my_robot_description': CMAKE_PREFIX_PATH=/opt/ros/humble /usr/bin/cmake --install /home/han/Desktop/Han_ws/09.ROS/my_mobile/build/my_robot_description
[0.555s] -- Install configuration: ""
[0.555s] -- Installing: /home/han/Desktop/Han_ws/09.ROS/my_mobile/install/my_robot_description/share/my_robot_description/rviz
[0.555s] -- Installing: /home/han/Desktop/Han_ws/09.ROS/my_mobile/install/my_robot_description/share/my_robot_description/rviz/urdf_config.rviz
[0.555s] -- Installing: /home/han/Desktop/Han_ws/09.ROS/my_mobile/install/my_robot_description/share/my_robot_description/urdf
[0.555s] -- Installing: /home/han/Desktop/Han_ws/09.ROS/my_mobile/install/my_robot_description/share/my_robot_description/urdf/gazebo_control.xacro
[0.556s] -- Installing: /home/han/Desktop/Han_ws/09.ROS/my_mobile/install/my_robot_description/share/my_robot_description/urdf/robot_core.xacro
[0.556s] -- Installing: /home/han/Desktop/Han_ws/09.ROS/my_mobile/install/my_robot_description/share/my_robot_description/urdf/camera.xacro
[0.556s] -- Installing: /home/han/Desktop/Han_ws/09.ROS/my_mobile/install/my_robot_description/share/my_robot_description/urdf/ros2_control.xacro
[0.556s] -- Installing: /home/han/Desktop/Han_ws/09.ROS/my_mobile/install/my_robot_description/share/my_robot_description/urdf/lidar.xacro
[0.556s] -- Installing: /home/han/Desktop/Han_ws/09.ROS/my_mobile/install/my_robot_description/share/my_robot_description/urdf/robot.urdf.xacro
[0.556s] -- Installing: /home/han/Desktop/Han_ws/09.ROS/my_mobile/install/my_robot_description/share/my_robot_description/urdf/robot_gazebo.xacro
[0.556s] -- Installing: /home/han/Desktop/Han_ws/09.ROS/my_mobile/install/my_robot_description/share/my_robot_description/launch
[0.556s] -- Installing: /home/han/Desktop/Han_ws/09.ROS/my_mobile/install/my_robot_description/share/my_robot_description/launch/display.launch.xml
[0.556s] -- Installing: /home/han/Desktop/Han_ws/09.ROS/my_mobile/install/my_robot_description/share/my_robot_description/launch/upload.launch.xml
[0.557s] -- Installing: /home/han/Desktop/Han_ws/09.ROS/my_mobile/install/my_robot_description/share/my_robot_description/meshes
[0.557s] -- Installing: /home/han/Desktop/Han_ws/09.ROS/my_mobile/install/my_robot_description/share/my_robot_description/meshes/collision
[0.557s] -- Installing: /home/han/Desktop/Han_ws/09.ROS/my_mobile/install/my_robot_description/share/my_robot_description/meshes/collision/base_link.stl
[0.557s] -- Installing: /home/han/Desktop/Han_ws/09.ROS/my_mobile/install/my_robot_description/share/my_robot_description/meshes/collision/front_camera.stl
[0.557s] -- Installing: /home/han/Desktop/Han_ws/09.ROS/my_mobile/install/my_robot_description/share/my_robot_description/meshes/collision/ul_sensor.stl
[0.557s] -- Installing: /home/han/Desktop/Han_ws/09.ROS/my_mobile/install/my_robot_description/share/my_robot_description/meshes/collision/wheel.stl
[0.557s] -- Installing: /home/han/Desktop/Han_ws/09.ROS/my_mobile/install/my_robot_description/share/my_robot_description/meshes/collision/ydlidar_x2_assy.stl
[0.557s] -- Installing: /home/han/Desktop/Han_ws/09.ROS/my_mobile/install/my_robot_description/share/my_robot_description/meshes/visual
[0.557s] -- Installing: /home/han/Desktop/Han_ws/09.ROS/my_mobile/install/my_robot_description/share/my_robot_description/meshes/visual/wheel.png
[0.557s] -- Installing: /home/han/Desktop/Han_ws/09.ROS/my_mobile/install/my_robot_description/share/my_robot_description/meshes/visual/base_link.dae
[0.559s] -- Installing: /home/han/Desktop/Han_ws/09.ROS/my_mobile/install/my_robot_description/share/my_robot_description/meshes/visual/wheel.dae
[0.559s] -- Installing: /home/han/Desktop/Han_ws/09.ROS/my_mobile/install/my_robot_description/share/my_robot_description/meshes/visual/ul_sensor.dae
[0.559s] -- Installing: /home/han/Desktop/Han_ws/09.ROS/my_mobile/install/my_robot_description/share/my_robot_description/meshes/visual/ydlidar_x2.png
[0.559s] -- Installing: /home/han/Desktop/Han_ws/09.ROS/my_mobile/install/my_robot_description/share/my_robot_description/meshes/visual/ydlidar_x2_assy.dae
[0.566s] -- Installing: /home/han/Desktop/Han_ws/09.ROS/my_mobile/install/my_robot_description/share/my_robot_description/meshes/visual/front_camera.dae
[0.567s] -- Installing: /home/han/Desktop/Han_ws/09.ROS/my_mobile/install/my_robot_description/share/my_robot_description/meshes/visual/front_camera.png
[0.567s] -- Installing: /home/han/Desktop/Han_ws/09.ROS/my_mobile/install/my_robot_description/share/ament_index/resource_index/package_run_dependencies/my_robot_description
[0.567s] -- Installing: /home/han/Desktop/Han_ws/09.ROS/my_mobile/install/my_robot_description/share/ament_index/resource_index/parent_prefix_path/my_robot_description
[0.567s] -- Installing: /home/han/Desktop/Han_ws/09.ROS/my_mobile/install/my_robot_description/share/my_robot_description/environment/ament_prefix_path.sh
[0.568s] -- Installing: /home/han/Desktop/Han_ws/09.ROS/my_mobile/install/my_robot_description/share/my_robot_description/environment/ament_prefix_path.dsv
[0.568s] -- Installing: /home/han/Desktop/Han_ws/09.ROS/my_mobile/install/my_robot_description/share/my_robot_description/environment/path.sh
[0.568s] -- Installing: /home/han/Desktop/Han_ws/09.ROS/my_mobile/install/my_robot_description/share/my_robot_description/environment/path.dsv
[0.568s] -- Installing: /home/han/Desktop/Han_ws/09.ROS/my_mobile/install/my_robot_description/share/my_robot_description/local_setup.bash
[0.568s] -- Installing: /home/han/Desktop/Han_ws/09.ROS/my_mobile/install/my_robot_description/share/my_robot_description/local_setup.sh
[0.568s] -- Installing: /home/han/Desktop/Han_ws/09.ROS/my_mobile/install/my_robot_description/share/my_robot_description/local_setup.zsh
[0.568s] -- Installing: /home/han/Desktop/Han_ws/09.ROS/my_mobile/install/my_robot_description/share/my_robot_description/local_setup.dsv
[0.568s] -- Installing: /home/han/Desktop/Han_ws/09.ROS/my_mobile/install/my_robot_description/share/my_robot_description/package.dsv
[0.568s] -- Installing: /home/han/Desktop/Han_ws/09.ROS/my_mobile/install/my_robot_description/share/ament_index/resource_index/packages/my_robot_description
[0.568s] -- Installing: /home/han/Desktop/Han_ws/09.ROS/my_mobile/install/my_robot_description/share/my_robot_description/cmake/my_robot_descriptionConfig.cmake
[0.568s] -- Installing: /home/han/Desktop/Han_ws/09.ROS/my_mobile/install/my_robot_description/share/my_robot_description/cmake/my_robot_descriptionConfig-version.cmake
[0.568s] -- Installing: /home/han/Desktop/Han_ws/09.ROS/my_mobile/install/my_robot_description/share/my_robot_description/package.xml
[0.571s] Invoked command in '/home/han/Desktop/Han_ws/09.ROS/my_mobile/build/my_robot_description' returned '0': CMAKE_PREFIX_PATH=/opt/ros/humble /usr/bin/cmake --install /home/han/Desktop/Han_ws/09.ROS/my_mobile/build/my_robot_description
