[0.083s] DEBUG:colcon:Command line arguments: ['/usr/bin/colcon', 'build']
[0.083s] DEBUG:colcon:Parsed command line arguments: Namespace(log_base=None, log_level=None, verb_name='build', build_base='build', install_base='install', merge_install=False, symlink_install=False, test_result_base=None, continue_on_error=False, executor='parallel', parallel_workers=12, event_handlers=None, ignore_user_meta=False, metas=['./colcon.meta'], base_paths=['.'], packages_ignore=None, packages_ignore_regex=None, paths=None, packages_up_to=None, packages_up_to_regex=None, packages_above=None, packages_above_and_dependencies=None, packages_above_depth=None, packages_select_by_dep=None, packages_skip_by_dep=None, packages_skip_up_to=None, packages_select_build_failed=False, packages_skip_build_finished=False, packages_select_test_failures=False, packages_skip_test_passed=False, packages_select=None, packages_skip=None, packages_select_regex=None, packages_skip_regex=None, packages_start=None, packages_end=None, allow_overriding=[], cmake_args=None, cmake_target=None, cmake_target_skip_unavailable=False, cmake_clean_cache=False, cmake_clean_first=False, cmake_force_configure=False, ament_cmake_args=None, catkin_cmake_args=None, catkin_skip_building_tests=False, mixin_files=None, mixin=None, verb_parser=<colcon_mixin.mixin.mixin_argument.MixinArgumentDecorator object at 0x746bf6a38490>, verb_extension=<colcon_core.verb.build.BuildVerb object at 0x746bf6b48b80>, main=<bound method BuildVerb.main of <colcon_core.verb.build.BuildVerb object at 0x746bf6b48b80>>, mixin_verb=('build',))
[0.223s] Level 1:colcon.colcon_core.package_discovery:discover_packages(colcon_meta) check parameters
[0.223s] Level 1:colcon.colcon_core.package_discovery:discover_packages(recursive) check parameters
[0.223s] Level 1:colcon.colcon_core.package_discovery:discover_packages(ignore) check parameters
[0.223s] Level 1:colcon.colcon_core.package_discovery:discover_packages(path) check parameters
[0.223s] Level 1:colcon.colcon_core.package_discovery:discover_packages(colcon_meta) discover
[0.224s] Level 1:colcon.colcon_core.package_discovery:discover_packages(recursive) discover
[0.224s] INFO:colcon.colcon_core.package_discovery:Crawling recursively for packages in '/home/han/Desktop/Han_ws/09.ROS/my_mobile'
[0.224s] Level 1:colcon.colcon_core.package_identification:_identify(.) by extensions ['ignore', 'ignore_ament_install']
[0.224s] Level 1:colcon.colcon_core.package_identification:_identify(.) by extension 'ignore'
[0.224s] Level 1:colcon.colcon_core.package_identification:_identify(.) by extension 'ignore_ament_install'
[0.224s] Level 1:colcon.colcon_core.package_identification:_identify(.) by extensions ['colcon_pkg']
[0.224s] Level 1:colcon.colcon_core.package_identification:_identify(.) by extension 'colcon_pkg'
[0.224s] Level 1:colcon.colcon_core.package_identification:_identify(.) by extensions ['colcon_meta']
[0.224s] Level 1:colcon.colcon_core.package_identification:_identify(.) by extension 'colcon_meta'
[0.224s] Level 1:colcon.colcon_core.package_identification:_identify(.) by extensions ['ros']
[0.224s] Level 1:colcon.colcon_core.package_identification:_identify(.) by extension 'ros'
[0.232s] Level 1:colcon.colcon_core.package_identification:_identify(.) by extensions ['cmake', 'python']
[0.232s] Level 1:colcon.colcon_core.package_identification:_identify(.) by extension 'cmake'
[0.232s] Level 1:colcon.colcon_core.package_identification:_identify(.) by extension 'python'
[0.232s] Level 1:colcon.colcon_core.package_identification:_identify(.) by extensions ['python_setup_py']
[0.232s] Level 1:colcon.colcon_core.package_identification:_identify(.) by extension 'python_setup_py'
[0.232s] Level 1:colcon.colcon_core.package_identification:_identify(build) by extensions ['ignore', 'ignore_ament_install']
[0.232s] Level 1:colcon.colcon_core.package_identification:_identify(build) by extension 'ignore'
[0.232s] Level 1:colcon.colcon_core.package_identification:_identify(build) ignored
[0.233s] Level 1:colcon.colcon_core.package_identification:_identify(install) by extensions ['ignore', 'ignore_ament_install']
[0.233s] Level 1:colcon.colcon_core.package_identification:_identify(install) by extension 'ignore'
[0.233s] Level 1:colcon.colcon_core.package_identification:_identify(install) ignored
[0.233s] Level 1:colcon.colcon_core.package_identification:_identify(log) by extensions ['ignore', 'ignore_ament_install']
[0.233s] Level 1:colcon.colcon_core.package_identification:_identify(log) by extension 'ignore'
[0.233s] Level 1:colcon.colcon_core.package_identification:_identify(log) ignored
[0.233s] Level 1:colcon.colcon_core.package_identification:_identify(src) by extensions ['ignore', 'ignore_ament_install']
[0.233s] Level 1:colcon.colcon_core.package_identification:_identify(src) by extension 'ignore'
[0.233s] Level 1:colcon.colcon_core.package_identification:_identify(src) by extension 'ignore_ament_install'
[0.233s] Level 1:colcon.colcon_core.package_identification:_identify(src) by extensions ['colcon_pkg']
[0.233s] Level 1:colcon.colcon_core.package_identification:_identify(src) by extension 'colcon_pkg'
[0.233s] Level 1:colcon.colcon_core.package_identification:_identify(src) by extensions ['colcon_meta']
[0.233s] Level 1:colcon.colcon_core.package_identification:_identify(src) by extension 'colcon_meta'
[0.233s] Level 1:colcon.colcon_core.package_identification:_identify(src) by extensions ['ros']
[0.233s] Level 1:colcon.colcon_core.package_identification:_identify(src) by extension 'ros'
[0.233s] Level 1:colcon.colcon_core.package_identification:_identify(src) by extensions ['cmake', 'python']
[0.233s] Level 1:colcon.colcon_core.package_identification:_identify(src) by extension 'cmake'
[0.233s] Level 1:colcon.colcon_core.package_identification:_identify(src) by extension 'python'
[0.233s] Level 1:colcon.colcon_core.package_identification:_identify(src) by extensions ['python_setup_py']
[0.233s] Level 1:colcon.colcon_core.package_identification:_identify(src) by extension 'python_setup_py'
[0.233s] Level 1:colcon.colcon_core.package_identification:_identify(src/my_robot_description) by extensions ['ignore', 'ignore_ament_install']
[0.233s] Level 1:colcon.colcon_core.package_identification:_identify(src/my_robot_description) by extension 'ignore'
[0.233s] Level 1:colcon.colcon_core.package_identification:_identify(src/my_robot_description) by extension 'ignore_ament_install'
[0.234s] Level 1:colcon.colcon_core.package_identification:_identify(src/my_robot_description) by extensions ['colcon_pkg']
[0.234s] Level 1:colcon.colcon_core.package_identification:_identify(src/my_robot_description) by extension 'colcon_pkg'
[0.234s] Level 1:colcon.colcon_core.package_identification:_identify(src/my_robot_description) by extensions ['colcon_meta']
[0.234s] Level 1:colcon.colcon_core.package_identification:_identify(src/my_robot_description) by extension 'colcon_meta'
[0.234s] Level 1:colcon.colcon_core.package_identification:_identify(src/my_robot_description) by extensions ['ros']
[0.234s] Level 1:colcon.colcon_core.package_identification:_identify(src/my_robot_description) by extension 'ros'
[0.235s] DEBUG:colcon.colcon_core.package_identification:Package 'src/my_robot_description' with type 'ros.ament_cmake' and name 'my_robot_description'
[0.235s] Level 1:colcon.colcon_core.package_identification:_identify(src/my_robot_gazebo) by extensions ['ignore', 'ignore_ament_install']
[0.235s] Level 1:colcon.colcon_core.package_identification:_identify(src/my_robot_gazebo) by extension 'ignore'
[0.235s] Level 1:colcon.colcon_core.package_identification:_identify(src/my_robot_gazebo) by extension 'ignore_ament_install'
[0.235s] Level 1:colcon.colcon_core.package_identification:_identify(src/my_robot_gazebo) by extensions ['colcon_pkg']
[0.235s] Level 1:colcon.colcon_core.package_identification:_identify(src/my_robot_gazebo) by extension 'colcon_pkg'
[0.235s] Level 1:colcon.colcon_core.package_identification:_identify(src/my_robot_gazebo) by extensions ['colcon_meta']
[0.236s] Level 1:colcon.colcon_core.package_identification:_identify(src/my_robot_gazebo) by extension 'colcon_meta'
[0.236s] Level 1:colcon.colcon_core.package_identification:_identify(src/my_robot_gazebo) by extensions ['ros']
[0.236s] Level 1:colcon.colcon_core.package_identification:_identify(src/my_robot_gazebo) by extension 'ros'
[0.236s] DEBUG:colcon.colcon_core.package_identification:Package 'src/my_robot_gazebo' with type 'ros.ament_cmake' and name 'my_robot_gazebo'
[0.236s] Level 1:colcon.colcon_core.package_identification:_identify(src/my_robot_navigation) by extensions ['ignore', 'ignore_ament_install']
[0.236s] Level 1:colcon.colcon_core.package_identification:_identify(src/my_robot_navigation) by extension 'ignore'
[0.236s] Level 1:colcon.colcon_core.package_identification:_identify(src/my_robot_navigation) by extension 'ignore_ament_install'
[0.236s] Level 1:colcon.colcon_core.package_identification:_identify(src/my_robot_navigation) by extensions ['colcon_pkg']
[0.236s] Level 1:colcon.colcon_core.package_identification:_identify(src/my_robot_navigation) by extension 'colcon_pkg'
[0.236s] Level 1:colcon.colcon_core.package_identification:_identify(src/my_robot_navigation) by extensions ['colcon_meta']
[0.236s] Level 1:colcon.colcon_core.package_identification:_identify(src/my_robot_navigation) by extension 'colcon_meta'
[0.236s] Level 1:colcon.colcon_core.package_identification:_identify(src/my_robot_navigation) by extensions ['ros']
[0.236s] Level 1:colcon.colcon_core.package_identification:_identify(src/my_robot_navigation) by extension 'ros'
[0.237s] DEBUG:colcon.colcon_core.package_identification:Package 'src/my_robot_navigation' with type 'ros.ament_cmake' and name 'my_robot_navigation'
[0.237s] Level 1:colcon.colcon_core.package_discovery:discover_packages(recursive) using defaults
[0.243s] Level 1:colcon.colcon_core.package_discovery:discover_packages(ignore) discover
[0.243s] Level 1:colcon.colcon_core.package_discovery:discover_packages(ignore) using defaults
[0.243s] Level 1:colcon.colcon_core.package_discovery:discover_packages(path) discover
[0.243s] Level 1:colcon.colcon_core.package_discovery:discover_packages(path) using defaults
[0.256s] Level 1:colcon.colcon_core.package_discovery:discover_packages(prefix_path) check parameters
[0.256s] Level 1:colcon.colcon_core.package_discovery:discover_packages(prefix_path) discover
[0.257s] DEBUG:colcon.colcon_installed_package_information.package_discovery:Found 0 installed packages in /home/han/Desktop/Han_ws/09.ROS/my_mobile/install
[0.259s] DEBUG:colcon.colcon_installed_package_information.package_discovery:Found 382 installed packages in /opt/ros/humble
[0.260s] Level 1:colcon.colcon_core.package_discovery:discover_packages(prefix_path) using defaults
[0.295s] Level 5:colcon.colcon_core.verb:set package 'my_robot_description' build argument 'cmake_args' from command line to 'None'
[0.295s] Level 5:colcon.colcon_core.verb:set package 'my_robot_description' build argument 'cmake_target' from command line to 'None'
[0.295s] Level 5:colcon.colcon_core.verb:set package 'my_robot_description' build argument 'cmake_target_skip_unavailable' from command line to 'False'
[0.295s] Level 5:colcon.colcon_core.verb:set package 'my_robot_description' build argument 'cmake_clean_cache' from command line to 'False'
[0.295s] Level 5:colcon.colcon_core.verb:set package 'my_robot_description' build argument 'cmake_clean_first' from command line to 'False'
[0.296s] Level 5:colcon.colcon_core.verb:set package 'my_robot_description' build argument 'cmake_force_configure' from command line to 'False'
[0.296s] Level 5:colcon.colcon_core.verb:set package 'my_robot_description' build argument 'ament_cmake_args' from command line to 'None'
[0.296s] Level 5:colcon.colcon_core.verb:set package 'my_robot_description' build argument 'catkin_cmake_args' from command line to 'None'
[0.296s] Level 5:colcon.colcon_core.verb:set package 'my_robot_description' build argument 'catkin_skip_building_tests' from command line to 'False'
[0.296s] DEBUG:colcon.colcon_core.verb:Building package 'my_robot_description' with the following arguments: {'ament_cmake_args': None, 'build_base': '/home/han/Desktop/Han_ws/09.ROS/my_mobile/build/my_robot_description', 'catkin_cmake_args': None, 'catkin_skip_building_tests': False, 'cmake_args': None, 'cmake_clean_cache': False, 'cmake_clean_first': False, 'cmake_force_configure': False, 'cmake_target': None, 'cmake_target_skip_unavailable': False, 'install_base': '/home/han/Desktop/Han_ws/09.ROS/my_mobile/install/my_robot_description', 'merge_install': False, 'path': '/home/han/Desktop/Han_ws/09.ROS/my_mobile/src/my_robot_description', 'symlink_install': False, 'test_result_base': None}
[0.296s] Level 5:colcon.colcon_core.verb:set package 'my_robot_gazebo' build argument 'cmake_args' from command line to 'None'
[0.296s] Level 5:colcon.colcon_core.verb:set package 'my_robot_gazebo' build argument 'cmake_target' from command line to 'None'
[0.296s] Level 5:colcon.colcon_core.verb:set package 'my_robot_gazebo' build argument 'cmake_target_skip_unavailable' from command line to 'False'
[0.296s] Level 5:colcon.colcon_core.verb:set package 'my_robot_gazebo' build argument 'cmake_clean_cache' from command line to 'False'
[0.296s] Level 5:colcon.colcon_core.verb:set package 'my_robot_gazebo' build argument 'cmake_clean_first' from command line to 'False'
[0.296s] Level 5:colcon.colcon_core.verb:set package 'my_robot_gazebo' build argument 'cmake_force_configure' from command line to 'False'
[0.296s] Level 5:colcon.colcon_core.verb:set package 'my_robot_gazebo' build argument 'ament_cmake_args' from command line to 'None'
[0.296s] Level 5:colcon.colcon_core.verb:set package 'my_robot_gazebo' build argument 'catkin_cmake_args' from command line to 'None'
[0.296s] Level 5:colcon.colcon_core.verb:set package 'my_robot_gazebo' build argument 'catkin_skip_building_tests' from command line to 'False'
[0.296s] DEBUG:colcon.colcon_core.verb:Building package 'my_robot_gazebo' with the following arguments: {'ament_cmake_args': None, 'build_base': '/home/han/Desktop/Han_ws/09.ROS/my_mobile/build/my_robot_gazebo', 'catkin_cmake_args': None, 'catkin_skip_building_tests': False, 'cmake_args': None, 'cmake_clean_cache': False, 'cmake_clean_first': False, 'cmake_force_configure': False, 'cmake_target': None, 'cmake_target_skip_unavailable': False, 'install_base': '/home/han/Desktop/Han_ws/09.ROS/my_mobile/install/my_robot_gazebo', 'merge_install': False, 'path': '/home/han/Desktop/Han_ws/09.ROS/my_mobile/src/my_robot_gazebo', 'symlink_install': False, 'test_result_base': None}
[0.296s] Level 5:colcon.colcon_core.verb:set package 'my_robot_navigation' build argument 'cmake_args' from command line to 'None'
[0.296s] Level 5:colcon.colcon_core.verb:set package 'my_robot_navigation' build argument 'cmake_target' from command line to 'None'
[0.296s] Level 5:colcon.colcon_core.verb:set package 'my_robot_navigation' build argument 'cmake_target_skip_unavailable' from command line to 'False'
[0.296s] Level 5:colcon.colcon_core.verb:set package 'my_robot_navigation' build argument 'cmake_clean_cache' from command line to 'False'
[0.296s] Level 5:colcon.colcon_core.verb:set package 'my_robot_navigation' build argument 'cmake_clean_first' from command line to 'False'
[0.296s] Level 5:colcon.colcon_core.verb:set package 'my_robot_navigation' build argument 'cmake_force_configure' from command line to 'False'
[0.296s] Level 5:colcon.colcon_core.verb:set package 'my_robot_navigation' build argument 'ament_cmake_args' from command line to 'None'
[0.297s] Level 5:colcon.colcon_core.verb:set package 'my_robot_navigation' build argument 'catkin_cmake_args' from command line to 'None'
[0.297s] Level 5:colcon.colcon_core.verb:set package 'my_robot_navigation' build argument 'catkin_skip_building_tests' from command line to 'False'
[0.297s] DEBUG:colcon.colcon_core.verb:Building package 'my_robot_navigation' with the following arguments: {'ament_cmake_args': None, 'build_base': '/home/han/Desktop/Han_ws/09.ROS/my_mobile/build/my_robot_navigation', 'catkin_cmake_args': None, 'catkin_skip_building_tests': False, 'cmake_args': None, 'cmake_clean_cache': False, 'cmake_clean_first': False, 'cmake_force_configure': False, 'cmake_target': None, 'cmake_target_skip_unavailable': False, 'install_base': '/home/han/Desktop/Han_ws/09.ROS/my_mobile/install/my_robot_navigation', 'merge_install': False, 'path': '/home/han/Desktop/Han_ws/09.ROS/my_mobile/src/my_robot_navigation', 'symlink_install': False, 'test_result_base': None}
[0.297s] INFO:colcon.colcon_core.executor:Executing jobs using 'parallel' executor
[0.297s] DEBUG:colcon.colcon_parallel_executor.executor.parallel:run_until_complete
[0.298s] INFO:colcon.colcon_ros.task.ament_cmake.build:Building ROS package in '/home/han/Desktop/Han_ws/09.ROS/my_mobile/src/my_robot_description' with build type 'ament_cmake'
[0.298s] INFO:colcon.colcon_cmake.task.cmake.build:Building CMake package in '/home/han/Desktop/Han_ws/09.ROS/my_mobile/src/my_robot_description'
[0.299s] INFO:colcon.colcon_core.plugin_system:Skipping extension 'colcon_core.shell.bat': Not used on non-Windows systems
[0.300s] INFO:colcon.colcon_core.shell:Skip shell extension 'powershell' for command environment: Not usable outside of PowerShell
[0.300s] DEBUG:colcon.colcon_core.shell:Skip shell extension 'dsv' for command environment
[0.302s] INFO:colcon.colcon_ros.task.ament_cmake.build:Building ROS package in '/home/han/Desktop/Han_ws/09.ROS/my_mobile/src/my_robot_gazebo' with build type 'ament_cmake'
[0.302s] INFO:colcon.colcon_cmake.task.cmake.build:Building CMake package in '/home/han/Desktop/Han_ws/09.ROS/my_mobile/src/my_robot_gazebo'
[0.302s] INFO:colcon.colcon_core.shell:Skip shell extension 'powershell' for command environment: Not usable outside of PowerShell
[0.302s] DEBUG:colcon.colcon_core.shell:Skip shell extension 'dsv' for command environment
[0.304s] INFO:colcon.colcon_ros.task.ament_cmake.build:Building ROS package in '/home/han/Desktop/Han_ws/09.ROS/my_mobile/src/my_robot_navigation' with build type 'ament_cmake'
[0.304s] INFO:colcon.colcon_cmake.task.cmake.build:Building CMake package in '/home/han/Desktop/Han_ws/09.ROS/my_mobile/src/my_robot_navigation'
[0.305s] INFO:colcon.colcon_core.shell:Skip shell extension 'powershell' for command environment: Not usable outside of PowerShell
[0.305s] DEBUG:colcon.colcon_core.shell:Skip shell extension 'dsv' for command environment
[0.310s] DEBUG:colcon.colcon_core.event_handler.log_command:Invoking command in '/home/han/Desktop/Han_ws/09.ROS/my_mobile/build/my_robot_description': CMAKE_PREFIX_PATH=/opt/ros/humble /usr/bin/cmake /home/han/Desktop/Han_ws/09.ROS/my_mobile/src/my_robot_description -DCMAKE_INSTALL_PREFIX=/home/han/Desktop/Han_ws/09.ROS/my_mobile/install/my_robot_description
[0.312s] DEBUG:colcon.colcon_core.event_handler.log_command:Invoking command in '/home/han/Desktop/Han_ws/09.ROS/my_mobile/build/my_robot_gazebo': CMAKE_PREFIX_PATH=/opt/ros/humble /usr/bin/cmake /home/han/Desktop/Han_ws/09.ROS/my_mobile/src/my_robot_gazebo -DCMAKE_INSTALL_PREFIX=/home/han/Desktop/Han_ws/09.ROS/my_mobile/install/my_robot_gazebo
[0.314s] DEBUG:colcon.colcon_core.event_handler.log_command:Invoking command in '/home/han/Desktop/Han_ws/09.ROS/my_mobile/build/my_robot_navigation': CMAKE_PREFIX_PATH=/opt/ros/humble /usr/bin/cmake /home/han/Desktop/Han_ws/09.ROS/my_mobile/src/my_robot_navigation -DCMAKE_INSTALL_PREFIX=/home/han/Desktop/Han_ws/09.ROS/my_mobile/install/my_robot_navigation
[0.776s] DEBUG:colcon.colcon_core.event_handler.log_command:Invoked command in '/home/han/Desktop/Han_ws/09.ROS/my_mobile/build/my_robot_navigation' returned '0': CMAKE_PREFIX_PATH=/opt/ros/humble /usr/bin/cmake /home/han/Desktop/Han_ws/09.ROS/my_mobile/src/my_robot_navigation -DCMAKE_INSTALL_PREFIX=/home/han/Desktop/Han_ws/09.ROS/my_mobile/install/my_robot_navigation
[0.776s] DEBUG:colcon.colcon_core.event_handler.log_command:Invoking command in '/home/han/Desktop/Han_ws/09.ROS/my_mobile/build/my_robot_navigation': CMAKE_PREFIX_PATH=/opt/ros/humble /usr/bin/cmake --build /home/han/Desktop/Han_ws/09.ROS/my_mobile/build/my_robot_navigation -- -j12 -l12
[0.796s] DEBUG:colcon.colcon_core.event_handler.log_command:Invoked command in '/home/han/Desktop/Han_ws/09.ROS/my_mobile/build/my_robot_description' returned '0': CMAKE_PREFIX_PATH=/opt/ros/humble /usr/bin/cmake /home/han/Desktop/Han_ws/09.ROS/my_mobile/src/my_robot_description -DCMAKE_INSTALL_PREFIX=/home/han/Desktop/Han_ws/09.ROS/my_mobile/install/my_robot_description
[0.797s] DEBUG:colcon.colcon_core.event_handler.log_command:Invoking command in '/home/han/Desktop/Han_ws/09.ROS/my_mobile/build/my_robot_description': CMAKE_PREFIX_PATH=/opt/ros/humble /usr/bin/cmake --build /home/han/Desktop/Han_ws/09.ROS/my_mobile/build/my_robot_description -- -j12 -l12
[0.798s] DEBUG:colcon.colcon_core.event_handler.log_command:Invoked command in '/home/han/Desktop/Han_ws/09.ROS/my_mobile/build/my_robot_gazebo' returned '0': CMAKE_PREFIX_PATH=/opt/ros/humble /usr/bin/cmake /home/han/Desktop/Han_ws/09.ROS/my_mobile/src/my_robot_gazebo -DCMAKE_INSTALL_PREFIX=/home/han/Desktop/Han_ws/09.ROS/my_mobile/install/my_robot_gazebo
[0.799s] DEBUG:colcon.colcon_core.event_handler.log_command:Invoking command in '/home/han/Desktop/Han_ws/09.ROS/my_mobile/build/my_robot_gazebo': CMAKE_PREFIX_PATH=/opt/ros/humble /usr/bin/cmake --build /home/han/Desktop/Han_ws/09.ROS/my_mobile/build/my_robot_gazebo -- -j12 -l12
[0.804s] DEBUG:colcon.colcon_core.event_handler.log_command:Invoked command in '/home/han/Desktop/Han_ws/09.ROS/my_mobile/build/my_robot_navigation' returned '0': CMAKE_PREFIX_PATH=/opt/ros/humble /usr/bin/cmake --build /home/han/Desktop/Han_ws/09.ROS/my_mobile/build/my_robot_navigation -- -j12 -l12
[0.826s] DEBUG:colcon.colcon_core.event_handler.log_command:Invoking command in '/home/han/Desktop/Han_ws/09.ROS/my_mobile/build/my_robot_navigation': CMAKE_PREFIX_PATH=/opt/ros/humble /usr/bin/cmake --install /home/han/Desktop/Han_ws/09.ROS/my_mobile/build/my_robot_navigation
[0.827s] DEBUG:colcon.colcon_core.event_handler.log_command:Invoked command in '/home/han/Desktop/Han_ws/09.ROS/my_mobile/build/my_robot_gazebo' returned '0': CMAKE_PREFIX_PATH=/opt/ros/humble /usr/bin/cmake --build /home/han/Desktop/Han_ws/09.ROS/my_mobile/build/my_robot_gazebo -- -j12 -l12
[0.828s] DEBUG:colcon.colcon_core.event_handler.log_command:Invoked command in '/home/han/Desktop/Han_ws/09.ROS/my_mobile/build/my_robot_description' returned '0': CMAKE_PREFIX_PATH=/opt/ros/humble /usr/bin/cmake --build /home/han/Desktop/Han_ws/09.ROS/my_mobile/build/my_robot_description -- -j12 -l12
[0.836s] Level 1:colcon.colcon_core.environment:create_environment_scripts_only(my_robot_navigation)
[0.837s] DEBUG:colcon.colcon_core.event_handler.log_command:Invoked command in '/home/han/Desktop/Han_ws/09.ROS/my_mobile/build/my_robot_navigation' returned '0': CMAKE_PREFIX_PATH=/opt/ros/humble /usr/bin/cmake --install /home/han/Desktop/Han_ws/09.ROS/my_mobile/build/my_robot_navigation
[0.838s] Level 1:colcon.colcon_core.environment:checking '/home/han/Desktop/Han_ws/09.ROS/my_mobile/install/my_robot_navigation' for CMake module files
[0.839s] Level 1:colcon.colcon_core.environment:checking '/home/han/Desktop/Han_ws/09.ROS/my_mobile/install/my_robot_navigation' for CMake config files
[0.839s] Level 1:colcon.colcon_core.shell:create_environment_hook('my_robot_navigation', 'cmake_prefix_path')
[0.839s] INFO:colcon.colcon_core.shell:Creating environment hook '/home/han/Desktop/Han_ws/09.ROS/my_mobile/install/my_robot_navigation/share/my_robot_navigation/hook/cmake_prefix_path.ps1'
[0.840s] INFO:colcon.colcon_core.shell:Creating environment descriptor '/home/han/Desktop/Han_ws/09.ROS/my_mobile/install/my_robot_navigation/share/my_robot_navigation/hook/cmake_prefix_path.dsv'
[0.840s] INFO:colcon.colcon_core.shell:Creating environment hook '/home/han/Desktop/Han_ws/09.ROS/my_mobile/install/my_robot_navigation/share/my_robot_navigation/hook/cmake_prefix_path.sh'
[0.841s] Level 1:colcon.colcon_core.environment:checking '/home/han/Desktop/Han_ws/09.ROS/my_mobile/install/my_robot_navigation/bin'
[0.841s] Level 1:colcon.colcon_core.environment:checking '/home/han/Desktop/Han_ws/09.ROS/my_mobile/install/my_robot_navigation/lib/pkgconfig/my_robot_navigation.pc'
[0.841s] Level 1:colcon.colcon_core.environment:checking '/home/han/Desktop/Han_ws/09.ROS/my_mobile/install/my_robot_navigation/lib/python3.10/site-packages'
[0.841s] Level 1:colcon.colcon_core.environment:checking '/home/han/Desktop/Han_ws/09.ROS/my_mobile/install/my_robot_navigation/bin'
[0.842s] INFO:colcon.colcon_core.shell:Creating package script '/home/han/Desktop/Han_ws/09.ROS/my_mobile/install/my_robot_navigation/share/my_robot_navigation/package.ps1'
[0.842s] INFO:colcon.colcon_core.shell:Creating package descriptor '/home/han/Desktop/Han_ws/09.ROS/my_mobile/install/my_robot_navigation/share/my_robot_navigation/package.dsv'
[0.843s] INFO:colcon.colcon_core.shell:Creating package script '/home/han/Desktop/Han_ws/09.ROS/my_mobile/install/my_robot_navigation/share/my_robot_navigation/package.sh'
[0.843s] INFO:colcon.colcon_core.shell:Creating package script '/home/han/Desktop/Han_ws/09.ROS/my_mobile/install/my_robot_navigation/share/my_robot_navigation/package.bash'
[0.844s] INFO:colcon.colcon_core.shell:Creating package script '/home/han/Desktop/Han_ws/09.ROS/my_mobile/install/my_robot_navigation/share/my_robot_navigation/package.zsh'
[0.845s] Level 1:colcon.colcon_core.environment:create_file_with_runtime_dependencies(/home/han/Desktop/Han_ws/09.ROS/my_mobile/install/my_robot_navigation/share/colcon-core/packages/my_robot_navigation)
[0.847s] DEBUG:colcon.colcon_core.event_handler.log_command:Invoking command in '/home/han/Desktop/Han_ws/09.ROS/my_mobile/build/my_robot_gazebo': CMAKE_PREFIX_PATH=/opt/ros/humble /usr/bin/cmake --install /home/han/Desktop/Han_ws/09.ROS/my_mobile/build/my_robot_gazebo
[0.847s] DEBUG:colcon.colcon_core.event_handler.log_command:Invoking command in '/home/han/Desktop/Han_ws/09.ROS/my_mobile/build/my_robot_description': CMAKE_PREFIX_PATH=/opt/ros/humble /usr/bin/cmake --install /home/han/Desktop/Han_ws/09.ROS/my_mobile/build/my_robot_description
[0.857s] Level 1:colcon.colcon_core.environment:create_environment_scripts_only(my_robot_gazebo)
[0.857s] Level 1:colcon.colcon_core.environment:checking '/home/han/Desktop/Han_ws/09.ROS/my_mobile/install/my_robot_gazebo' for CMake module files
[0.857s] DEBUG:colcon.colcon_core.event_handler.log_command:Invoked command in '/home/han/Desktop/Han_ws/09.ROS/my_mobile/build/my_robot_gazebo' returned '0': CMAKE_PREFIX_PATH=/opt/ros/humble /usr/bin/cmake --install /home/han/Desktop/Han_ws/09.ROS/my_mobile/build/my_robot_gazebo
[0.858s] Level 1:colcon.colcon_core.environment:checking '/home/han/Desktop/Han_ws/09.ROS/my_mobile/install/my_robot_gazebo' for CMake config files
[0.858s] Level 1:colcon.colcon_core.shell:create_environment_hook('my_robot_gazebo', 'cmake_prefix_path')
[0.858s] INFO:colcon.colcon_core.shell:Creating environment hook '/home/han/Desktop/Han_ws/09.ROS/my_mobile/install/my_robot_gazebo/share/my_robot_gazebo/hook/cmake_prefix_path.ps1'
[0.858s] INFO:colcon.colcon_core.shell:Creating environment descriptor '/home/han/Desktop/Han_ws/09.ROS/my_mobile/install/my_robot_gazebo/share/my_robot_gazebo/hook/cmake_prefix_path.dsv'
[0.859s] INFO:colcon.colcon_core.shell:Creating environment hook '/home/han/Desktop/Han_ws/09.ROS/my_mobile/install/my_robot_gazebo/share/my_robot_gazebo/hook/cmake_prefix_path.sh'
[0.859s] Level 1:colcon.colcon_core.environment:checking '/home/han/Desktop/Han_ws/09.ROS/my_mobile/install/my_robot_gazebo/bin'
[0.859s] Level 1:colcon.colcon_core.environment:checking '/home/han/Desktop/Han_ws/09.ROS/my_mobile/install/my_robot_gazebo/lib/pkgconfig/my_robot_gazebo.pc'
[0.859s] Level 1:colcon.colcon_core.environment:checking '/home/han/Desktop/Han_ws/09.ROS/my_mobile/install/my_robot_gazebo/lib/python3.10/site-packages'
[0.859s] Level 1:colcon.colcon_core.environment:checking '/home/han/Desktop/Han_ws/09.ROS/my_mobile/install/my_robot_gazebo/bin'
[0.860s] INFO:colcon.colcon_core.shell:Creating package script '/home/han/Desktop/Han_ws/09.ROS/my_mobile/install/my_robot_gazebo/share/my_robot_gazebo/package.ps1'
[0.860s] INFO:colcon.colcon_core.shell:Creating package descriptor '/home/han/Desktop/Han_ws/09.ROS/my_mobile/install/my_robot_gazebo/share/my_robot_gazebo/package.dsv'
[0.860s] INFO:colcon.colcon_core.shell:Creating package script '/home/han/Desktop/Han_ws/09.ROS/my_mobile/install/my_robot_gazebo/share/my_robot_gazebo/package.sh'
[0.861s] INFO:colcon.colcon_core.shell:Creating package script '/home/han/Desktop/Han_ws/09.ROS/my_mobile/install/my_robot_gazebo/share/my_robot_gazebo/package.bash'
[0.861s] INFO:colcon.colcon_core.shell:Creating package script '/home/han/Desktop/Han_ws/09.ROS/my_mobile/install/my_robot_gazebo/share/my_robot_gazebo/package.zsh'
[0.861s] Level 1:colcon.colcon_core.environment:create_file_with_runtime_dependencies(/home/han/Desktop/Han_ws/09.ROS/my_mobile/install/my_robot_gazebo/share/colcon-core/packages/my_robot_gazebo)
[0.862s] Level 1:colcon.colcon_core.environment:create_environment_scripts_only(my_robot_navigation)
[0.862s] Level 1:colcon.colcon_core.environment:checking '/home/han/Desktop/Han_ws/09.ROS/my_mobile/install/my_robot_navigation' for CMake module files
[0.863s] Level 1:colcon.colcon_core.environment:checking '/home/han/Desktop/Han_ws/09.ROS/my_mobile/install/my_robot_navigation' for CMake config files
[0.863s] Level 1:colcon.colcon_core.shell:create_environment_hook('my_robot_navigation', 'cmake_prefix_path')
[0.863s] INFO:colcon.colcon_core.shell:Creating environment hook '/home/han/Desktop/Han_ws/09.ROS/my_mobile/install/my_robot_navigation/share/my_robot_navigation/hook/cmake_prefix_path.ps1'
[0.863s] INFO:colcon.colcon_core.shell:Creating environment descriptor '/home/han/Desktop/Han_ws/09.ROS/my_mobile/install/my_robot_navigation/share/my_robot_navigation/hook/cmake_prefix_path.dsv'
[0.864s] INFO:colcon.colcon_core.shell:Creating environment hook '/home/han/Desktop/Han_ws/09.ROS/my_mobile/install/my_robot_navigation/share/my_robot_navigation/hook/cmake_prefix_path.sh'
[0.864s] Level 1:colcon.colcon_core.environment:checking '/home/han/Desktop/Han_ws/09.ROS/my_mobile/install/my_robot_navigation/bin'
[0.864s] Level 1:colcon.colcon_core.environment:checking '/home/han/Desktop/Han_ws/09.ROS/my_mobile/install/my_robot_navigation/lib/pkgconfig/my_robot_navigation.pc'
[0.864s] Level 1:colcon.colcon_core.environment:checking '/home/han/Desktop/Han_ws/09.ROS/my_mobile/install/my_robot_navigation/lib/python3.10/site-packages'
[0.865s] Level 1:colcon.colcon_core.environment:checking '/home/han/Desktop/Han_ws/09.ROS/my_mobile/install/my_robot_navigation/bin'
[0.865s] INFO:colcon.colcon_core.shell:Creating package script '/home/han/Desktop/Han_ws/09.ROS/my_mobile/install/my_robot_navigation/share/my_robot_navigation/package.ps1'
[0.866s] INFO:colcon.colcon_core.shell:Creating package descriptor '/home/han/Desktop/Han_ws/09.ROS/my_mobile/install/my_robot_navigation/share/my_robot_navigation/package.dsv'
[0.867s] INFO:colcon.colcon_core.shell:Creating package script '/home/han/Desktop/Han_ws/09.ROS/my_mobile/install/my_robot_navigation/share/my_robot_navigation/package.sh'
[0.867s] INFO:colcon.colcon_core.shell:Creating package script '/home/han/Desktop/Han_ws/09.ROS/my_mobile/install/my_robot_navigation/share/my_robot_navigation/package.bash'
[0.867s] INFO:colcon.colcon_core.shell:Creating package script '/home/han/Desktop/Han_ws/09.ROS/my_mobile/install/my_robot_navigation/share/my_robot_navigation/package.zsh'
[0.868s] Level 1:colcon.colcon_core.environment:create_file_with_runtime_dependencies(/home/han/Desktop/Han_ws/09.ROS/my_mobile/install/my_robot_navigation/share/colcon-core/packages/my_robot_navigation)
[0.868s] Level 1:colcon.colcon_core.environment:create_environment_scripts_only(my_robot_description)
[0.868s] Level 1:colcon.colcon_core.environment:checking '/home/han/Desktop/Han_ws/09.ROS/my_mobile/install/my_robot_description' for CMake module files
[0.869s] DEBUG:colcon.colcon_core.event_handler.log_command:Invoked command in '/home/han/Desktop/Han_ws/09.ROS/my_mobile/build/my_robot_description' returned '0': CMAKE_PREFIX_PATH=/opt/ros/humble /usr/bin/cmake --install /home/han/Desktop/Han_ws/09.ROS/my_mobile/build/my_robot_description
[0.869s] Level 1:colcon.colcon_core.environment:checking '/home/han/Desktop/Han_ws/09.ROS/my_mobile/install/my_robot_description' for CMake config files
[0.869s] Level 1:colcon.colcon_core.shell:create_environment_hook('my_robot_description', 'cmake_prefix_path')
[0.869s] INFO:colcon.colcon_core.shell:Creating environment hook '/home/han/Desktop/Han_ws/09.ROS/my_mobile/install/my_robot_description/share/my_robot_description/hook/cmake_prefix_path.ps1'
[0.870s] INFO:colcon.colcon_core.shell:Creating environment descriptor '/home/han/Desktop/Han_ws/09.ROS/my_mobile/install/my_robot_description/share/my_robot_description/hook/cmake_prefix_path.dsv'
[0.870s] INFO:colcon.colcon_core.shell:Creating environment hook '/home/han/Desktop/Han_ws/09.ROS/my_mobile/install/my_robot_description/share/my_robot_description/hook/cmake_prefix_path.sh'
[0.870s] Level 1:colcon.colcon_core.environment:checking '/home/han/Desktop/Han_ws/09.ROS/my_mobile/install/my_robot_description/bin'
[0.870s] Level 1:colcon.colcon_core.environment:checking '/home/han/Desktop/Han_ws/09.ROS/my_mobile/install/my_robot_description/lib/pkgconfig/my_robot_description.pc'
[0.871s] Level 1:colcon.colcon_core.environment:checking '/home/han/Desktop/Han_ws/09.ROS/my_mobile/install/my_robot_description/lib/python3.10/site-packages'
[0.871s] Level 1:colcon.colcon_core.environment:checking '/home/han/Desktop/Han_ws/09.ROS/my_mobile/install/my_robot_description/bin'
[0.871s] INFO:colcon.colcon_core.shell:Creating package script '/home/han/Desktop/Han_ws/09.ROS/my_mobile/install/my_robot_description/share/my_robot_description/package.ps1'
[0.871s] INFO:colcon.colcon_core.shell:Creating package descriptor '/home/han/Desktop/Han_ws/09.ROS/my_mobile/install/my_robot_description/share/my_robot_description/package.dsv'
[0.871s] INFO:colcon.colcon_core.shell:Creating package script '/home/han/Desktop/Han_ws/09.ROS/my_mobile/install/my_robot_description/share/my_robot_description/package.sh'
[0.872s] INFO:colcon.colcon_core.shell:Creating package script '/home/han/Desktop/Han_ws/09.ROS/my_mobile/install/my_robot_description/share/my_robot_description/package.bash'
[0.872s] INFO:colcon.colcon_core.shell:Creating package script '/home/han/Desktop/Han_ws/09.ROS/my_mobile/install/my_robot_description/share/my_robot_description/package.zsh'
[0.872s] Level 1:colcon.colcon_core.environment:create_file_with_runtime_dependencies(/home/han/Desktop/Han_ws/09.ROS/my_mobile/install/my_robot_description/share/colcon-core/packages/my_robot_description)
[0.876s] Level 1:colcon.colcon_core.environment:create_environment_scripts_only(my_robot_gazebo)
[0.876s] Level 1:colcon.colcon_core.environment:checking '/home/han/Desktop/Han_ws/09.ROS/my_mobile/install/my_robot_gazebo' for CMake module files
[0.876s] Level 1:colcon.colcon_core.environment:checking '/home/han/Desktop/Han_ws/09.ROS/my_mobile/install/my_robot_gazebo' for CMake config files
[0.876s] Level 1:colcon.colcon_core.shell:create_environment_hook('my_robot_gazebo', 'cmake_prefix_path')
[0.877s] INFO:colcon.colcon_core.shell:Creating environment hook '/home/han/Desktop/Han_ws/09.ROS/my_mobile/install/my_robot_gazebo/share/my_robot_gazebo/hook/cmake_prefix_path.ps1'
[0.877s] INFO:colcon.colcon_core.shell:Creating environment descriptor '/home/han/Desktop/Han_ws/09.ROS/my_mobile/install/my_robot_gazebo/share/my_robot_gazebo/hook/cmake_prefix_path.dsv'
[0.877s] INFO:colcon.colcon_core.shell:Creating environment hook '/home/han/Desktop/Han_ws/09.ROS/my_mobile/install/my_robot_gazebo/share/my_robot_gazebo/hook/cmake_prefix_path.sh'
[0.877s] Level 1:colcon.colcon_core.environment:checking '/home/han/Desktop/Han_ws/09.ROS/my_mobile/install/my_robot_gazebo/bin'
[0.878s] Level 1:colcon.colcon_core.environment:checking '/home/han/Desktop/Han_ws/09.ROS/my_mobile/install/my_robot_gazebo/lib/pkgconfig/my_robot_gazebo.pc'
[0.878s] Level 1:colcon.colcon_core.environment:checking '/home/han/Desktop/Han_ws/09.ROS/my_mobile/install/my_robot_gazebo/lib/python3.10/site-packages'
[0.878s] Level 1:colcon.colcon_core.environment:checking '/home/han/Desktop/Han_ws/09.ROS/my_mobile/install/my_robot_gazebo/bin'
[0.878s] INFO:colcon.colcon_core.shell:Creating package script '/home/han/Desktop/Han_ws/09.ROS/my_mobile/install/my_robot_gazebo/share/my_robot_gazebo/package.ps1'
[0.879s] INFO:colcon.colcon_core.shell:Creating package descriptor '/home/han/Desktop/Han_ws/09.ROS/my_mobile/install/my_robot_gazebo/share/my_robot_gazebo/package.dsv'
[0.879s] INFO:colcon.colcon_core.shell:Creating package script '/home/han/Desktop/Han_ws/09.ROS/my_mobile/install/my_robot_gazebo/share/my_robot_gazebo/package.sh'
[0.880s] INFO:colcon.colcon_core.shell:Creating package script '/home/han/Desktop/Han_ws/09.ROS/my_mobile/install/my_robot_gazebo/share/my_robot_gazebo/package.bash'
[0.880s] INFO:colcon.colcon_core.shell:Creating package script '/home/han/Desktop/Han_ws/09.ROS/my_mobile/install/my_robot_gazebo/share/my_robot_gazebo/package.zsh'
[0.880s] Level 1:colcon.colcon_core.environment:create_file_with_runtime_dependencies(/home/han/Desktop/Han_ws/09.ROS/my_mobile/install/my_robot_gazebo/share/colcon-core/packages/my_robot_gazebo)
[0.887s] Level 1:colcon.colcon_core.environment:create_environment_scripts_only(my_robot_description)
[0.887s] Level 1:colcon.colcon_core.environment:checking '/home/han/Desktop/Han_ws/09.ROS/my_mobile/install/my_robot_description' for CMake module files
[0.888s] Level 1:colcon.colcon_core.environment:checking '/home/han/Desktop/Han_ws/09.ROS/my_mobile/install/my_robot_description' for CMake config files
[0.888s] Level 1:colcon.colcon_core.shell:create_environment_hook('my_robot_description', 'cmake_prefix_path')
[0.888s] INFO:colcon.colcon_core.shell:Creating environment hook '/home/han/Desktop/Han_ws/09.ROS/my_mobile/install/my_robot_description/share/my_robot_description/hook/cmake_prefix_path.ps1'
[0.888s] INFO:colcon.colcon_core.shell:Creating environment descriptor '/home/han/Desktop/Han_ws/09.ROS/my_mobile/install/my_robot_description/share/my_robot_description/hook/cmake_prefix_path.dsv'
[0.889s] INFO:colcon.colcon_core.shell:Creating environment hook '/home/han/Desktop/Han_ws/09.ROS/my_mobile/install/my_robot_description/share/my_robot_description/hook/cmake_prefix_path.sh'
[0.889s] Level 1:colcon.colcon_core.environment:checking '/home/han/Desktop/Han_ws/09.ROS/my_mobile/install/my_robot_description/bin'
[0.889s] Level 1:colcon.colcon_core.environment:checking '/home/han/Desktop/Han_ws/09.ROS/my_mobile/install/my_robot_description/lib/pkgconfig/my_robot_description.pc'
[0.889s] Level 1:colcon.colcon_core.environment:checking '/home/han/Desktop/Han_ws/09.ROS/my_mobile/install/my_robot_description/lib/python3.10/site-packages'
[0.889s] Level 1:colcon.colcon_core.environment:checking '/home/han/Desktop/Han_ws/09.ROS/my_mobile/install/my_robot_description/bin'
[0.889s] INFO:colcon.colcon_core.shell:Creating package script '/home/han/Desktop/Han_ws/09.ROS/my_mobile/install/my_robot_description/share/my_robot_description/package.ps1'
[0.890s] INFO:colcon.colcon_core.shell:Creating package descriptor '/home/han/Desktop/Han_ws/09.ROS/my_mobile/install/my_robot_description/share/my_robot_description/package.dsv'
[0.890s] INFO:colcon.colcon_core.shell:Creating package script '/home/han/Desktop/Han_ws/09.ROS/my_mobile/install/my_robot_description/share/my_robot_description/package.sh'
[0.891s] INFO:colcon.colcon_core.shell:Creating package script '/home/han/Desktop/Han_ws/09.ROS/my_mobile/install/my_robot_description/share/my_robot_description/package.bash'
[0.891s] INFO:colcon.colcon_core.shell:Creating package script '/home/han/Desktop/Han_ws/09.ROS/my_mobile/install/my_robot_description/share/my_robot_description/package.zsh'
[0.891s] Level 1:colcon.colcon_core.environment:create_file_with_runtime_dependencies(/home/han/Desktop/Han_ws/09.ROS/my_mobile/install/my_robot_description/share/colcon-core/packages/my_robot_description)
[0.891s] DEBUG:colcon.colcon_parallel_executor.executor.parallel:closing loop
[0.891s] DEBUG:colcon.colcon_parallel_executor.executor.parallel:loop closed
[0.891s] DEBUG:colcon.colcon_parallel_executor.executor.parallel:run_until_complete finished with '0'
[0.891s] DEBUG:colcon.colcon_core.event_reactor:joining thread
[0.895s] INFO:colcon.colcon_core.plugin_system:Skipping extension 'colcon_notification.desktop_notification.terminal_notifier': Not used on non-Darwin systems
[0.896s] INFO:colcon.colcon_core.plugin_system:Skipping extension 'colcon_notification.desktop_notification.win32': Not used on non-Windows systems
[0.896s] INFO:colcon.colcon_notification.desktop_notification:Sending desktop notification using 'notify2'
[0.903s] DEBUG:colcon.colcon_core.event_reactor:joined thread
[0.903s] INFO:colcon.colcon_core.shell:Creating prefix script '/home/han/Desktop/Han_ws/09.ROS/my_mobile/install/local_setup.ps1'
[0.904s] INFO:colcon.colcon_core.shell:Creating prefix util module '/home/han/Desktop/Han_ws/09.ROS/my_mobile/install/_local_setup_util_ps1.py'
[0.905s] INFO:colcon.colcon_core.shell:Creating prefix chain script '/home/han/Desktop/Han_ws/09.ROS/my_mobile/install/setup.ps1'
[0.905s] INFO:colcon.colcon_core.shell:Creating prefix script '/home/han/Desktop/Han_ws/09.ROS/my_mobile/install/local_setup.sh'
[0.906s] INFO:colcon.colcon_core.shell:Creating prefix util module '/home/han/Desktop/Han_ws/09.ROS/my_mobile/install/_local_setup_util_sh.py'
[0.906s] INFO:colcon.colcon_core.shell:Creating prefix chain script '/home/han/Desktop/Han_ws/09.ROS/my_mobile/install/setup.sh'
[0.906s] INFO:colcon.colcon_core.shell:Creating prefix script '/home/han/Desktop/Han_ws/09.ROS/my_mobile/install/local_setup.bash'
[0.907s] INFO:colcon.colcon_core.shell:Creating prefix chain script '/home/han/Desktop/Han_ws/09.ROS/my_mobile/install/setup.bash'
[0.907s] INFO:colcon.colcon_core.shell:Creating prefix script '/home/han/Desktop/Han_ws/09.ROS/my_mobile/install/local_setup.zsh'
[0.908s] INFO:colcon.colcon_core.shell:Creating prefix chain script '/home/han/Desktop/Han_ws/09.ROS/my_mobile/install/setup.zsh'
