[0.600s] Invoking command in '/home/han/Desktop/Han_ws/09.ROS/CV/src/opencv_tutorials': PYTHONPATH=/home/han/Desktop/Han_ws/09.ROS/CV/build/opencv_tutorials/prefix_override:/home/han/Desktop/Han_ws/09.ROS/CV/install/opencv_tutorials/lib/python3.10/site-packages:${PYTHONPATH} VIRTUAL_ENV_PROMPT=(myvenv) /usr/bin/python3 -W ignore:setup.py install is deprecated setup.py egg_info --egg-base ../../build/opencv_tutorials build --build-base /home/han/Desktop/Han_ws/09.ROS/CV/build/opencv_tutorials/build install --record /home/han/Desktop/Han_ws/09.ROS/CV/build/opencv_tutorials/install.log --single-version-externally-managed install_data
[0.825s] running egg_info
[0.825s] writing ../../build/opencv_tutorials/opencv_tutorials.egg-info/PKG-INFO
[0.825s] writing dependency_links to ../../build/opencv_tutorials/opencv_tutorials.egg-info/dependency_links.txt
[0.826s] writing entry points to ../../build/opencv_tutorials/opencv_tutorials.egg-info/entry_points.txt
[0.826s] writing requirements to ../../build/opencv_tutorials/opencv_tutorials.egg-info/requires.txt
[0.826s] writing top-level names to ../../build/opencv_tutorials/opencv_tutorials.egg-info/top_level.txt
[0.829s] reading manifest file '../../build/opencv_tutorials/opencv_tutorials.egg-info/SOURCES.txt'
[0.830s] writing manifest file '../../build/opencv_tutorials/opencv_tutorials.egg-info/SOURCES.txt'
[0.830s] running build
[0.830s] running build_py
[0.830s] copying opencv_tutorials/img_publisher.py -> /home/han/Desktop/Han_ws/09.ROS/CV/build/opencv_tutorials/build/lib/opencv_tutorials
[0.830s] running install
[0.831s] running install_lib
[0.831s] copying /home/han/Desktop/Han_ws/09.ROS/CV/build/opencv_tutorials/build/lib/opencv_tutorials/img_publisher.py -> /home/han/Desktop/Han_ws/09.ROS/CV/install/opencv_tutorials/lib/python3.10/site-packages/opencv_tutorials
[0.832s] byte-compiling /home/han/Desktop/Han_ws/09.ROS/CV/install/opencv_tutorials/lib/python3.10/site-packages/opencv_tutorials/img_publisher.py to img_publisher.cpython-310.pyc
[0.832s] running install_data
[0.832s] creating /home/han/Desktop/Han_ws/09.ROS/CV/install/opencv_tutorials/share/opencv_tutorials/launch
[0.832s] copying launch/camera.launch.py -> /home/han/Desktop/Han_ws/09.ROS/CV/install/opencv_tutorials/share/opencv_tutorials/launch
[0.832s] creating /home/han/Desktop/Han_ws/09.ROS/CV/install/opencv_tutorials/share/opencv_tutorials/param
[0.832s] copying param/size.yaml -> /home/han/Desktop/Han_ws/09.ROS/CV/install/opencv_tutorials/share/opencv_tutorials/param
[0.833s] running install_egg_info
[0.834s] removing '/home/han/Desktop/Han_ws/09.ROS/CV/install/opencv_tutorials/lib/python3.10/site-packages/opencv_tutorials-0.0.0-py3.10.egg-info' (and everything under it)
[0.834s] Copying ../../build/opencv_tutorials/opencv_tutorials.egg-info to /home/han/Desktop/Han_ws/09.ROS/CV/install/opencv_tutorials/lib/python3.10/site-packages/opencv_tutorials-0.0.0-py3.10.egg-info
[0.835s] running install_scripts
[0.851s] Installing img_publisher script to /home/han/Desktop/Han_ws/09.ROS/CV/install/opencv_tutorials/lib/opencv_tutorials
[0.851s] writing list of installed files to '/home/han/Desktop/Han_ws/09.ROS/CV/build/opencv_tutorials/install.log'
[0.874s] Invoked command in '/home/han/Desktop/Han_ws/09.ROS/CV/src/opencv_tutorials' returned '0': PYTHONPATH=/home/han/Desktop/Han_ws/09.ROS/CV/build/opencv_tutorials/prefix_override:/home/han/Desktop/Han_ws/09.ROS/CV/install/opencv_tutorials/lib/python3.10/site-packages:${PYTHONPATH} VIRTUAL_ENV_PROMPT=(myvenv) /usr/bin/python3 -W ignore:setup.py install is deprecated setup.py egg_info --egg-base ../../build/opencv_tutorials build --build-base /home/han/Desktop/Han_ws/09.ROS/CV/build/opencv_tutorials/build install --record /home/han/Desktop/Han_ws/09.ROS/CV/build/opencv_tutorials/install.log --single-version-externally-managed install_data
