-- The C compiler identification is GNU 11.4.0
-- The CXX compiler identification is GNU 11.4.0
-- Detecting C compiler ABI info
-- Detecting C compiler ABI info - done
-- Check for working C compiler: /usr/bin/cc - skipped
-- Detecting C compile features
-- Detecting C compile features - done
-- Detecting CXX compiler ABI info
-- Detecting CXX compiler ABI info - done
-- Check for working CXX compiler: /usr/bin/c++ - skipped
-- Detecting CXX compile features
-- Detecting CXX compile features - done
-- Found ament_cmake: 1.3.9 (/opt/ros/humble/share/ament_cmake/cmake)
-- Found Python3: /usr/bin/python3 (found version "3.10.12") found components: Interpreter 
-- Found ament_lint_auto: 0.12.11 (/opt/ros/humble/share/ament_lint_auto/cmake)
-- Added test 'lint_cmake' to check CMake code style
-- Added test 'xmllint' to check XML markup files
-- Configuring done
-- Generating done
-- Build files have been written to: /home/han/Desktop/Han_ws/09.ROS/urdf/build/urdf_study
-- Install configuration: ""
-- Installing: /home/han/Desktop/Han_ws/09.ROS/urdf/install/urdf_study/share/ament_index/resource_index/package_run_dependencies/urdf_study
-- Installing: /home/han/Desktop/Han_ws/09.ROS/urdf/install/urdf_study/share/ament_index/resource_index/parent_prefix_path/urdf_study
-- Installing: /home/han/Desktop/Han_ws/09.ROS/urdf/install/urdf_study/share/urdf_study/environment/ament_prefix_path.sh
-- Installing: /home/han/Desktop/Han_ws/09.ROS/urdf/install/urdf_study/share/urdf_study/environment/ament_prefix_path.dsv
-- Installing: /home/han/Desktop/Han_ws/09.ROS/urdf/install/urdf_study/share/urdf_study/environment/path.sh
-- Installing: /home/han/Desktop/Han_ws/09.ROS/urdf/install/urdf_study/share/urdf_study/environment/path.dsv
-- Installing: /home/han/Desktop/Han_ws/09.ROS/urdf/install/urdf_study/share/urdf_study/local_setup.bash
-- Installing: /home/han/Desktop/Han_ws/09.ROS/urdf/install/urdf_study/share/urdf_study/local_setup.sh
-- Installing: /home/han/Desktop/Han_ws/09.ROS/urdf/install/urdf_study/share/urdf_study/local_setup.zsh
-- Installing: /home/han/Desktop/Han_ws/09.ROS/urdf/install/urdf_study/share/urdf_study/local_setup.dsv
-- Installing: /home/han/Desktop/Han_ws/09.ROS/urdf/install/urdf_study/share/urdf_study/package.dsv
-- Installing: /home/han/Desktop/Han_ws/09.ROS/urdf/install/urdf_study/share/ament_index/resource_index/packages/urdf_study
-- Installing: /home/han/Desktop/Han_ws/09.ROS/urdf/install/urdf_study/share/urdf_study/cmake/urdf_studyConfig.cmake
-- Installing: /home/han/Desktop/Han_ws/09.ROS/urdf/install/urdf_study/share/urdf_study/cmake/urdf_studyConfig-version.cmake
-- Installing: /home/han/Desktop/Han_ws/09.ROS/urdf/install/urdf_study/share/urdf_study/package.xml
