[0.009s] Invoking command in '/home/han/Desktop/Han_ws/09.ROS/urdf/build/urdf_study': CMAKE_PREFIX_PATH=/opt/ros/humble /usr/bin/cmake /home/han/Desktop/Han_ws/09.ROS/urdf/src/urdf_study -DCMAKE_INSTALL_PREFIX=/home/han/Desktop/Han_ws/09.ROS/urdf/install/urdf_study
[0.094s] -- The C compiler identification is GNU 11.4.0
[0.157s] -- The CXX compiler identification is GNU 11.4.0
[0.165s] -- Detecting C compiler ABI info
[0.211s] -- Detecting C compiler ABI info - done
[0.216s] -- Check for working C compiler: /usr/bin/cc - skipped
[0.216s] -- Detecting C compile features
[0.217s] -- Detecting C compile features - done
[0.220s] -- Detecting CXX compiler ABI info
[0.273s] -- Detecting CXX compiler ABI info - done
[0.279s] -- Check for working CXX compiler: /usr/bin/c++ - skipped
[0.279s] -- Detecting CXX compile features
[0.279s] -- Detecting CXX compile features - done
[0.284s] -- Found ament_cmake: 1.3.9 (/opt/ros/humble/share/ament_cmake/cmake)
[0.389s] -- Found Python3: /usr/bin/python3 (found version "3.10.12") found components: Interpreter 
[0.455s] -- Found ament_lint_auto: 0.12.11 (/opt/ros/humble/share/ament_lint_auto/cmake)
[0.510s] -- Added test 'lint_cmake' to check CMake code style
[0.511s] -- Added test 'xmllint' to check XML markup files
[0.512s] -- Configuring done
[0.514s] -- Generating done
[0.514s] -- Build files have been written to: /home/han/Desktop/Han_ws/09.ROS/urdf/build/urdf_study
[0.518s] Invoked command in '/home/han/Desktop/Han_ws/09.ROS/urdf/build/urdf_study' returned '0': CMAKE_PREFIX_PATH=/opt/ros/humble /usr/bin/cmake /home/han/Desktop/Han_ws/09.ROS/urdf/src/urdf_study -DCMAKE_INSTALL_PREFIX=/home/han/Desktop/Han_ws/09.ROS/urdf/install/urdf_study
[0.519s] Invoking command in '/home/han/Desktop/Han_ws/09.ROS/urdf/build/urdf_study': CMAKE_PREFIX_PATH=/opt/ros/humble /usr/bin/cmake --build /home/han/Desktop/Han_ws/09.ROS/urdf/build/urdf_study -- -j12 -l12
[0.544s] Invoked command in '/home/han/Desktop/Han_ws/09.ROS/urdf/build/urdf_study' returned '0': CMAKE_PREFIX_PATH=/opt/ros/humble /usr/bin/cmake --build /home/han/Desktop/Han_ws/09.ROS/urdf/build/urdf_study -- -j12 -l12
[0.564s] Invoking command in '/home/han/Desktop/Han_ws/09.ROS/urdf/build/urdf_study': CMAKE_PREFIX_PATH=/opt/ros/humble /usr/bin/cmake --install /home/han/Desktop/Han_ws/09.ROS/urdf/build/urdf_study
[0.569s] -- Install configuration: ""
[0.569s] -- Installing: /home/han/Desktop/Han_ws/09.ROS/urdf/install/urdf_study/share/ament_index/resource_index/package_run_dependencies/urdf_study
[0.570s] -- Installing: /home/han/Desktop/Han_ws/09.ROS/urdf/install/urdf_study/share/ament_index/resource_index/parent_prefix_path/urdf_study
[0.570s] -- Installing: /home/han/Desktop/Han_ws/09.ROS/urdf/install/urdf_study/share/urdf_study/environment/ament_prefix_path.sh
[0.570s] -- Installing: /home/han/Desktop/Han_ws/09.ROS/urdf/install/urdf_study/share/urdf_study/environment/ament_prefix_path.dsv
[0.570s] -- Installing: /home/han/Desktop/Han_ws/09.ROS/urdf/install/urdf_study/share/urdf_study/environment/path.sh
[0.570s] -- Installing: /home/han/Desktop/Han_ws/09.ROS/urdf/install/urdf_study/share/urdf_study/environment/path.dsv
[0.570s] -- Installing: /home/han/Desktop/Han_ws/09.ROS/urdf/install/urdf_study/share/urdf_study/local_setup.bash
[0.570s] -- Installing: /home/han/Desktop/Han_ws/09.ROS/urdf/install/urdf_study/share/urdf_study/local_setup.sh
[0.570s] -- Installing: /home/han/Desktop/Han_ws/09.ROS/urdf/install/urdf_study/share/urdf_study/local_setup.zsh
[0.570s] -- Installing: /home/han/Desktop/Han_ws/09.ROS/urdf/install/urdf_study/share/urdf_study/local_setup.dsv
[0.570s] -- Installing: /home/han/Desktop/Han_ws/09.ROS/urdf/install/urdf_study/share/urdf_study/package.dsv
[0.570s] -- Installing: /home/han/Desktop/Han_ws/09.ROS/urdf/install/urdf_study/share/ament_index/resource_index/packages/urdf_study
[0.570s] -- Installing: /home/han/Desktop/Han_ws/09.ROS/urdf/install/urdf_study/share/urdf_study/cmake/urdf_studyConfig.cmake
[0.570s] -- Installing: /home/han/Desktop/Han_ws/09.ROS/urdf/install/urdf_study/share/urdf_study/cmake/urdf_studyConfig-version.cmake
[0.570s] -- Installing: /home/han/Desktop/Han_ws/09.ROS/urdf/install/urdf_study/share/urdf_study/package.xml
[0.572s] Invoked command in '/home/han/Desktop/Han_ws/09.ROS/urdf/build/urdf_study' returned '0': CMAKE_PREFIX_PATH=/opt/ros/humble /usr/bin/cmake --install /home/han/Desktop/Han_ws/09.ROS/urdf/build/urdf_study
