[0.008s] Invoking command in '/home/han/Desktop/Han_ws/09.ROS/urdf/build/urdf_study': CMAKE_PREFIX_PATH=${CMAKE_PREFIX_PATH}:/opt/ros/humble /usr/bin/cmake --build /home/han/Desktop/Han_ws/09.ROS/urdf/build/urdf_study -- -j12 -l12
[0.025s] -- Found ament_cmake: 1.3.9 (/opt/ros/humble/share/ament_cmake/cmake)
[0.112s] -- Found ament_lint_auto: 0.12.11 (/opt/ros/humble/share/ament_lint_auto/cmake)
[0.160s] -- Added test 'flake8' to check Python code syntax and style conventions
[0.161s] -- Added test 'lint_cmake' to check CMake code style
[0.161s] -- Added test 'pep257' to check Python code against some of the docstring style conventions in PEP 257
[0.162s] -- Added test 'xmllint' to check XML markup files
[0.162s] -- Configuring done
[0.164s] -- Generating done
[0.164s] -- Build files have been written to: /home/han/Desktop/Han_ws/09.ROS/urdf/build/urdf_study
[0.179s] Invoked command in '/home/han/Desktop/Han_ws/09.ROS/urdf/build/urdf_study' returned '0': CMAKE_PREFIX_PATH=${CMAKE_PREFIX_PATH}:/opt/ros/humble /usr/bin/cmake --build /home/han/Desktop/Han_ws/09.ROS/urdf/build/urdf_study -- -j12 -l12
[0.198s] Invoking command in '/home/han/Desktop/Han_ws/09.ROS/urdf/build/urdf_study': CMAKE_PREFIX_PATH=${CMAKE_PREFIX_PATH}:/opt/ros/humble /usr/bin/cmake --install /home/han/Desktop/Han_ws/09.ROS/urdf/build/urdf_study
[0.203s] -- Install configuration: ""
[0.203s] -- Up-to-date: /home/han/Desktop/Han_ws/09.ROS/urdf/install/urdf_study/share/urdf_study/launch
[0.203s] -- Up-to-date: /home/han/Desktop/Han_ws/09.ROS/urdf/install/urdf_study/share/urdf_study/launch/simple_display.launch.py
[0.203s] -- Up-to-date: /home/han/Desktop/Han_ws/09.ROS/urdf/install/urdf_study/share/urdf_study/urdf
[0.203s] -- Up-to-date: /home/han/Desktop/Han_ws/09.ROS/urdf/install/urdf_study/share/urdf_study/urdf/myfirst.urdf
[0.203s] -- Installing: /home/han/Desktop/Han_ws/09.ROS/urdf/install/urdf_study/share/urdf_study/rviz
[0.204s] -- Installing: /home/han/Desktop/Han_ws/09.ROS/urdf/install/urdf_study/share/urdf_study/rviz/urdf.rviz
[0.204s] -- Up-to-date: /home/han/Desktop/Han_ws/09.ROS/urdf/install/urdf_study/share/ament_index/resource_index/package_run_dependencies/urdf_study
[0.204s] -- Installing: /home/han/Desktop/Han_ws/09.ROS/urdf/install/urdf_study/share/ament_index/resource_index/parent_prefix_path/urdf_study
[0.204s] -- Up-to-date: /home/han/Desktop/Han_ws/09.ROS/urdf/install/urdf_study/share/urdf_study/environment/ament_prefix_path.sh
[0.204s] -- Installing: /home/han/Desktop/Han_ws/09.ROS/urdf/install/urdf_study/share/urdf_study/environment/ament_prefix_path.dsv
[0.204s] -- Up-to-date: /home/han/Desktop/Han_ws/09.ROS/urdf/install/urdf_study/share/urdf_study/environment/path.sh
[0.204s] -- Installing: /home/han/Desktop/Han_ws/09.ROS/urdf/install/urdf_study/share/urdf_study/environment/path.dsv
[0.204s] -- Up-to-date: /home/han/Desktop/Han_ws/09.ROS/urdf/install/urdf_study/share/urdf_study/local_setup.bash
[0.204s] -- Up-to-date: /home/han/Desktop/Han_ws/09.ROS/urdf/install/urdf_study/share/urdf_study/local_setup.sh
[0.204s] -- Up-to-date: /home/han/Desktop/Han_ws/09.ROS/urdf/install/urdf_study/share/urdf_study/local_setup.zsh
[0.204s] -- Installing: /home/han/Desktop/Han_ws/09.ROS/urdf/install/urdf_study/share/urdf_study/local_setup.dsv
[0.204s] -- Installing: /home/han/Desktop/Han_ws/09.ROS/urdf/install/urdf_study/share/urdf_study/package.dsv
[0.204s] -- Up-to-date: /home/han/Desktop/Han_ws/09.ROS/urdf/install/urdf_study/share/ament_index/resource_index/packages/urdf_study
[0.204s] -- Up-to-date: /home/han/Desktop/Han_ws/09.ROS/urdf/install/urdf_study/share/urdf_study/cmake/urdf_studyConfig.cmake
[0.204s] -- Up-to-date: /home/han/Desktop/Han_ws/09.ROS/urdf/install/urdf_study/share/urdf_study/cmake/urdf_studyConfig-version.cmake
[0.204s] -- Up-to-date: /home/han/Desktop/Han_ws/09.ROS/urdf/install/urdf_study/share/urdf_study/package.xml
[0.205s] Invoked command in '/home/han/Desktop/Han_ws/09.ROS/urdf/build/urdf_study' returned '0': CMAKE_PREFIX_PATH=${CMAKE_PREFIX_PATH}:/opt/ros/humble /usr/bin/cmake --install /home/han/Desktop/Han_ws/09.ROS/urdf/build/urdf_study
