[0.011s] Invoking command in '/home/han/Desktop/Han_ws/09.ROS/my_mobile/build/my_robot_gazebo': /usr/bin/cmake --build /home/han/Desktop/Han_ws/09.ROS/my_mobile/build/my_robot_gazebo -- -j12 -l12
[0.039s] Invoked command in '/home/han/Desktop/Han_ws/09.ROS/my_mobile/build/my_robot_gazebo' returned '0': /usr/bin/cmake --build /home/han/Desktop/Han_ws/09.ROS/my_mobile/build/my_robot_gazebo -- -j12 -l12
[0.061s] Invoking command in '/home/han/Desktop/Han_ws/09.ROS/my_mobile/build/my_robot_gazebo': /usr/bin/cmake --install /home/han/Desktop/Han_ws/09.ROS/my_mobile/build/my_robot_gazebo
[0.068s] -- Install configuration: ""
[0.069s] -- Up-to-date: /home/han/Desktop/Han_ws/09.ROS/my_mobile/install/my_robot_gazebo/share/my_robot_gazebo/launch
[0.069s] -- Installing: /home/han/Desktop/Han_ws/09.ROS/my_mobile/install/my_robot_gazebo/share/my_robot_gazebo/launch/launch_sim.launch.xml
[0.070s] -- Up-to-date: /home/han/Desktop/Han_ws/09.ROS/my_mobile/install/my_robot_gazebo/share/ament_index/resource_index/package_run_dependencies/my_robot_gazebo
[0.070s] -- Up-to-date: /home/han/Desktop/Han_ws/09.ROS/my_mobile/install/my_robot_gazebo/share/ament_index/resource_index/parent_prefix_path/my_robot_gazebo
[0.070s] -- Installing: /home/han/Desktop/Han_ws/09.ROS/my_mobile/install/my_robot_gazebo/share/my_robot_gazebo/environment/ament_prefix_path.sh
[0.070s] -- Up-to-date: /home/han/Desktop/Han_ws/09.ROS/my_mobile/install/my_robot_gazebo/share/my_robot_gazebo/environment/ament_prefix_path.dsv
[0.070s] -- Installing: /home/han/Desktop/Han_ws/09.ROS/my_mobile/install/my_robot_gazebo/share/my_robot_gazebo/environment/path.sh
[0.070s] -- Up-to-date: /home/han/Desktop/Han_ws/09.ROS/my_mobile/install/my_robot_gazebo/share/my_robot_gazebo/environment/path.dsv
[0.070s] -- Up-to-date: /home/han/Desktop/Han_ws/09.ROS/my_mobile/install/my_robot_gazebo/share/my_robot_gazebo/local_setup.bash
[0.071s] -- Up-to-date: /home/han/Desktop/Han_ws/09.ROS/my_mobile/install/my_robot_gazebo/share/my_robot_gazebo/local_setup.sh
[0.071s] -- Up-to-date: /home/han/Desktop/Han_ws/09.ROS/my_mobile/install/my_robot_gazebo/share/my_robot_gazebo/local_setup.zsh
[0.071s] -- Up-to-date: /home/han/Desktop/Han_ws/09.ROS/my_mobile/install/my_robot_gazebo/share/my_robot_gazebo/local_setup.dsv
[0.071s] -- Up-to-date: /home/han/Desktop/Han_ws/09.ROS/my_mobile/install/my_robot_gazebo/share/my_robot_gazebo/package.dsv
[0.071s] -- Up-to-date: /home/han/Desktop/Han_ws/09.ROS/my_mobile/install/my_robot_gazebo/share/ament_index/resource_index/packages/my_robot_gazebo
[0.071s] -- Up-to-date: /home/han/Desktop/Han_ws/09.ROS/my_mobile/install/my_robot_gazebo/share/my_robot_gazebo/cmake/my_robot_gazeboConfig.cmake
[0.071s] -- Up-to-date: /home/han/Desktop/Han_ws/09.ROS/my_mobile/install/my_robot_gazebo/share/my_robot_gazebo/cmake/my_robot_gazeboConfig-version.cmake
[0.071s] -- Up-to-date: /home/han/Desktop/Han_ws/09.ROS/my_mobile/install/my_robot_gazebo/share/my_robot_gazebo/package.xml
[0.079s] Invoked command in '/home/han/Desktop/Han_ws/09.ROS/my_mobile/build/my_robot_gazebo' returned '0': /usr/bin/cmake --install /home/han/Desktop/Han_ws/09.ROS/my_mobile/build/my_robot_gazebo
