[0.278s] Invoking command in '/home/han/Desktop/Han_ws/09.ROS/build/my_first_package_msgs': CMAKE_PREFIX_PATH=/opt/ros/humble /usr/bin/cmake --build /home/han/Desktop/Han_ws/09.ROS/build/my_first_package_msgs -- -j12 -l12
[0.327s] [  4%] Built target my_first_package_msgs__cpp
[0.327s] [ 12%] Built target my_first_package_msgs__rosidl_generator_c
[0.342s] [ 12%] Built target ament_cmake_python_copy_my_first_package_msgs
[0.362s] [ 23%] Built target my_first_package_msgs__rosidl_typesupport_introspection_c
[0.362s] [ 34%] Built target my_first_package_msgs__rosidl_typesupport_c
[0.363s] [ 55%] Built target my_first_package_msgs__rosidl_typesupport_fastrtps_cpp
[0.363s] [ 55%] Built target my_first_package_msgs__rosidl_typesupport_introspection_cpp
[0.363s] [ 65%] Built target my_first_package_msgs__rosidl_typesupport_fastrtps_c
[0.374s] [ 76%] Built target my_first_package_msgs__rosidl_typesupport_cpp
[0.398s] [ 76%] Built target my_first_package_msgs
[0.424s] [ 78%] Built target my_first_package_msgs__py
[0.451s] [ 87%] Built target my_first_package_msgs__rosidl_generator_py
[0.481s] [ 95%] Built target my_first_package_msgs__rosidl_typesupport_c__pyext
[0.481s] [ 95%] Built target my_first_package_msgs__rosidl_typesupport_introspection_c__pyext
[0.481s] [100%] Built target my_first_package_msgs__rosidl_typesupport_fastrtps_c__pyext
[0.648s] running egg_info
[0.649s] writing my_first_package_msgs.egg-info/PKG-INFO
[0.649s] writing dependency_links to my_first_package_msgs.egg-info/dependency_links.txt
[0.650s] writing top-level names to my_first_package_msgs.egg-info/top_level.txt
[0.652s] reading manifest file 'my_first_package_msgs.egg-info/SOURCES.txt'
[0.653s] writing manifest file 'my_first_package_msgs.egg-info/SOURCES.txt'
[0.694s] [100%] Built target ament_cmake_python_build_my_first_package_msgs_egg
[0.711s] Invoked command in '/home/han/Desktop/Han_ws/09.ROS/build/my_first_package_msgs' returned '0': CMAKE_PREFIX_PATH=/opt/ros/humble /usr/bin/cmake --build /home/han/Desktop/Han_ws/09.ROS/build/my_first_package_msgs -- -j12 -l12
[0.810s] Invoking command in '/home/han/Desktop/Han_ws/09.ROS/build/my_first_package_msgs': CMAKE_PREFIX_PATH=/opt/ros/humble /usr/bin/cmake --install /home/han/Desktop/Han_ws/09.ROS/build/my_first_package_msgs
[0.818s] -- Install configuration: ""
[0.818s] -- Up-to-date: /home/han/Desktop/Han_ws/09.ROS/install/my_first_package_msgs/share/ament_index/resource_index/rosidl_interfaces/my_first_package_msgs
[0.819s] -- Up-to-date: /home/han/Desktop/Han_ws/09.ROS/install/my_first_package_msgs/include/my_first_package_msgs/my_first_package_msgs
[0.819s] -- Up-to-date: /home/han/Desktop/Han_ws/09.ROS/install/my_first_package_msgs/include/my_first_package_msgs/my_first_package_msgs/action
[0.819s] -- Up-to-date: /home/han/Desktop/Han_ws/09.ROS/install/my_first_package_msgs/include/my_first_package_msgs/my_first_package_msgs/action/detail
[0.819s] -- Up-to-date: /home/han/Desktop/Han_ws/09.ROS/install/my_first_package_msgs/include/my_first_package_msgs/my_first_package_msgs/action/detail/dist_turtle__type_support.h
[0.819s] -- Up-to-date: /home/han/Desktop/Han_ws/09.ROS/install/my_first_package_msgs/include/my_first_package_msgs/my_first_package_msgs/action/detail/dist_turtle__functions.c
[0.819s] -- Up-to-date: /home/han/Desktop/Han_ws/09.ROS/install/my_first_package_msgs/include/my_first_package_msgs/my_first_package_msgs/action/detail/dist_turtle__functions.h
[0.819s] -- Up-to-date: /home/han/Desktop/Han_ws/09.ROS/install/my_first_package_msgs/include/my_first_package_msgs/my_first_package_msgs/action/detail/dist_turtle__struct.h
[0.819s] -- Up-to-date: /home/han/Desktop/Han_ws/09.ROS/install/my_first_package_msgs/include/my_first_package_msgs/my_first_package_msgs/action/dist_turtle.h
[0.819s] -- Up-to-date: /home/han/Desktop/Han_ws/09.ROS/install/my_first_package_msgs/include/my_first_package_msgs/my_first_package_msgs/srv
[0.819s] -- Up-to-date: /home/han/Desktop/Han_ws/09.ROS/install/my_first_package_msgs/include/my_first_package_msgs/my_first_package_msgs/srv/detail
[0.820s] -- Up-to-date: /home/han/Desktop/Han_ws/09.ROS/install/my_first_package_msgs/include/my_first_package_msgs/my_first_package_msgs/srv/detail/multi_spawn__struct.h
[0.820s] -- Up-to-date: /home/han/Desktop/Han_ws/09.ROS/install/my_first_package_msgs/include/my_first_package_msgs/my_first_package_msgs/srv/detail/multi_spawn__type_support.h
[0.820s] -- Up-to-date: /home/han/Desktop/Han_ws/09.ROS/install/my_first_package_msgs/include/my_first_package_msgs/my_first_package_msgs/srv/detail/multi_spawn__functions.h
[0.820s] -- Up-to-date: /home/han/Desktop/Han_ws/09.ROS/install/my_first_package_msgs/include/my_first_package_msgs/my_first_package_msgs/srv/detail/multi_spawn__functions.c
[0.820s] -- Up-to-date: /home/han/Desktop/Han_ws/09.ROS/install/my_first_package_msgs/include/my_first_package_msgs/my_first_package_msgs/srv/multi_spawn.h
[0.820s] -- Up-to-date: /home/han/Desktop/Han_ws/09.ROS/install/my_first_package_msgs/include/my_first_package_msgs/my_first_package_msgs/msg
[0.821s] -- Up-to-date: /home/han/Desktop/Han_ws/09.ROS/install/my_first_package_msgs/include/my_first_package_msgs/my_first_package_msgs/msg/rosidl_generator_c__visibility_control.h
[0.821s] -- Up-to-date: /home/han/Desktop/Han_ws/09.ROS/install/my_first_package_msgs/include/my_first_package_msgs/my_first_package_msgs/msg/detail
[0.821s] -- Up-to-date: /home/han/Desktop/Han_ws/09.ROS/install/my_first_package_msgs/include/my_first_package_msgs/my_first_package_msgs/msg/detail/cmd_and_pose_vel__functions.h
[0.821s] -- Up-to-date: /home/han/Desktop/Han_ws/09.ROS/install/my_first_package_msgs/include/my_first_package_msgs/my_first_package_msgs/msg/detail/cmd_and_pose_vel__type_support.h
[0.821s] -- Up-to-date: /home/han/Desktop/Han_ws/09.ROS/install/my_first_package_msgs/include/my_first_package_msgs/my_first_package_msgs/msg/detail/cmd_and_pose_vel__struct.h
[0.821s] -- Up-to-date: /home/han/Desktop/Han_ws/09.ROS/install/my_first_package_msgs/include/my_first_package_msgs/my_first_package_msgs/msg/detail/cmd_and_pose_vel__functions.c
[0.821s] -- Up-to-date: /home/han/Desktop/Han_ws/09.ROS/install/my_first_package_msgs/include/my_first_package_msgs/my_first_package_msgs/msg/cmd_and_pose_vel.h
[0.822s] -- Up-to-date: /home/han/Desktop/Han_ws/09.ROS/install/my_first_package_msgs/share/my_first_package_msgs/environment/library_path.sh
[0.822s] -- Up-to-date: /home/han/Desktop/Han_ws/09.ROS/install/my_first_package_msgs/share/my_first_package_msgs/environment/library_path.dsv
[0.822s] -- Up-to-date: /home/han/Desktop/Han_ws/09.ROS/install/my_first_package_msgs/lib/libmy_first_package_msgs__rosidl_generator_c.so
[0.822s] -- Up-to-date: /home/han/Desktop/Han_ws/09.ROS/install/my_first_package_msgs/include/my_first_package_msgs/my_first_package_msgs
[0.822s] -- Up-to-date: /home/han/Desktop/Han_ws/09.ROS/install/my_first_package_msgs/include/my_first_package_msgs/my_first_package_msgs/action
[0.822s] -- Up-to-date: /home/han/Desktop/Han_ws/09.ROS/install/my_first_package_msgs/include/my_first_package_msgs/my_first_package_msgs/action/detail
[0.822s] -- Up-to-date: /home/han/Desktop/Han_ws/09.ROS/install/my_first_package_msgs/include/my_first_package_msgs/my_first_package_msgs/action/detail/dist_turtle__rosidl_typesupport_fastrtps_c.h
[0.823s] -- Up-to-date: /home/han/Desktop/Han_ws/09.ROS/install/my_first_package_msgs/include/my_first_package_msgs/my_first_package_msgs/srv
[0.823s] -- Up-to-date: /home/han/Desktop/Han_ws/09.ROS/install/my_first_package_msgs/include/my_first_package_msgs/my_first_package_msgs/srv/detail
[0.823s] -- Up-to-date: /home/han/Desktop/Han_ws/09.ROS/install/my_first_package_msgs/include/my_first_package_msgs/my_first_package_msgs/srv/detail/multi_spawn__rosidl_typesupport_fastrtps_c.h
[0.823s] -- Up-to-date: /home/han/Desktop/Han_ws/09.ROS/install/my_first_package_msgs/include/my_first_package_msgs/my_first_package_msgs/msg
[0.823s] -- Up-to-date: /home/han/Desktop/Han_ws/09.ROS/install/my_first_package_msgs/include/my_first_package_msgs/my_first_package_msgs/msg/detail
[0.823s] -- Up-to-date: /home/han/Desktop/Han_ws/09.ROS/install/my_first_package_msgs/include/my_first_package_msgs/my_first_package_msgs/msg/detail/cmd_and_pose_vel__rosidl_typesupport_fastrtps_c.h
[0.823s] -- Up-to-date: /home/han/Desktop/Han_ws/09.ROS/install/my_first_package_msgs/include/my_first_package_msgs/my_first_package_msgs/msg/rosidl_typesupport_fastrtps_c__visibility_control.h
[0.823s] -- Up-to-date: /home/han/Desktop/Han_ws/09.ROS/install/my_first_package_msgs/lib/libmy_first_package_msgs__rosidl_typesupport_fastrtps_c.so
[0.823s] -- Up-to-date: /home/han/Desktop/Han_ws/09.ROS/install/my_first_package_msgs/include/my_first_package_msgs/my_first_package_msgs
[0.824s] -- Up-to-date: /home/han/Desktop/Han_ws/09.ROS/install/my_first_package_msgs/include/my_first_package_msgs/my_first_package_msgs/action
[0.824s] -- Up-to-date: /home/han/Desktop/Han_ws/09.ROS/install/my_first_package_msgs/include/my_first_package_msgs/my_first_package_msgs/action/detail
[0.824s] -- Up-to-date: /home/han/Desktop/Han_ws/09.ROS/install/my_first_package_msgs/include/my_first_package_msgs/my_first_package_msgs/action/detail/dist_turtle__rosidl_typesupport_introspection_c.h
[0.824s] -- Up-to-date: /home/han/Desktop/Han_ws/09.ROS/install/my_first_package_msgs/include/my_first_package_msgs/my_first_package_msgs/action/detail/dist_turtle__type_support.c
[0.824s] -- Up-to-date: /home/han/Desktop/Han_ws/09.ROS/install/my_first_package_msgs/include/my_first_package_msgs/my_first_package_msgs/srv
[0.824s] -- Up-to-date: /home/han/Desktop/Han_ws/09.ROS/install/my_first_package_msgs/include/my_first_package_msgs/my_first_package_msgs/srv/detail
[0.824s] -- Up-to-date: /home/han/Desktop/Han_ws/09.ROS/install/my_first_package_msgs/include/my_first_package_msgs/my_first_package_msgs/srv/detail/multi_spawn__rosidl_typesupport_introspection_c.h
[0.825s] -- Up-to-date: /home/han/Desktop/Han_ws/09.ROS/install/my_first_package_msgs/include/my_first_package_msgs/my_first_package_msgs/srv/detail/multi_spawn__type_support.c
[0.825s] -- Up-to-date: /home/han/Desktop/Han_ws/09.ROS/install/my_first_package_msgs/include/my_first_package_msgs/my_first_package_msgs/msg
[0.825s] -- Up-to-date: /home/han/Desktop/Han_ws/09.ROS/install/my_first_package_msgs/include/my_first_package_msgs/my_first_package_msgs/msg/rosidl_typesupport_introspection_c__visibility_control.h
[0.826s] -- Up-to-date: /home/han/Desktop/Han_ws/09.ROS/install/my_first_package_msgs/include/my_first_package_msgs/my_first_package_msgs/msg/detail
[0.826s] -- Up-to-date: /home/han/Desktop/Han_ws/09.ROS/install/my_first_package_msgs/include/my_first_package_msgs/my_first_package_msgs/msg/detail/cmd_and_pose_vel__rosidl_typesupport_introspection_c.h
[0.826s] -- Up-to-date: /home/han/Desktop/Han_ws/09.ROS/install/my_first_package_msgs/include/my_first_package_msgs/my_first_package_msgs/msg/detail/cmd_and_pose_vel__type_support.c
[0.826s] -- Up-to-date: /home/han/Desktop/Han_ws/09.ROS/install/my_first_package_msgs/lib/libmy_first_package_msgs__rosidl_typesupport_introspection_c.so
[0.826s] -- Up-to-date: /home/han/Desktop/Han_ws/09.ROS/install/my_first_package_msgs/lib/libmy_first_package_msgs__rosidl_typesupport_c.so
[0.826s] -- Up-to-date: /home/han/Desktop/Han_ws/09.ROS/install/my_first_package_msgs/include/my_first_package_msgs/my_first_package_msgs
[0.826s] -- Up-to-date: /home/han/Desktop/Han_ws/09.ROS/install/my_first_package_msgs/include/my_first_package_msgs/my_first_package_msgs/action
[0.826s] -- Up-to-date: /home/han/Desktop/Han_ws/09.ROS/install/my_first_package_msgs/include/my_first_package_msgs/my_first_package_msgs/action/detail
[0.826s] -- Up-to-date: /home/han/Desktop/Han_ws/09.ROS/install/my_first_package_msgs/include/my_first_package_msgs/my_first_package_msgs/action/detail/dist_turtle__struct.hpp
[0.826s] -- Up-to-date: /home/han/Desktop/Han_ws/09.ROS/install/my_first_package_msgs/include/my_first_package_msgs/my_first_package_msgs/action/detail/dist_turtle__traits.hpp
[0.826s] -- Up-to-date: /home/han/Desktop/Han_ws/09.ROS/install/my_first_package_msgs/include/my_first_package_msgs/my_first_package_msgs/action/detail/dist_turtle__builder.hpp
[0.827s] -- Up-to-date: /home/han/Desktop/Han_ws/09.ROS/install/my_first_package_msgs/include/my_first_package_msgs/my_first_package_msgs/action/dist_turtle.hpp
[0.827s] -- Up-to-date: /home/han/Desktop/Han_ws/09.ROS/install/my_first_package_msgs/include/my_first_package_msgs/my_first_package_msgs/srv
[0.827s] -- Up-to-date: /home/han/Desktop/Han_ws/09.ROS/install/my_first_package_msgs/include/my_first_package_msgs/my_first_package_msgs/srv/detail
[0.827s] -- Up-to-date: /home/han/Desktop/Han_ws/09.ROS/install/my_first_package_msgs/include/my_first_package_msgs/my_first_package_msgs/srv/detail/multi_spawn__struct.hpp
[0.827s] -- Up-to-date: /home/han/Desktop/Han_ws/09.ROS/install/my_first_package_msgs/include/my_first_package_msgs/my_first_package_msgs/srv/detail/multi_spawn__traits.hpp
[0.827s] -- Up-to-date: /home/han/Desktop/Han_ws/09.ROS/install/my_first_package_msgs/include/my_first_package_msgs/my_first_package_msgs/srv/detail/multi_spawn__builder.hpp
[0.827s] -- Up-to-date: /home/han/Desktop/Han_ws/09.ROS/install/my_first_package_msgs/include/my_first_package_msgs/my_first_package_msgs/srv/multi_spawn.hpp
[0.827s] -- Up-to-date: /home/han/Desktop/Han_ws/09.ROS/install/my_first_package_msgs/include/my_first_package_msgs/my_first_package_msgs/msg
[0.827s] -- Up-to-date: /home/han/Desktop/Han_ws/09.ROS/install/my_first_package_msgs/include/my_first_package_msgs/my_first_package_msgs/msg/cmd_and_pose_vel.hpp
[0.827s] -- Up-to-date: /home/han/Desktop/Han_ws/09.ROS/install/my_first_package_msgs/include/my_first_package_msgs/my_first_package_msgs/msg/detail
[0.827s] -- Up-to-date: /home/han/Desktop/Han_ws/09.ROS/install/my_first_package_msgs/include/my_first_package_msgs/my_first_package_msgs/msg/detail/cmd_and_pose_vel__struct.hpp
[0.827s] -- Up-to-date: /home/han/Desktop/Han_ws/09.ROS/install/my_first_package_msgs/include/my_first_package_msgs/my_first_package_msgs/msg/detail/cmd_and_pose_vel__builder.hpp
[0.827s] -- Up-to-date: /home/han/Desktop/Han_ws/09.ROS/install/my_first_package_msgs/include/my_first_package_msgs/my_first_package_msgs/msg/detail/cmd_and_pose_vel__traits.hpp
[0.827s] -- Up-to-date: /home/han/Desktop/Han_ws/09.ROS/install/my_first_package_msgs/include/my_first_package_msgs/my_first_package_msgs
[0.827s] -- Up-to-date: /home/han/Desktop/Han_ws/09.ROS/install/my_first_package_msgs/include/my_first_package_msgs/my_first_package_msgs/action
[0.827s] -- Up-to-date: /home/han/Desktop/Han_ws/09.ROS/install/my_first_package_msgs/include/my_first_package_msgs/my_first_package_msgs/action/detail
[0.827s] -- Up-to-date: /home/han/Desktop/Han_ws/09.ROS/install/my_first_package_msgs/include/my_first_package_msgs/my_first_package_msgs/action/detail/dist_turtle__rosidl_typesupport_fastrtps_cpp.hpp
[0.827s] -- Up-to-date: /home/han/Desktop/Han_ws/09.ROS/install/my_first_package_msgs/include/my_first_package_msgs/my_first_package_msgs/action/detail/dds_fastrtps
[0.828s] -- Up-to-date: /home/han/Desktop/Han_ws/09.ROS/install/my_first_package_msgs/include/my_first_package_msgs/my_first_package_msgs/srv
[0.828s] -- Up-to-date: /home/han/Desktop/Han_ws/09.ROS/install/my_first_package_msgs/include/my_first_package_msgs/my_first_package_msgs/srv/detail
[0.828s] -- Up-to-date: /home/han/Desktop/Han_ws/09.ROS/install/my_first_package_msgs/include/my_first_package_msgs/my_first_package_msgs/srv/detail/multi_spawn__rosidl_typesupport_fastrtps_cpp.hpp
[0.828s] -- Up-to-date: /home/han/Desktop/Han_ws/09.ROS/install/my_first_package_msgs/include/my_first_package_msgs/my_first_package_msgs/srv/detail/dds_fastrtps
[0.828s] -- Up-to-date: /home/han/Desktop/Han_ws/09.ROS/install/my_first_package_msgs/include/my_first_package_msgs/my_first_package_msgs/msg
[0.828s] -- Up-to-date: /home/han/Desktop/Han_ws/09.ROS/install/my_first_package_msgs/include/my_first_package_msgs/my_first_package_msgs/msg/rosidl_typesupport_fastrtps_cpp__visibility_control.h
[0.828s] -- Up-to-date: /home/han/Desktop/Han_ws/09.ROS/install/my_first_package_msgs/include/my_first_package_msgs/my_first_package_msgs/msg/detail
[0.828s] -- Up-to-date: /home/han/Desktop/Han_ws/09.ROS/install/my_first_package_msgs/include/my_first_package_msgs/my_first_package_msgs/msg/detail/cmd_and_pose_vel__rosidl_typesupport_fastrtps_cpp.hpp
[0.828s] -- Up-to-date: /home/han/Desktop/Han_ws/09.ROS/install/my_first_package_msgs/include/my_first_package_msgs/my_first_package_msgs/msg/detail/dds_fastrtps
[0.828s] -- Up-to-date: /home/han/Desktop/Han_ws/09.ROS/install/my_first_package_msgs/lib/libmy_first_package_msgs__rosidl_typesupport_fastrtps_cpp.so
[0.828s] -- Up-to-date: /home/han/Desktop/Han_ws/09.ROS/install/my_first_package_msgs/include/my_first_package_msgs/my_first_package_msgs
[0.828s] -- Up-to-date: /home/han/Desktop/Han_ws/09.ROS/install/my_first_package_msgs/include/my_first_package_msgs/my_first_package_msgs/action
[0.828s] -- Up-to-date: /home/han/Desktop/Han_ws/09.ROS/install/my_first_package_msgs/include/my_first_package_msgs/my_first_package_msgs/action/detail
[0.828s] -- Up-to-date: /home/han/Desktop/Han_ws/09.ROS/install/my_first_package_msgs/include/my_first_package_msgs/my_first_package_msgs/action/detail/dist_turtle__type_support.cpp
[0.828s] -- Up-to-date: /home/han/Desktop/Han_ws/09.ROS/install/my_first_package_msgs/include/my_first_package_msgs/my_first_package_msgs/action/detail/dist_turtle__rosidl_typesupport_introspection_cpp.hpp
[0.829s] -- Up-to-date: /home/han/Desktop/Han_ws/09.ROS/install/my_first_package_msgs/include/my_first_package_msgs/my_first_package_msgs/srv
[0.829s] -- Up-to-date: /home/han/Desktop/Han_ws/09.ROS/install/my_first_package_msgs/include/my_first_package_msgs/my_first_package_msgs/srv/detail
[0.829s] -- Up-to-date: /home/han/Desktop/Han_ws/09.ROS/install/my_first_package_msgs/include/my_first_package_msgs/my_first_package_msgs/srv/detail/multi_spawn__rosidl_typesupport_introspection_cpp.hpp
[0.829s] -- Up-to-date: /home/han/Desktop/Han_ws/09.ROS/install/my_first_package_msgs/include/my_first_package_msgs/my_first_package_msgs/srv/detail/multi_spawn__type_support.cpp
[0.829s] -- Up-to-date: /home/han/Desktop/Han_ws/09.ROS/install/my_first_package_msgs/include/my_first_package_msgs/my_first_package_msgs/msg
[0.829s] -- Up-to-date: /home/han/Desktop/Han_ws/09.ROS/install/my_first_package_msgs/include/my_first_package_msgs/my_first_package_msgs/msg/detail
[0.829s] -- Up-to-date: /home/han/Desktop/Han_ws/09.ROS/install/my_first_package_msgs/include/my_first_package_msgs/my_first_package_msgs/msg/detail/cmd_and_pose_vel__rosidl_typesupport_introspection_cpp.hpp
[0.829s] -- Up-to-date: /home/han/Desktop/Han_ws/09.ROS/install/my_first_package_msgs/include/my_first_package_msgs/my_first_package_msgs/msg/detail/cmd_and_pose_vel__type_support.cpp
[0.829s] -- Up-to-date: /home/han/Desktop/Han_ws/09.ROS/install/my_first_package_msgs/lib/libmy_first_package_msgs__rosidl_typesupport_introspection_cpp.so
[0.829s] -- Up-to-date: /home/han/Desktop/Han_ws/09.ROS/install/my_first_package_msgs/lib/libmy_first_package_msgs__rosidl_typesupport_cpp.so
[0.829s] -- Up-to-date: /home/han/Desktop/Han_ws/09.ROS/install/my_first_package_msgs/share/my_first_package_msgs/environment/pythonpath.sh
[0.830s] -- Up-to-date: /home/han/Desktop/Han_ws/09.ROS/install/my_first_package_msgs/share/my_first_package_msgs/environment/pythonpath.dsv
[0.830s] -- Up-to-date: /home/han/Desktop/Han_ws/09.ROS/install/my_first_package_msgs/local/lib/python3.10/dist-packages/my_first_package_msgs-0.0.0-py3.10.egg-info
[0.830s] -- Installing: /home/han/Desktop/Han_ws/09.ROS/install/my_first_package_msgs/local/lib/python3.10/dist-packages/my_first_package_msgs-0.0.0-py3.10.egg-info/dependency_links.txt
[0.830s] -- Installing: /home/han/Desktop/Han_ws/09.ROS/install/my_first_package_msgs/local/lib/python3.10/dist-packages/my_first_package_msgs-0.0.0-py3.10.egg-info/PKG-INFO
[0.830s] -- Installing: /home/han/Desktop/Han_ws/09.ROS/install/my_first_package_msgs/local/lib/python3.10/dist-packages/my_first_package_msgs-0.0.0-py3.10.egg-info/top_level.txt
[0.830s] -- Installing: /home/han/Desktop/Han_ws/09.ROS/install/my_first_package_msgs/local/lib/python3.10/dist-packages/my_first_package_msgs-0.0.0-py3.10.egg-info/SOURCES.txt
[0.830s] -- Up-to-date: /home/han/Desktop/Han_ws/09.ROS/install/my_first_package_msgs/local/lib/python3.10/dist-packages/my_first_package_msgs
[0.830s] -- Up-to-date: /home/han/Desktop/Han_ws/09.ROS/install/my_first_package_msgs/local/lib/python3.10/dist-packages/my_first_package_msgs/__init__.py
[0.830s] -- Up-to-date: /home/han/Desktop/Han_ws/09.ROS/install/my_first_package_msgs/local/lib/python3.10/dist-packages/my_first_package_msgs/action
[0.830s] -- Up-to-date: /home/han/Desktop/Han_ws/09.ROS/install/my_first_package_msgs/local/lib/python3.10/dist-packages/my_first_package_msgs/action/__init__.py
[0.830s] -- Up-to-date: /home/han/Desktop/Han_ws/09.ROS/install/my_first_package_msgs/local/lib/python3.10/dist-packages/my_first_package_msgs/action/_dist_turtle.py
[0.831s] -- Up-to-date: /home/han/Desktop/Han_ws/09.ROS/install/my_first_package_msgs/local/lib/python3.10/dist-packages/my_first_package_msgs/action/_dist_turtle_s.c
[0.831s] -- Up-to-date: /home/han/Desktop/Han_ws/09.ROS/install/my_first_package_msgs/local/lib/python3.10/dist-packages/my_first_package_msgs/_my_first_package_msgs_s.ep.rosidl_typesupport_introspection_c.c
[0.831s] -- Up-to-date: /home/han/Desktop/Han_ws/09.ROS/install/my_first_package_msgs/local/lib/python3.10/dist-packages/my_first_package_msgs/my_first_package_msgs_s__rosidl_typesupport_introspection_c.cpython-310-x86_64-linux-gnu.so
[0.831s] -- Up-to-date: /home/han/Desktop/Han_ws/09.ROS/install/my_first_package_msgs/local/lib/python3.10/dist-packages/my_first_package_msgs/srv
[0.831s] -- Up-to-date: /home/han/Desktop/Han_ws/09.ROS/install/my_first_package_msgs/local/lib/python3.10/dist-packages/my_first_package_msgs/srv/__init__.py
[0.831s] -- Up-to-date: /home/han/Desktop/Han_ws/09.ROS/install/my_first_package_msgs/local/lib/python3.10/dist-packages/my_first_package_msgs/srv/_multi_spawn.py
[0.831s] -- Up-to-date: /home/han/Desktop/Han_ws/09.ROS/install/my_first_package_msgs/local/lib/python3.10/dist-packages/my_first_package_msgs/srv/_multi_spawn_s.c
[0.831s] -- Up-to-date: /home/han/Desktop/Han_ws/09.ROS/install/my_first_package_msgs/local/lib/python3.10/dist-packages/my_first_package_msgs/my_first_package_msgs_s__rosidl_typesupport_fastrtps_c.cpython-310-x86_64-linux-gnu.so
[0.831s] -- Up-to-date: /home/han/Desktop/Han_ws/09.ROS/install/my_first_package_msgs/local/lib/python3.10/dist-packages/my_first_package_msgs/_my_first_package_msgs_s.ep.rosidl_typesupport_c.c
[0.831s] -- Up-to-date: /home/han/Desktop/Han_ws/09.ROS/install/my_first_package_msgs/local/lib/python3.10/dist-packages/my_first_package_msgs/my_first_package_msgs_s__rosidl_typesupport_c.cpython-310-x86_64-linux-gnu.so
[0.832s] -- Up-to-date: /home/han/Desktop/Han_ws/09.ROS/install/my_first_package_msgs/local/lib/python3.10/dist-packages/my_first_package_msgs/_my_first_package_msgs_s.ep.rosidl_typesupport_fastrtps_c.c
[0.832s] -- Up-to-date: /home/han/Desktop/Han_ws/09.ROS/install/my_first_package_msgs/local/lib/python3.10/dist-packages/my_first_package_msgs/libmy_first_package_msgs__rosidl_generator_py.so
[0.832s] -- Up-to-date: /home/han/Desktop/Han_ws/09.ROS/install/my_first_package_msgs/local/lib/python3.10/dist-packages/my_first_package_msgs/msg
[0.832s] -- Up-to-date: /home/han/Desktop/Han_ws/09.ROS/install/my_first_package_msgs/local/lib/python3.10/dist-packages/my_first_package_msgs/msg/__init__.py
[0.832s] -- Up-to-date: /home/han/Desktop/Han_ws/09.ROS/install/my_first_package_msgs/local/lib/python3.10/dist-packages/my_first_package_msgs/msg/_cmd_and_pose_vel_s.c
[0.832s] -- Up-to-date: /home/han/Desktop/Han_ws/09.ROS/install/my_first_package_msgs/local/lib/python3.10/dist-packages/my_first_package_msgs/msg/_cmd_and_pose_vel.py
[0.853s] Listing '/home/han/Desktop/Han_ws/09.ROS/install/my_first_package_msgs/local/lib/python3.10/dist-packages/my_first_package_msgs'...
[0.853s] Listing '/home/han/Desktop/Han_ws/09.ROS/install/my_first_package_msgs/local/lib/python3.10/dist-packages/my_first_package_msgs/action'...
[0.853s] Listing '/home/han/Desktop/Han_ws/09.ROS/install/my_first_package_msgs/local/lib/python3.10/dist-packages/my_first_package_msgs/msg'...
[0.854s] Listing '/home/han/Desktop/Han_ws/09.ROS/install/my_first_package_msgs/local/lib/python3.10/dist-packages/my_first_package_msgs/srv'...
[0.857s] -- Up-to-date: /home/han/Desktop/Han_ws/09.ROS/install/my_first_package_msgs/local/lib/python3.10/dist-packages/my_first_package_msgs/my_first_package_msgs_s__rosidl_typesupport_fastrtps_c.cpython-310-x86_64-linux-gnu.so
[0.857s] -- Up-to-date: /home/han/Desktop/Han_ws/09.ROS/install/my_first_package_msgs/local/lib/python3.10/dist-packages/my_first_package_msgs/my_first_package_msgs_s__rosidl_typesupport_introspection_c.cpython-310-x86_64-linux-gnu.so
[0.857s] -- Up-to-date: /home/han/Desktop/Han_ws/09.ROS/install/my_first_package_msgs/local/lib/python3.10/dist-packages/my_first_package_msgs/my_first_package_msgs_s__rosidl_typesupport_c.cpython-310-x86_64-linux-gnu.so
[0.858s] -- Up-to-date: /home/han/Desktop/Han_ws/09.ROS/install/my_first_package_msgs/lib/libmy_first_package_msgs__rosidl_generator_py.so
[0.858s] -- Up-to-date: /home/han/Desktop/Han_ws/09.ROS/install/my_first_package_msgs/share/my_first_package_msgs/msg/CmdAndPoseVel.idl
[0.858s] -- Up-to-date: /home/han/Desktop/Han_ws/09.ROS/install/my_first_package_msgs/share/my_first_package_msgs/srv/MultiSpawn.idl
[0.858s] -- Up-to-date: /home/han/Desktop/Han_ws/09.ROS/install/my_first_package_msgs/share/my_first_package_msgs/action/DistTurtle.idl
[0.858s] -- Up-to-date: /home/han/Desktop/Han_ws/09.ROS/install/my_first_package_msgs/share/my_first_package_msgs/msg/CmdAndPoseVel.msg
[0.858s] -- Up-to-date: /home/han/Desktop/Han_ws/09.ROS/install/my_first_package_msgs/share/my_first_package_msgs/srv/MultiSpawn.srv
[0.858s] -- Up-to-date: /home/han/Desktop/Han_ws/09.ROS/install/my_first_package_msgs/share/my_first_package_msgs/srv/MultiSpawn_Request.msg
[0.858s] -- Up-to-date: /home/han/Desktop/Han_ws/09.ROS/install/my_first_package_msgs/share/my_first_package_msgs/srv/MultiSpawn_Response.msg
[0.858s] -- Up-to-date: /home/han/Desktop/Han_ws/09.ROS/install/my_first_package_msgs/share/my_first_package_msgs/action/DistTurtle.action
[0.859s] -- Up-to-date: /home/han/Desktop/Han_ws/09.ROS/install/my_first_package_msgs/share/ament_index/resource_index/package_run_dependencies/my_first_package_msgs
[0.859s] -- Up-to-date: /home/han/Desktop/Han_ws/09.ROS/install/my_first_package_msgs/share/ament_index/resource_index/parent_prefix_path/my_first_package_msgs
[0.859s] -- Up-to-date: /home/han/Desktop/Han_ws/09.ROS/install/my_first_package_msgs/share/my_first_package_msgs/environment/ament_prefix_path.sh
[0.859s] -- Up-to-date: /home/han/Desktop/Han_ws/09.ROS/install/my_first_package_msgs/share/my_first_package_msgs/environment/ament_prefix_path.dsv
[0.859s] -- Up-to-date: /home/han/Desktop/Han_ws/09.ROS/install/my_first_package_msgs/share/my_first_package_msgs/environment/path.sh
[0.859s] -- Up-to-date: /home/han/Desktop/Han_ws/09.ROS/install/my_first_package_msgs/share/my_first_package_msgs/environment/path.dsv
[0.859s] -- Up-to-date: /home/han/Desktop/Han_ws/09.ROS/install/my_first_package_msgs/share/my_first_package_msgs/local_setup.bash
[0.859s] -- Up-to-date: /home/han/Desktop/Han_ws/09.ROS/install/my_first_package_msgs/share/my_first_package_msgs/local_setup.sh
[0.859s] -- Up-to-date: /home/han/Desktop/Han_ws/09.ROS/install/my_first_package_msgs/share/my_first_package_msgs/local_setup.zsh
[0.859s] -- Up-to-date: /home/han/Desktop/Han_ws/09.ROS/install/my_first_package_msgs/share/my_first_package_msgs/local_setup.dsv
[0.859s] -- Installing: /home/han/Desktop/Han_ws/09.ROS/install/my_first_package_msgs/share/my_first_package_msgs/package.dsv
[0.860s] -- Up-to-date: /home/han/Desktop/Han_ws/09.ROS/install/my_first_package_msgs/share/ament_index/resource_index/packages/my_first_package_msgs
[0.860s] -- Up-to-date: /home/han/Desktop/Han_ws/09.ROS/install/my_first_package_msgs/share/my_first_package_msgs/cmake/export_my_first_package_msgs__rosidl_generator_cExport.cmake
[0.860s] -- Up-to-date: /home/han/Desktop/Han_ws/09.ROS/install/my_first_package_msgs/share/my_first_package_msgs/cmake/export_my_first_package_msgs__rosidl_generator_cExport-noconfig.cmake
[0.860s] -- Up-to-date: /home/han/Desktop/Han_ws/09.ROS/install/my_first_package_msgs/share/my_first_package_msgs/cmake/export_my_first_package_msgs__rosidl_typesupport_fastrtps_cExport.cmake
[0.860s] -- Up-to-date: /home/han/Desktop/Han_ws/09.ROS/install/my_first_package_msgs/share/my_first_package_msgs/cmake/export_my_first_package_msgs__rosidl_typesupport_fastrtps_cExport-noconfig.cmake
[0.860s] -- Up-to-date: /home/han/Desktop/Han_ws/09.ROS/install/my_first_package_msgs/share/my_first_package_msgs/cmake/my_first_package_msgs__rosidl_typesupport_introspection_cExport.cmake
[0.860s] -- Up-to-date: /home/han/Desktop/Han_ws/09.ROS/install/my_first_package_msgs/share/my_first_package_msgs/cmake/my_first_package_msgs__rosidl_typesupport_introspection_cExport-noconfig.cmake
[0.860s] -- Up-to-date: /home/han/Desktop/Han_ws/09.ROS/install/my_first_package_msgs/share/my_first_package_msgs/cmake/my_first_package_msgs__rosidl_typesupport_cExport.cmake
[0.860s] -- Up-to-date: /home/han/Desktop/Han_ws/09.ROS/install/my_first_package_msgs/share/my_first_package_msgs/cmake/my_first_package_msgs__rosidl_typesupport_cExport-noconfig.cmake
[0.860s] -- Up-to-date: /home/han/Desktop/Han_ws/09.ROS/install/my_first_package_msgs/share/my_first_package_msgs/cmake/export_my_first_package_msgs__rosidl_generator_cppExport.cmake
[0.860s] -- Up-to-date: /home/han/Desktop/Han_ws/09.ROS/install/my_first_package_msgs/share/my_first_package_msgs/cmake/export_my_first_package_msgs__rosidl_typesupport_fastrtps_cppExport.cmake
[0.860s] -- Up-to-date: /home/han/Desktop/Han_ws/09.ROS/install/my_first_package_msgs/share/my_first_package_msgs/cmake/export_my_first_package_msgs__rosidl_typesupport_fastrtps_cppExport-noconfig.cmake
[0.860s] -- Up-to-date: /home/han/Desktop/Han_ws/09.ROS/install/my_first_package_msgs/share/my_first_package_msgs/cmake/my_first_package_msgs__rosidl_typesupport_introspection_cppExport.cmake
[0.860s] -- Up-to-date: /home/han/Desktop/Han_ws/09.ROS/install/my_first_package_msgs/share/my_first_package_msgs/cmake/my_first_package_msgs__rosidl_typesupport_introspection_cppExport-noconfig.cmake
[0.861s] -- Up-to-date: /home/han/Desktop/Han_ws/09.ROS/install/my_first_package_msgs/share/my_first_package_msgs/cmake/my_first_package_msgs__rosidl_typesupport_cppExport.cmake
[0.861s] -- Up-to-date: /home/han/Desktop/Han_ws/09.ROS/install/my_first_package_msgs/share/my_first_package_msgs/cmake/my_first_package_msgs__rosidl_typesupport_cppExport-noconfig.cmake
[0.861s] -- Up-to-date: /home/han/Desktop/Han_ws/09.ROS/install/my_first_package_msgs/share/my_first_package_msgs/cmake/export_my_first_package_msgs__rosidl_generator_pyExport.cmake
[0.861s] -- Up-to-date: /home/han/Desktop/Han_ws/09.ROS/install/my_first_package_msgs/share/my_first_package_msgs/cmake/export_my_first_package_msgs__rosidl_generator_pyExport-noconfig.cmake
[0.861s] -- Up-to-date: /home/han/Desktop/Han_ws/09.ROS/install/my_first_package_msgs/share/my_first_package_msgs/cmake/rosidl_cmake-extras.cmake
[0.861s] -- Up-to-date: /home/han/Desktop/Han_ws/09.ROS/install/my_first_package_msgs/share/my_first_package_msgs/cmake/ament_cmake_export_dependencies-extras.cmake
[0.861s] -- Up-to-date: /home/han/Desktop/Han_ws/09.ROS/install/my_first_package_msgs/share/my_first_package_msgs/cmake/ament_cmake_export_include_directories-extras.cmake
[0.861s] -- Up-to-date: /home/han/Desktop/Han_ws/09.ROS/install/my_first_package_msgs/share/my_first_package_msgs/cmake/ament_cmake_export_libraries-extras.cmake
[0.861s] -- Up-to-date: /home/han/Desktop/Han_ws/09.ROS/install/my_first_package_msgs/share/my_first_package_msgs/cmake/ament_cmake_export_targets-extras.cmake
[0.861s] -- Up-to-date: /home/han/Desktop/Han_ws/09.ROS/install/my_first_package_msgs/share/my_first_package_msgs/cmake/rosidl_cmake_export_typesupport_targets-extras.cmake
[0.861s] -- Up-to-date: /home/han/Desktop/Han_ws/09.ROS/install/my_first_package_msgs/share/my_first_package_msgs/cmake/rosidl_cmake_export_typesupport_libraries-extras.cmake
[0.861s] -- Up-to-date: /home/han/Desktop/Han_ws/09.ROS/install/my_first_package_msgs/share/my_first_package_msgs/cmake/my_first_package_msgsConfig.cmake
[0.861s] -- Up-to-date: /home/han/Desktop/Han_ws/09.ROS/install/my_first_package_msgs/share/my_first_package_msgs/cmake/my_first_package_msgsConfig-version.cmake
[0.861s] -- Up-to-date: /home/han/Desktop/Han_ws/09.ROS/install/my_first_package_msgs/share/my_first_package_msgs/package.xml
[0.865s] Invoked command in '/home/han/Desktop/Han_ws/09.ROS/build/my_first_package_msgs' returned '0': CMAKE_PREFIX_PATH=/opt/ros/humble /usr/bin/cmake --install /home/han/Desktop/Han_ws/09.ROS/build/my_first_package_msgs
