-- Install configuration: ""
-- Up-to-date: /home/han/Desktop/Han_ws/09.ROS/my_mobile/install/my_robot_description/share/my_robot_description/rviz
-- Up-to-date: /home/han/Desktop/Han_ws/09.ROS/my_mobile/install/my_robot_description/share/my_robot_description/rviz/my_mobile.rviz
-- Up-to-date: /home/han/Desktop/Han_ws/09.ROS/my_mobile/install/my_robot_description/share/my_robot_description/urdf
-- Installing: /home/han/Desktop/Han_ws/09.ROS/my_mobile/install/my_robot_description/share/my_robot_description/urdf/gazebo_control.xacro
-- Installing: /home/han/Desktop/Han_ws/09.ROS/my_mobile/install/my_robot_description/share/my_robot_description/urdf/robot_core.xacro
-- Installing: /home/han/Desktop/Han_ws/09.ROS/my_mobile/install/my_robot_description/share/my_robot_description/urdf/robot.urdf.xacro
-- Installing: /home/han/Desktop/Han_ws/09.ROS/my_mobile/install/my_robot_description/share/my_robot_description/urdf/robot_gazebo.xacro
-- Up-to-date: /home/han/Desktop/Han_ws/09.ROS/my_mobile/install/my_robot_description/share/my_robot_description/launch
-- Up-to-date: /home/han/Desktop/Han_ws/09.ROS/my_mobile/install/my_robot_description/share/my_robot_description/launch/display.launch.xml
-- Up-to-date: /home/han/Desktop/Han_ws/09.ROS/my_mobile/install/my_robot_description/share/my_robot_description/launch/upload.launch.xml
-- Up-to-date: /home/han/Desktop/Han_ws/09.ROS/my_mobile/install/my_robot_description/share/my_robot_description/meshes
-- Up-to-date: /home/han/Desktop/Han_ws/09.ROS/my_mobile/install/my_robot_description/share/my_robot_description/meshes/collision
-- Up-to-date: /home/han/Desktop/Han_ws/09.ROS/my_mobile/install/my_robot_description/share/my_robot_description/meshes/collision/base_link.stl
-- Up-to-date: /home/han/Desktop/Han_ws/09.ROS/my_mobile/install/my_robot_description/share/my_robot_description/meshes/collision/front_camera.stl
-- Up-to-date: /home/han/Desktop/Han_ws/09.ROS/my_mobile/install/my_robot_description/share/my_robot_description/meshes/collision/ul_sensor.stl
-- Up-to-date: /home/han/Desktop/Han_ws/09.ROS/my_mobile/install/my_robot_description/share/my_robot_description/meshes/collision/wheel.stl
-- Up-to-date: /home/han/Desktop/Han_ws/09.ROS/my_mobile/install/my_robot_description/share/my_robot_description/meshes/collision/ydlidar_x2_assy.stl
-- Up-to-date: /home/han/Desktop/Han_ws/09.ROS/my_mobile/install/my_robot_description/share/my_robot_description/meshes/visual
-- Up-to-date: /home/han/Desktop/Han_ws/09.ROS/my_mobile/install/my_robot_description/share/my_robot_description/meshes/visual/wheel.png
-- Up-to-date: /home/han/Desktop/Han_ws/09.ROS/my_mobile/install/my_robot_description/share/my_robot_description/meshes/visual/base_link.dae
-- Up-to-date: /home/han/Desktop/Han_ws/09.ROS/my_mobile/install/my_robot_description/share/my_robot_description/meshes/visual/wheel.dae
-- Up-to-date: /home/han/Desktop/Han_ws/09.ROS/my_mobile/install/my_robot_description/share/my_robot_description/meshes/visual/ul_sensor.dae
-- Up-to-date: /home/han/Desktop/Han_ws/09.ROS/my_mobile/install/my_robot_description/share/my_robot_description/meshes/visual/ydlidar_x2.png
-- Up-to-date: /home/han/Desktop/Han_ws/09.ROS/my_mobile/install/my_robot_description/share/my_robot_description/meshes/visual/ydlidar_x2_assy.dae
-- Up-to-date: /home/han/Desktop/Han_ws/09.ROS/my_mobile/install/my_robot_description/share/my_robot_description/meshes/visual/front_camera.dae
-- Up-to-date: /home/han/Desktop/Han_ws/09.ROS/my_mobile/install/my_robot_description/share/my_robot_description/meshes/visual/front_camera.png
-- Up-to-date: /home/han/Desktop/Han_ws/09.ROS/my_mobile/install/my_robot_description/share/ament_index/resource_index/package_run_dependencies/my_robot_description
-- Up-to-date: /home/han/Desktop/Han_ws/09.ROS/my_mobile/install/my_robot_description/share/ament_index/resource_index/parent_prefix_path/my_robot_description
-- Installing: /home/han/Desktop/Han_ws/09.ROS/my_mobile/install/my_robot_description/share/my_robot_description/environment/ament_prefix_path.sh
-- Up-to-date: /home/han/Desktop/Han_ws/09.ROS/my_mobile/install/my_robot_description/share/my_robot_description/environment/ament_prefix_path.dsv
-- Installing: /home/han/Desktop/Han_ws/09.ROS/my_mobile/install/my_robot_description/share/my_robot_description/environment/path.sh
-- Up-to-date: /home/han/Desktop/Han_ws/09.ROS/my_mobile/install/my_robot_description/share/my_robot_description/environment/path.dsv
-- Up-to-date: /home/han/Desktop/Han_ws/09.ROS/my_mobile/install/my_robot_description/share/my_robot_description/local_setup.bash
-- Up-to-date: /home/han/Desktop/Han_ws/09.ROS/my_mobile/install/my_robot_description/share/my_robot_description/local_setup.sh
-- Up-to-date: /home/han/Desktop/Han_ws/09.ROS/my_mobile/install/my_robot_description/share/my_robot_description/local_setup.zsh
-- Up-to-date: /home/han/Desktop/Han_ws/09.ROS/my_mobile/install/my_robot_description/share/my_robot_description/local_setup.dsv
-- Up-to-date: /home/han/Desktop/Han_ws/09.ROS/my_mobile/install/my_robot_description/share/my_robot_description/package.dsv
-- Up-to-date: /home/han/Desktop/Han_ws/09.ROS/my_mobile/install/my_robot_description/share/ament_index/resource_index/packages/my_robot_description
-- Up-to-date: /home/han/Desktop/Han_ws/09.ROS/my_mobile/install/my_robot_description/share/my_robot_description/cmake/my_robot_descriptionConfig.cmake
-- Up-to-date: /home/han/Desktop/Han_ws/09.ROS/my_mobile/install/my_robot_description/share/my_robot_description/cmake/my_robot_descriptionConfig-version.cmake
-- Up-to-date: /home/han/Desktop/Han_ws/09.ROS/my_mobile/install/my_robot_description/share/my_robot_description/package.xml
