[0.009s] Invoking command in '/home/han/Desktop/Han_ws/09.ROS/my_mobile/build/my_robot_description': /usr/bin/cmake --build /home/han/Desktop/Han_ws/09.ROS/my_mobile/build/my_robot_description -- -j12 -l12
[0.040s] Invoked command in '/home/han/Desktop/Han_ws/09.ROS/my_mobile/build/my_robot_description' returned '0': /usr/bin/cmake --build /home/han/Desktop/Han_ws/09.ROS/my_mobile/build/my_robot_description -- -j12 -l12
[0.061s] Invoking command in '/home/han/Desktop/Han_ws/09.ROS/my_mobile/build/my_robot_description': /usr/bin/cmake --install /home/han/Desktop/Han_ws/09.ROS/my_mobile/build/my_robot_description
[0.067s] -- Install configuration: ""
[0.067s] -- Up-to-date: /home/han/Desktop/Han_ws/09.ROS/my_mobile/install/my_robot_description/share/my_robot_description/rviz
[0.068s] -- Up-to-date: /home/han/Desktop/Han_ws/09.ROS/my_mobile/install/my_robot_description/share/my_robot_description/rviz/my_mobile.rviz
[0.068s] -- Up-to-date: /home/han/Desktop/Han_ws/09.ROS/my_mobile/install/my_robot_description/share/my_robot_description/urdf
[0.068s] -- Installing: /home/han/Desktop/Han_ws/09.ROS/my_mobile/install/my_robot_description/share/my_robot_description/urdf/gazebo_control.xacro
[0.068s] -- Installing: /home/han/Desktop/Han_ws/09.ROS/my_mobile/install/my_robot_description/share/my_robot_description/urdf/robot_core.xacro
[0.068s] -- Installing: /home/han/Desktop/Han_ws/09.ROS/my_mobile/install/my_robot_description/share/my_robot_description/urdf/robot.urdf.xacro
[0.068s] -- Installing: /home/han/Desktop/Han_ws/09.ROS/my_mobile/install/my_robot_description/share/my_robot_description/urdf/robot_gazebo.xacro
[0.068s] -- Up-to-date: /home/han/Desktop/Han_ws/09.ROS/my_mobile/install/my_robot_description/share/my_robot_description/launch
[0.068s] -- Up-to-date: /home/han/Desktop/Han_ws/09.ROS/my_mobile/install/my_robot_description/share/my_robot_description/launch/display.launch.xml
[0.068s] -- Up-to-date: /home/han/Desktop/Han_ws/09.ROS/my_mobile/install/my_robot_description/share/my_robot_description/launch/upload.launch.xml
[0.068s] -- Up-to-date: /home/han/Desktop/Han_ws/09.ROS/my_mobile/install/my_robot_description/share/my_robot_description/meshes
[0.068s] -- Up-to-date: /home/han/Desktop/Han_ws/09.ROS/my_mobile/install/my_robot_description/share/my_robot_description/meshes/collision
[0.068s] -- Up-to-date: /home/han/Desktop/Han_ws/09.ROS/my_mobile/install/my_robot_description/share/my_robot_description/meshes/collision/base_link.stl
[0.068s] -- Up-to-date: /home/han/Desktop/Han_ws/09.ROS/my_mobile/install/my_robot_description/share/my_robot_description/meshes/collision/front_camera.stl
[0.068s] -- Up-to-date: /home/han/Desktop/Han_ws/09.ROS/my_mobile/install/my_robot_description/share/my_robot_description/meshes/collision/ul_sensor.stl
[0.068s] -- Up-to-date: /home/han/Desktop/Han_ws/09.ROS/my_mobile/install/my_robot_description/share/my_robot_description/meshes/collision/wheel.stl
[0.069s] -- Up-to-date: /home/han/Desktop/Han_ws/09.ROS/my_mobile/install/my_robot_description/share/my_robot_description/meshes/collision/ydlidar_x2_assy.stl
[0.069s] -- Up-to-date: /home/han/Desktop/Han_ws/09.ROS/my_mobile/install/my_robot_description/share/my_robot_description/meshes/visual
[0.069s] -- Up-to-date: /home/han/Desktop/Han_ws/09.ROS/my_mobile/install/my_robot_description/share/my_robot_description/meshes/visual/wheel.png
[0.069s] -- Up-to-date: /home/han/Desktop/Han_ws/09.ROS/my_mobile/install/my_robot_description/share/my_robot_description/meshes/visual/base_link.dae
[0.069s] -- Up-to-date: /home/han/Desktop/Han_ws/09.ROS/my_mobile/install/my_robot_description/share/my_robot_description/meshes/visual/wheel.dae
[0.069s] -- Up-to-date: /home/han/Desktop/Han_ws/09.ROS/my_mobile/install/my_robot_description/share/my_robot_description/meshes/visual/ul_sensor.dae
[0.069s] -- Up-to-date: /home/han/Desktop/Han_ws/09.ROS/my_mobile/install/my_robot_description/share/my_robot_description/meshes/visual/ydlidar_x2.png
[0.069s] -- Up-to-date: /home/han/Desktop/Han_ws/09.ROS/my_mobile/install/my_robot_description/share/my_robot_description/meshes/visual/ydlidar_x2_assy.dae
[0.069s] -- Up-to-date: /home/han/Desktop/Han_ws/09.ROS/my_mobile/install/my_robot_description/share/my_robot_description/meshes/visual/front_camera.dae
[0.069s] -- Up-to-date: /home/han/Desktop/Han_ws/09.ROS/my_mobile/install/my_robot_description/share/my_robot_description/meshes/visual/front_camera.png
[0.070s] -- Up-to-date: /home/han/Desktop/Han_ws/09.ROS/my_mobile/install/my_robot_description/share/ament_index/resource_index/package_run_dependencies/my_robot_description
[0.070s] -- Up-to-date: /home/han/Desktop/Han_ws/09.ROS/my_mobile/install/my_robot_description/share/ament_index/resource_index/parent_prefix_path/my_robot_description
[0.070s] -- Installing: /home/han/Desktop/Han_ws/09.ROS/my_mobile/install/my_robot_description/share/my_robot_description/environment/ament_prefix_path.sh
[0.070s] -- Up-to-date: /home/han/Desktop/Han_ws/09.ROS/my_mobile/install/my_robot_description/share/my_robot_description/environment/ament_prefix_path.dsv
[0.070s] -- Installing: /home/han/Desktop/Han_ws/09.ROS/my_mobile/install/my_robot_description/share/my_robot_description/environment/path.sh
[0.071s] -- Up-to-date: /home/han/Desktop/Han_ws/09.ROS/my_mobile/install/my_robot_description/share/my_robot_description/environment/path.dsv
[0.071s] -- Up-to-date: /home/han/Desktop/Han_ws/09.ROS/my_mobile/install/my_robot_description/share/my_robot_description/local_setup.bash
[0.071s] -- Up-to-date: /home/han/Desktop/Han_ws/09.ROS/my_mobile/install/my_robot_description/share/my_robot_description/local_setup.sh
[0.071s] -- Up-to-date: /home/han/Desktop/Han_ws/09.ROS/my_mobile/install/my_robot_description/share/my_robot_description/local_setup.zsh
[0.071s] -- Up-to-date: /home/han/Desktop/Han_ws/09.ROS/my_mobile/install/my_robot_description/share/my_robot_description/local_setup.dsv
[0.071s] -- Up-to-date: /home/han/Desktop/Han_ws/09.ROS/my_mobile/install/my_robot_description/share/my_robot_description/package.dsv
[0.071s] -- Up-to-date: /home/han/Desktop/Han_ws/09.ROS/my_mobile/install/my_robot_description/share/ament_index/resource_index/packages/my_robot_description
[0.072s] -- Up-to-date: /home/han/Desktop/Han_ws/09.ROS/my_mobile/install/my_robot_description/share/my_robot_description/cmake/my_robot_descriptionConfig.cmake
[0.072s] -- Up-to-date: /home/han/Desktop/Han_ws/09.ROS/my_mobile/install/my_robot_description/share/my_robot_description/cmake/my_robot_descriptionConfig-version.cmake
[0.072s] -- Up-to-date: /home/han/Desktop/Han_ws/09.ROS/my_mobile/install/my_robot_description/share/my_robot_description/package.xml
[0.074s] Invoked command in '/home/han/Desktop/Han_ws/09.ROS/my_mobile/build/my_robot_description' returned '0': /usr/bin/cmake --install /home/han/Desktop/Han_ws/09.ROS/my_mobile/build/my_robot_description
