[0.013s] Invoking command in '/home/han/Desktop/Han_ws/09.ROS/my_mobile/build/my_robot_gazebo': CMAKE_PREFIX_PATH=${CMAKE_PREFIX_PATH}:/opt/ros/humble /usr/bin/cmake --build /home/han/Desktop/Han_ws/09.ROS/my_mobile/build/my_robot_gazebo -- -j12 -l12
[0.035s] -- Found ament_cmake: 1.3.9 (/opt/ros/humble/share/ament_cmake/cmake)
[0.156s] -- Found ament_lint_auto: 0.12.11 (/opt/ros/humble/share/ament_lint_auto/cmake)
[0.237s] -- Added test 'lint_cmake' to check CMake code style
[0.238s] -- Added test 'xmllint' to check XML markup files
[0.238s] -- Configuring done
[0.241s] -- Generating done
[0.241s] -- Build files have been written to: /home/han/Desktop/Han_ws/09.ROS/my_mobile/build/my_robot_gazebo
[0.260s] Invoked command in '/home/han/Desktop/Han_ws/09.ROS/my_mobile/build/my_robot_gazebo' returned '0': CMAKE_PREFIX_PATH=${CMAKE_PREFIX_PATH}:/opt/ros/humble /usr/bin/cmake --build /home/han/Desktop/Han_ws/09.ROS/my_mobile/build/my_robot_gazebo -- -j12 -l12
[0.276s] Invoking command in '/home/han/Desktop/Han_ws/09.ROS/my_mobile/build/my_robot_gazebo': CMAKE_PREFIX_PATH=${CMAKE_PREFIX_PATH}:/opt/ros/humble /usr/bin/cmake --install /home/han/Desktop/Han_ws/09.ROS/my_mobile/build/my_robot_gazebo
[0.281s] -- Install configuration: ""
[0.282s] -- Up-to-date: /home/han/Desktop/Han_ws/09.ROS/my_mobile/install/my_robot_gazebo/share/my_robot_gazebo/launch
[0.282s] -- Installing: /home/han/Desktop/Han_ws/09.ROS/my_mobile/install/my_robot_gazebo/share/my_robot_gazebo/launch/launch_sim.launch.xml
[0.282s] -- Installing: /home/han/Desktop/Han_ws/09.ROS/my_mobile/install/my_robot_gazebo/share/my_robot_gazebo/config
[0.282s] -- Installing: /home/han/Desktop/Han_ws/09.ROS/my_mobile/install/my_robot_gazebo/share/my_robot_gazebo/config/my_controllers.yaml
[0.282s] -- Up-to-date: /home/han/Desktop/Han_ws/09.ROS/my_mobile/install/my_robot_gazebo/share/ament_index/resource_index/package_run_dependencies/my_robot_gazebo
[0.282s] -- Installing: /home/han/Desktop/Han_ws/09.ROS/my_mobile/install/my_robot_gazebo/share/ament_index/resource_index/parent_prefix_path/my_robot_gazebo
[0.282s] -- Up-to-date: /home/han/Desktop/Han_ws/09.ROS/my_mobile/install/my_robot_gazebo/share/my_robot_gazebo/environment/ament_prefix_path.sh
[0.282s] -- Installing: /home/han/Desktop/Han_ws/09.ROS/my_mobile/install/my_robot_gazebo/share/my_robot_gazebo/environment/ament_prefix_path.dsv
[0.283s] -- Up-to-date: /home/han/Desktop/Han_ws/09.ROS/my_mobile/install/my_robot_gazebo/share/my_robot_gazebo/environment/path.sh
[0.283s] -- Installing: /home/han/Desktop/Han_ws/09.ROS/my_mobile/install/my_robot_gazebo/share/my_robot_gazebo/environment/path.dsv
[0.283s] -- Up-to-date: /home/han/Desktop/Han_ws/09.ROS/my_mobile/install/my_robot_gazebo/share/my_robot_gazebo/local_setup.bash
[0.283s] -- Up-to-date: /home/han/Desktop/Han_ws/09.ROS/my_mobile/install/my_robot_gazebo/share/my_robot_gazebo/local_setup.sh
[0.283s] -- Up-to-date: /home/han/Desktop/Han_ws/09.ROS/my_mobile/install/my_robot_gazebo/share/my_robot_gazebo/local_setup.zsh
[0.283s] -- Installing: /home/han/Desktop/Han_ws/09.ROS/my_mobile/install/my_robot_gazebo/share/my_robot_gazebo/local_setup.dsv
[0.283s] -- Installing: /home/han/Desktop/Han_ws/09.ROS/my_mobile/install/my_robot_gazebo/share/my_robot_gazebo/package.dsv
[0.283s] -- Up-to-date: /home/han/Desktop/Han_ws/09.ROS/my_mobile/install/my_robot_gazebo/share/ament_index/resource_index/packages/my_robot_gazebo
[0.283s] -- Up-to-date: /home/han/Desktop/Han_ws/09.ROS/my_mobile/install/my_robot_gazebo/share/my_robot_gazebo/cmake/my_robot_gazeboConfig.cmake
[0.284s] -- Up-to-date: /home/han/Desktop/Han_ws/09.ROS/my_mobile/install/my_robot_gazebo/share/my_robot_gazebo/cmake/my_robot_gazeboConfig-version.cmake
[0.284s] -- Up-to-date: /home/han/Desktop/Han_ws/09.ROS/my_mobile/install/my_robot_gazebo/share/my_robot_gazebo/package.xml
[0.285s] Invoked command in '/home/han/Desktop/Han_ws/09.ROS/my_mobile/build/my_robot_gazebo' returned '0': CMAKE_PREFIX_PATH=${CMAKE_PREFIX_PATH}:/opt/ros/humble /usr/bin/cmake --install /home/han/Desktop/Han_ws/09.ROS/my_mobile/build/my_robot_gazebo
