[0.637s] Invoking command in '/home/han/Desktop/Han_ws/09.ROS/src/my_first_package': PYTHONPATH=/home/han/Desktop/Han_ws/09.ROS/build/my_first_package/prefix_override:/home/han/Desktop/Han_ws/09.ROS/install/my_first_package/lib/python3.10/site-packages:${PYTHONPATH} /usr/bin/python3 -W ignore:setup.py install is deprecated setup.py egg_info --egg-base ../../build/my_first_package build --build-base /home/han/Desktop/Han_ws/09.ROS/build/my_first_package/build install --record /home/han/Desktop/Han_ws/09.ROS/build/my_first_package/install.log --single-version-externally-managed install_data
[0.897s] running egg_info
[0.897s] writing ../../build/my_first_package/my_first_package.egg-info/PKG-INFO
[0.898s] writing dependency_links to ../../build/my_first_package/my_first_package.egg-info/dependency_links.txt
[0.898s] writing entry points to ../../build/my_first_package/my_first_package.egg-info/entry_points.txt
[0.898s] writing requirements to ../../build/my_first_package/my_first_package.egg-info/requires.txt
[0.898s] writing top-level names to ../../build/my_first_package/my_first_package.egg-info/top_level.txt
[0.901s] reading manifest file '../../build/my_first_package/my_first_package.egg-info/SOURCES.txt'
[0.902s] writing manifest file '../../build/my_first_package/my_first_package.egg-info/SOURCES.txt'
[0.902s] running build
[0.902s] running build_py
[0.902s] copying my_first_package/oneday_pen.py -> /home/han/Desktop/Han_ws/09.ROS/build/my_first_package/build/lib/my_first_package
[0.902s] running install
[0.903s] running install_lib
[0.903s] copying /home/han/Desktop/Han_ws/09.ROS/build/my_first_package/build/lib/my_first_package/oneday_pen.py -> /home/han/Desktop/Han_ws/09.ROS/install/my_first_package/lib/python3.10/site-packages/my_first_package
[0.904s] byte-compiling /home/han/Desktop/Han_ws/09.ROS/install/my_first_package/lib/python3.10/site-packages/my_first_package/oneday_pen.py to oneday_pen.cpython-310.pyc
[0.905s] running install_data
[0.905s] running install_egg_info
[0.906s] removing '/home/han/Desktop/Han_ws/09.ROS/install/my_first_package/lib/python3.10/site-packages/my_first_package-0.0.0-py3.10.egg-info' (and everything under it)
[0.907s] Copying ../../build/my_first_package/my_first_package.egg-info to /home/han/Desktop/Han_ws/09.ROS/install/my_first_package/lib/python3.10/site-packages/my_first_package-0.0.0-py3.10.egg-info
[0.907s] running install_scripts
[0.933s] Installing dist_turtle_action_server script to /home/han/Desktop/Han_ws/09.ROS/install/my_first_package/lib/my_first_package
[0.933s] Installing my_first_node script to /home/han/Desktop/Han_ws/09.ROS/install/my_first_package/lib/my_first_package
[0.934s] Installing my_multi_thread script to /home/han/Desktop/Han_ws/09.ROS/install/my_first_package/lib/my_first_package
[0.934s] Installing my_publisher script to /home/han/Desktop/Han_ws/09.ROS/install/my_first_package/lib/my_first_package
[0.934s] Installing my_service_server script to /home/han/Desktop/Han_ws/09.ROS/install/my_first_package/lib/my_first_package
[0.934s] Installing my_subscriber script to /home/han/Desktop/Han_ws/09.ROS/install/my_first_package/lib/my_first_package
[0.934s] Installing oneday_pen script to /home/han/Desktop/Han_ws/09.ROS/install/my_first_package/lib/my_first_package
[0.934s] Installing oneday_set_flag script to /home/han/Desktop/Han_ws/09.ROS/install/my_first_package/lib/my_first_package
[0.934s] Installing oneday_subscriber script to /home/han/Desktop/Han_ws/09.ROS/install/my_first_package/lib/my_first_package
[0.935s] Installing turtle_cmd_and_pose script to /home/han/Desktop/Han_ws/09.ROS/install/my_first_package/lib/my_first_package
[0.935s] writing list of installed files to '/home/han/Desktop/Han_ws/09.ROS/build/my_first_package/install.log'
[0.962s] Invoked command in '/home/han/Desktop/Han_ws/09.ROS/src/my_first_package' returned '0': PYTHONPATH=/home/han/Desktop/Han_ws/09.ROS/build/my_first_package/prefix_override:/home/han/Desktop/Han_ws/09.ROS/install/my_first_package/lib/python3.10/site-packages:${PYTHONPATH} /usr/bin/python3 -W ignore:setup.py install is deprecated setup.py egg_info --egg-base ../../build/my_first_package build --build-base /home/han/Desktop/Han_ws/09.ROS/build/my_first_package/build install --record /home/han/Desktop/Han_ws/09.ROS/build/my_first_package/install.log --single-version-externally-managed install_data
