[0.010s] Invoking command in '/home/han/Desktop/Han_ws/09.ROS/my_mobile/build/my_robot_navigation': CMAKE_PREFIX_PATH=/opt/ros/humble /usr/bin/cmake /home/han/Desktop/Han_ws/09.ROS/my_mobile/src/my_robot_navigation -DCMAKE_INSTALL_PREFIX=/home/han/Desktop/Han_ws/09.ROS/my_mobile/install/my_robot_navigation
[0.053s] -- The C compiler identification is GNU 11.4.0
[0.093s] -- The CXX compiler identification is GNU 11.4.0
[0.097s] -- Detecting C compiler ABI info
[0.147s] -- Detecting C compiler ABI info - done
[0.153s] -- Check for working C compiler: /usr/bin/cc - skipped
[0.153s] -- Detecting C compile features
[0.153s] -- Detecting C compile features - done
[0.156s] -- Detecting CXX compiler ABI info
[0.214s] -- Detecting CXX compiler ABI info - done
[0.220s] -- Check for working CXX compiler: /usr/bin/c++ - skipped
[0.221s] -- Detecting CXX compile features
[0.221s] -- Detecting CXX compile features - done
[0.223s] -- Found ament_cmake: 1.3.9 (/opt/ros/humble/share/ament_cmake/cmake)
[0.338s] -- Found Python3: /usr/bin/python3 (found version "3.10.12") found components: Interpreter 
[0.403s] -- Found ament_lint_auto: 0.12.11 (/opt/ros/humble/share/ament_lint_auto/cmake)
[0.463s] -- Added test 'lint_cmake' to check CMake code style
[0.464s] -- Added test 'xmllint' to check XML markup files
[0.465s] -- Configuring done
[0.467s] -- Generating done
[0.467s] -- Build files have been written to: /home/han/Desktop/Han_ws/09.ROS/my_mobile/build/my_robot_navigation
[0.471s] Invoked command in '/home/han/Desktop/Han_ws/09.ROS/my_mobile/build/my_robot_navigation' returned '0': CMAKE_PREFIX_PATH=/opt/ros/humble /usr/bin/cmake /home/han/Desktop/Han_ws/09.ROS/my_mobile/src/my_robot_navigation -DCMAKE_INSTALL_PREFIX=/home/han/Desktop/Han_ws/09.ROS/my_mobile/install/my_robot_navigation
[0.472s] Invoking command in '/home/han/Desktop/Han_ws/09.ROS/my_mobile/build/my_robot_navigation': CMAKE_PREFIX_PATH=/opt/ros/humble /usr/bin/cmake --build /home/han/Desktop/Han_ws/09.ROS/my_mobile/build/my_robot_navigation -- -j12 -l12
[0.499s] Invoked command in '/home/han/Desktop/Han_ws/09.ROS/my_mobile/build/my_robot_navigation' returned '0': CMAKE_PREFIX_PATH=/opt/ros/humble /usr/bin/cmake --build /home/han/Desktop/Han_ws/09.ROS/my_mobile/build/my_robot_navigation -- -j12 -l12
[0.521s] Invoking command in '/home/han/Desktop/Han_ws/09.ROS/my_mobile/build/my_robot_navigation': CMAKE_PREFIX_PATH=/opt/ros/humble /usr/bin/cmake --install /home/han/Desktop/Han_ws/09.ROS/my_mobile/build/my_robot_navigation
[0.528s] -- Install configuration: ""
[0.528s] -- Installing: /home/han/Desktop/Han_ws/09.ROS/my_mobile/install/my_robot_navigation/share/my_robot_navigation/launch
[0.528s] -- Installing: /home/han/Desktop/Han_ws/09.ROS/my_mobile/install/my_robot_navigation/share/my_robot_navigation/launch/navigation_launch.xml
[0.529s] -- Installing: /home/han/Desktop/Han_ws/09.ROS/my_mobile/install/my_robot_navigation/share/my_robot_navigation/launch/map_building.launch.xml
[0.529s] -- Installing: /home/han/Desktop/Han_ws/09.ROS/my_mobile/install/my_robot_navigation/share/my_robot_navigation/launch/nav2_view.launch.xml
[0.529s] -- Installing: /home/han/Desktop/Han_ws/09.ROS/my_mobile/install/my_robot_navigation/share/my_robot_navigation/launch/localization_launch.xml
[0.529s] -- Installing: /home/han/Desktop/Han_ws/09.ROS/my_mobile/install/my_robot_navigation/share/my_robot_navigation/launch/bringup_launch.xml
[0.529s] -- Installing: /home/han/Desktop/Han_ws/09.ROS/my_mobile/install/my_robot_navigation/share/my_robot_navigation/config
[0.529s] -- Installing: /home/han/Desktop/Han_ws/09.ROS/my_mobile/install/my_robot_navigation/share/my_robot_navigation/config/mapper_params.yaml
[0.529s] -- Installing: /home/han/Desktop/Han_ws/09.ROS/my_mobile/install/my_robot_navigation/share/my_robot_navigation/config/nav2_params.yaml
[0.529s] -- Installing: /home/han/Desktop/Han_ws/09.ROS/my_mobile/install/my_robot_navigation/share/my_robot_navigation/maps
[0.529s] -- Installing: /home/han/Desktop/Han_ws/09.ROS/my_mobile/install/my_robot_navigation/share/my_robot_navigation/maps/map_name.pgm
[0.529s] -- Installing: /home/han/Desktop/Han_ws/09.ROS/my_mobile/install/my_robot_navigation/share/my_robot_navigation/maps/map_name.yaml
[0.529s] -- Installing: /home/han/Desktop/Han_ws/09.ROS/my_mobile/install/my_robot_navigation/share/my_robot_navigation/rviz
[0.529s] -- Installing: /home/han/Desktop/Han_ws/09.ROS/my_mobile/install/my_robot_navigation/share/my_robot_navigation/rviz/nav2_view.rviz
[0.529s] -- Installing: /home/han/Desktop/Han_ws/09.ROS/my_mobile/install/my_robot_navigation/share/ament_index/resource_index/package_run_dependencies/my_robot_navigation
[0.529s] -- Installing: /home/han/Desktop/Han_ws/09.ROS/my_mobile/install/my_robot_navigation/share/ament_index/resource_index/parent_prefix_path/my_robot_navigation
[0.530s] -- Installing: /home/han/Desktop/Han_ws/09.ROS/my_mobile/install/my_robot_navigation/share/my_robot_navigation/environment/ament_prefix_path.sh
[0.530s] -- Installing: /home/han/Desktop/Han_ws/09.ROS/my_mobile/install/my_robot_navigation/share/my_robot_navigation/environment/ament_prefix_path.dsv
[0.530s] -- Installing: /home/han/Desktop/Han_ws/09.ROS/my_mobile/install/my_robot_navigation/share/my_robot_navigation/environment/path.sh
[0.530s] -- Installing: /home/han/Desktop/Han_ws/09.ROS/my_mobile/install/my_robot_navigation/share/my_robot_navigation/environment/path.dsv
[0.530s] -- Installing: /home/han/Desktop/Han_ws/09.ROS/my_mobile/install/my_robot_navigation/share/my_robot_navigation/local_setup.bash
[0.530s] -- Installing: /home/han/Desktop/Han_ws/09.ROS/my_mobile/install/my_robot_navigation/share/my_robot_navigation/local_setup.sh
[0.530s] -- Installing: /home/han/Desktop/Han_ws/09.ROS/my_mobile/install/my_robot_navigation/share/my_robot_navigation/local_setup.zsh
[0.530s] -- Installing: /home/han/Desktop/Han_ws/09.ROS/my_mobile/install/my_robot_navigation/share/my_robot_navigation/local_setup.dsv
[0.530s] -- Installing: /home/han/Desktop/Han_ws/09.ROS/my_mobile/install/my_robot_navigation/share/my_robot_navigation/package.dsv
[0.530s] -- Installing: /home/han/Desktop/Han_ws/09.ROS/my_mobile/install/my_robot_navigation/share/ament_index/resource_index/packages/my_robot_navigation
[0.531s] -- Installing: /home/han/Desktop/Han_ws/09.ROS/my_mobile/install/my_robot_navigation/share/my_robot_navigation/cmake/my_robot_navigationConfig.cmake
[0.531s] -- Installing: /home/han/Desktop/Han_ws/09.ROS/my_mobile/install/my_robot_navigation/share/my_robot_navigation/cmake/my_robot_navigationConfig-version.cmake
[0.531s] -- Installing: /home/han/Desktop/Han_ws/09.ROS/my_mobile/install/my_robot_navigation/share/my_robot_navigation/package.xml
[0.532s] Invoked command in '/home/han/Desktop/Han_ws/09.ROS/my_mobile/build/my_robot_navigation' returned '0': CMAKE_PREFIX_PATH=/opt/ros/humble /usr/bin/cmake --install /home/han/Desktop/Han_ws/09.ROS/my_mobile/build/my_robot_navigation
