[0.650s] Invoking command in '/home/han/Desktop/Han_ws/09.ROS/CV/src/opencv_tutorials': PYTHONPATH=/home/han/Desktop/Han_ws/09.ROS/CV/build/opencv_tutorials/prefix_override:/home/han/Desktop/Han_ws/09.ROS/CV/install/opencv_tutorials/lib/python3.10/site-packages:${PYTHONPATH} VIRTUAL_ENV_PROMPT=(myvenv) /usr/bin/python3 -W ignore:setup.py install is deprecated setup.py egg_info --egg-base ../../build/opencv_tutorials build --build-base /home/han/Desktop/Han_ws/09.ROS/CV/build/opencv_tutorials/build install --record /home/han/Desktop/Han_ws/09.ROS/CV/build/opencv_tutorials/install.log --single-version-externally-managed install_data
[0.879s] running egg_info
[0.879s] creating ../../build/opencv_tutorials/opencv_tutorials.egg-info
[0.880s] writing ../../build/opencv_tutorials/opencv_tutorials.egg-info/PKG-INFO
[0.880s] writing dependency_links to ../../build/opencv_tutorials/opencv_tutorials.egg-info/dependency_links.txt
[0.880s] writing entry points to ../../build/opencv_tutorials/opencv_tutorials.egg-info/entry_points.txt
[0.880s] writing requirements to ../../build/opencv_tutorials/opencv_tutorials.egg-info/requires.txt
[0.880s] writing top-level names to ../../build/opencv_tutorials/opencv_tutorials.egg-info/top_level.txt
[0.880s] writing manifest file '../../build/opencv_tutorials/opencv_tutorials.egg-info/SOURCES.txt'
[0.881s] reading manifest file '../../build/opencv_tutorials/opencv_tutorials.egg-info/SOURCES.txt'
[0.882s] writing manifest file '../../build/opencv_tutorials/opencv_tutorials.egg-info/SOURCES.txt'
[0.882s] running build
[0.883s] running build_py
[0.883s] creating /home/han/Desktop/Han_ws/09.ROS/CV/build/opencv_tutorials/build
[0.883s] creating /home/han/Desktop/Han_ws/09.ROS/CV/build/opencv_tutorials/build/lib
[0.883s] creating /home/han/Desktop/Han_ws/09.ROS/CV/build/opencv_tutorials/build/lib/opencv_tutorials
[0.883s] copying opencv_tutorials/__init__.py -> /home/han/Desktop/Han_ws/09.ROS/CV/build/opencv_tutorials/build/lib/opencv_tutorials
[0.883s] copying opencv_tutorials/img_publisher.py -> /home/han/Desktop/Han_ws/09.ROS/CV/build/opencv_tutorials/build/lib/opencv_tutorials
[0.883s] running install
[0.883s] running install_lib
[0.883s] creating /home/han/Desktop/Han_ws/09.ROS/CV/install/opencv_tutorials/lib/python3.10/site-packages/opencv_tutorials
[0.884s] copying /home/han/Desktop/Han_ws/09.ROS/CV/build/opencv_tutorials/build/lib/opencv_tutorials/__init__.py -> /home/han/Desktop/Han_ws/09.ROS/CV/install/opencv_tutorials/lib/python3.10/site-packages/opencv_tutorials
[0.884s] copying /home/han/Desktop/Han_ws/09.ROS/CV/build/opencv_tutorials/build/lib/opencv_tutorials/img_publisher.py -> /home/han/Desktop/Han_ws/09.ROS/CV/install/opencv_tutorials/lib/python3.10/site-packages/opencv_tutorials
[0.884s] byte-compiling /home/han/Desktop/Han_ws/09.ROS/CV/install/opencv_tutorials/lib/python3.10/site-packages/opencv_tutorials/__init__.py to __init__.cpython-310.pyc
[0.884s] byte-compiling /home/han/Desktop/Han_ws/09.ROS/CV/install/opencv_tutorials/lib/python3.10/site-packages/opencv_tutorials/img_publisher.py to img_publisher.cpython-310.pyc
[0.884s] running install_data
[0.885s] creating /home/han/Desktop/Han_ws/09.ROS/CV/install/opencv_tutorials/share/ament_index
[0.885s] creating /home/han/Desktop/Han_ws/09.ROS/CV/install/opencv_tutorials/share/ament_index/resource_index
[0.885s] creating /home/han/Desktop/Han_ws/09.ROS/CV/install/opencv_tutorials/share/ament_index/resource_index/packages
[0.885s] copying resource/opencv_tutorials -> /home/han/Desktop/Han_ws/09.ROS/CV/install/opencv_tutorials/share/ament_index/resource_index/packages
[0.885s] copying package.xml -> /home/han/Desktop/Han_ws/09.ROS/CV/install/opencv_tutorials/share/opencv_tutorials
[0.885s] running install_egg_info
[0.886s] Copying ../../build/opencv_tutorials/opencv_tutorials.egg-info to /home/han/Desktop/Han_ws/09.ROS/CV/install/opencv_tutorials/lib/python3.10/site-packages/opencv_tutorials-0.0.0-py3.10.egg-info
[0.887s] running install_scripts
[0.902s] Installing img_publisher script to /home/han/Desktop/Han_ws/09.ROS/CV/install/opencv_tutorials/lib/opencv_tutorials
[0.902s] writing list of installed files to '/home/han/Desktop/Han_ws/09.ROS/CV/build/opencv_tutorials/install.log'
[0.924s] Invoked command in '/home/han/Desktop/Han_ws/09.ROS/CV/src/opencv_tutorials' returned '0': PYTHONPATH=/home/han/Desktop/Han_ws/09.ROS/CV/build/opencv_tutorials/prefix_override:/home/han/Desktop/Han_ws/09.ROS/CV/install/opencv_tutorials/lib/python3.10/site-packages:${PYTHONPATH} VIRTUAL_ENV_PROMPT=(myvenv) /usr/bin/python3 -W ignore:setup.py install is deprecated setup.py egg_info --egg-base ../../build/opencv_tutorials build --build-base /home/han/Desktop/Han_ws/09.ROS/CV/build/opencv_tutorials/build install --record /home/han/Desktop/Han_ws/09.ROS/CV/build/opencv_tutorials/install.log --single-version-externally-managed install_data
