[0.014s] Invoking command in '/home/han/Desktop/Han_ws/09.ROS/my_mobile/build/my_robot_gazebo': CMAKE_PREFIX_PATH=${CMAKE_PREFIX_PATH}:/opt/ros/humble /usr/bin/cmake --build /home/han/Desktop/Han_ws/09.ROS/my_mobile/build/my_robot_gazebo -- -j12 -l12
[0.059s] Invoked command in '/home/han/Desktop/Han_ws/09.ROS/my_mobile/build/my_robot_gazebo' returned '0': CMAKE_PREFIX_PATH=${CMAKE_PREFIX_PATH}:/opt/ros/humble /usr/bin/cmake --build /home/han/Desktop/Han_ws/09.ROS/my_mobile/build/my_robot_gazebo -- -j12 -l12
[0.082s] Invoking command in '/home/han/Desktop/Han_ws/09.ROS/my_mobile/build/my_robot_gazebo': CMAKE_PREFIX_PATH=${CMAKE_PREFIX_PATH}:/opt/ros/humble /usr/bin/cmake --install /home/han/Desktop/Han_ws/09.ROS/my_mobile/build/my_robot_gazebo
[0.091s] -- Install configuration: ""
[0.091s] -- Up-to-date: /home/han/Desktop/Han_ws/09.ROS/my_mobile/install/my_robot_gazebo/share/my_robot_gazebo/launch
[0.092s] -- Installing: /home/han/Desktop/Han_ws/09.ROS/my_mobile/install/my_robot_gazebo/share/my_robot_gazebo/launch/launch_sim.launch.xml
[0.092s] -- Up-to-date: /home/han/Desktop/Han_ws/09.ROS/my_mobile/install/my_robot_gazebo/share/ament_index/resource_index/package_run_dependencies/my_robot_gazebo
[0.092s] -- Up-to-date: /home/han/Desktop/Han_ws/09.ROS/my_mobile/install/my_robot_gazebo/share/ament_index/resource_index/parent_prefix_path/my_robot_gazebo
[0.093s] -- Up-to-date: /home/han/Desktop/Han_ws/09.ROS/my_mobile/install/my_robot_gazebo/share/my_robot_gazebo/environment/ament_prefix_path.sh
[0.093s] -- Up-to-date: /home/han/Desktop/Han_ws/09.ROS/my_mobile/install/my_robot_gazebo/share/my_robot_gazebo/environment/ament_prefix_path.dsv
[0.093s] -- Up-to-date: /home/han/Desktop/Han_ws/09.ROS/my_mobile/install/my_robot_gazebo/share/my_robot_gazebo/environment/path.sh
[0.093s] -- Up-to-date: /home/han/Desktop/Han_ws/09.ROS/my_mobile/install/my_robot_gazebo/share/my_robot_gazebo/environment/path.dsv
[0.093s] -- Up-to-date: /home/han/Desktop/Han_ws/09.ROS/my_mobile/install/my_robot_gazebo/share/my_robot_gazebo/local_setup.bash
[0.093s] -- Up-to-date: /home/han/Desktop/Han_ws/09.ROS/my_mobile/install/my_robot_gazebo/share/my_robot_gazebo/local_setup.sh
[0.094s] -- Up-to-date: /home/han/Desktop/Han_ws/09.ROS/my_mobile/install/my_robot_gazebo/share/my_robot_gazebo/local_setup.zsh
[0.094s] -- Up-to-date: /home/han/Desktop/Han_ws/09.ROS/my_mobile/install/my_robot_gazebo/share/my_robot_gazebo/local_setup.dsv
[0.094s] -- Installing: /home/han/Desktop/Han_ws/09.ROS/my_mobile/install/my_robot_gazebo/share/my_robot_gazebo/package.dsv
[0.094s] -- Up-to-date: /home/han/Desktop/Han_ws/09.ROS/my_mobile/install/my_robot_gazebo/share/ament_index/resource_index/packages/my_robot_gazebo
[0.094s] -- Up-to-date: /home/han/Desktop/Han_ws/09.ROS/my_mobile/install/my_robot_gazebo/share/my_robot_gazebo/cmake/my_robot_gazeboConfig.cmake
[0.094s] -- Up-to-date: /home/han/Desktop/Han_ws/09.ROS/my_mobile/install/my_robot_gazebo/share/my_robot_gazebo/cmake/my_robot_gazeboConfig-version.cmake
[0.095s] -- Up-to-date: /home/han/Desktop/Han_ws/09.ROS/my_mobile/install/my_robot_gazebo/share/my_robot_gazebo/package.xml
[0.106s] Invoked command in '/home/han/Desktop/Han_ws/09.ROS/my_mobile/build/my_robot_gazebo' returned '0': CMAKE_PREFIX_PATH=${CMAKE_PREFIX_PATH}:/opt/ros/humble /usr/bin/cmake --install /home/han/Desktop/Han_ws/09.ROS/my_mobile/build/my_robot_gazebo
