[0.601s] Invoking command in '/home/han/Desktop/Han_ws/09.ROS/CV/src/opencv_tutorials': PYTHONPATH=/home/han/Desktop/Han_ws/09.ROS/CV/build/opencv_tutorials/prefix_override:/home/han/Desktop/Han_ws/09.ROS/CV/install/opencv_tutorials/lib/python3.10/site-packages:${PYTHONPATH} /usr/bin/python3 -W ignore:setup.py install is deprecated setup.py egg_info --egg-base ../../build/opencv_tutorials build --build-base /home/han/Desktop/Han_ws/09.ROS/CV/build/opencv_tutorials/build install --record /home/han/Desktop/Han_ws/09.ROS/CV/build/opencv_tutorials/install.log --single-version-externally-managed install_data
[0.878s] running egg_info
[0.879s] writing ../../build/opencv_tutorials/opencv_tutorials.egg-info/PKG-INFO
[0.880s] writing dependency_links to ../../build/opencv_tutorials/opencv_tutorials.egg-info/dependency_links.txt
[0.880s] writing entry points to ../../build/opencv_tutorials/opencv_tutorials.egg-info/entry_points.txt
[0.880s] writing requirements to ../../build/opencv_tutorials/opencv_tutorials.egg-info/requires.txt
[0.880s] writing top-level names to ../../build/opencv_tutorials/opencv_tutorials.egg-info/top_level.txt
[0.881s] reading manifest file '../../build/opencv_tutorials/opencv_tutorials.egg-info/SOURCES.txt'
[0.882s] writing manifest file '../../build/opencv_tutorials/opencv_tutorials.egg-info/SOURCES.txt'
[0.882s] running build
[0.882s] running build_py
[0.882s] copying opencv_tutorials/canny_edge.py -> /home/han/Desktop/Han_ws/09.ROS/CV/build/opencv_tutorials/build/lib/opencv_tutorials
[0.882s] running install
[0.882s] running install_lib
[0.883s] copying /home/han/Desktop/Han_ws/09.ROS/CV/build/opencv_tutorials/build/lib/opencv_tutorials/canny_edge.py -> /home/han/Desktop/Han_ws/09.ROS/CV/install/opencv_tutorials/lib/python3.10/site-packages/opencv_tutorials
[0.884s] byte-compiling /home/han/Desktop/Han_ws/09.ROS/CV/install/opencv_tutorials/lib/python3.10/site-packages/opencv_tutorials/canny_edge.py to canny_edge.cpython-310.pyc
[0.884s] running install_data
[0.884s] running install_egg_info
[0.885s] removing '/home/han/Desktop/Han_ws/09.ROS/CV/install/opencv_tutorials/lib/python3.10/site-packages/opencv_tutorials-0.0.0-py3.10.egg-info' (and everything under it)
[0.886s] Copying ../../build/opencv_tutorials/opencv_tutorials.egg-info to /home/han/Desktop/Han_ws/09.ROS/CV/install/opencv_tutorials/lib/python3.10/site-packages/opencv_tutorials-0.0.0-py3.10.egg-info
[0.887s] running install_scripts
[0.907s] Installing canny_edge script to /home/han/Desktop/Han_ws/09.ROS/CV/install/opencv_tutorials/lib/opencv_tutorials
[0.907s] Installing img_publisher script to /home/han/Desktop/Han_ws/09.ROS/CV/install/opencv_tutorials/lib/opencv_tutorials
[0.908s] writing list of installed files to '/home/han/Desktop/Han_ws/09.ROS/CV/build/opencv_tutorials/install.log'
[0.946s] Invoked command in '/home/han/Desktop/Han_ws/09.ROS/CV/src/opencv_tutorials' returned '0': PYTHONPATH=/home/han/Desktop/Han_ws/09.ROS/CV/build/opencv_tutorials/prefix_override:/home/han/Desktop/Han_ws/09.ROS/CV/install/opencv_tutorials/lib/python3.10/site-packages:${PYTHONPATH} /usr/bin/python3 -W ignore:setup.py install is deprecated setup.py egg_info --egg-base ../../build/opencv_tutorials build --build-base /home/han/Desktop/Han_ws/09.ROS/CV/build/opencv_tutorials/build install --record /home/han/Desktop/Han_ws/09.ROS/CV/build/opencv_tutorials/install.log --single-version-externally-managed install_data
