[0.087s] DEBUG:colcon:Command line arguments: ['/usr/bin/colcon', 'build']
[0.087s] DEBUG:colcon:Parsed command line arguments: Namespace(log_base=None, log_level=None, verb_name='build', build_base='build', install_base='install', merge_install=False, symlink_install=False, test_result_base=None, continue_on_error=False, executor='parallel', parallel_workers=12, event_handlers=None, ignore_user_meta=False, metas=['./colcon.meta'], base_paths=['.'], packages_ignore=None, packages_ignore_regex=None, paths=None, packages_up_to=None, packages_up_to_regex=None, packages_above=None, packages_above_and_dependencies=None, packages_above_depth=None, packages_select_by_dep=None, packages_skip_by_dep=None, packages_skip_up_to=None, packages_select_build_failed=False, packages_skip_build_finished=False, packages_select_test_failures=False, packages_skip_test_passed=False, packages_select=None, packages_skip=None, packages_select_regex=None, packages_skip_regex=None, packages_start=None, packages_end=None, allow_overriding=[], cmake_args=None, cmake_target=None, cmake_target_skip_unavailable=False, cmake_clean_cache=False, cmake_clean_first=False, cmake_force_configure=False, ament_cmake_args=None, catkin_cmake_args=None, catkin_skip_building_tests=False, mixin_files=None, mixin=None, verb_parser=<colcon_mixin.mixin.mixin_argument.MixinArgumentDecorator object at 0x7c1f10027f10>, verb_extension=<colcon_core.verb.build.BuildVerb object at 0x7c1f10170550>, main=<bound method BuildVerb.main of <colcon_core.verb.build.BuildVerb object at 0x7c1f10170550>>, mixin_verb=('build',))
[0.245s] Level 1:colcon.colcon_core.package_discovery:discover_packages(colcon_meta) check parameters
[0.245s] Level 1:colcon.colcon_core.package_discovery:discover_packages(recursive) check parameters
[0.245s] Level 1:colcon.colcon_core.package_discovery:discover_packages(ignore) check parameters
[0.245s] Level 1:colcon.colcon_core.package_discovery:discover_packages(path) check parameters
[0.245s] Level 1:colcon.colcon_core.package_discovery:discover_packages(colcon_meta) discover
[0.245s] Level 1:colcon.colcon_core.package_discovery:discover_packages(recursive) discover
[0.246s] INFO:colcon.colcon_core.package_discovery:Crawling recursively for packages in '/home/han/Desktop/Han_ws/09.ROS/CV'
[0.246s] Level 1:colcon.colcon_core.package_identification:_identify(.) by extensions ['ignore', 'ignore_ament_install']
[0.246s] Level 1:colcon.colcon_core.package_identification:_identify(.) by extension 'ignore'
[0.246s] Level 1:colcon.colcon_core.package_identification:_identify(.) by extension 'ignore_ament_install'
[0.246s] Level 1:colcon.colcon_core.package_identification:_identify(.) by extensions ['colcon_pkg']
[0.246s] Level 1:colcon.colcon_core.package_identification:_identify(.) by extension 'colcon_pkg'
[0.246s] Level 1:colcon.colcon_core.package_identification:_identify(.) by extensions ['colcon_meta']
[0.246s] Level 1:colcon.colcon_core.package_identification:_identify(.) by extension 'colcon_meta'
[0.246s] Level 1:colcon.colcon_core.package_identification:_identify(.) by extensions ['ros']
[0.246s] Level 1:colcon.colcon_core.package_identification:_identify(.) by extension 'ros'
[0.254s] Level 1:colcon.colcon_core.package_identification:_identify(.) by extensions ['cmake', 'python']
[0.254s] Level 1:colcon.colcon_core.package_identification:_identify(.) by extension 'cmake'
[0.254s] Level 1:colcon.colcon_core.package_identification:_identify(.) by extension 'python'
[0.254s] Level 1:colcon.colcon_core.package_identification:_identify(.) by extensions ['python_setup_py']
[0.254s] Level 1:colcon.colcon_core.package_identification:_identify(.) by extension 'python_setup_py'
[0.254s] Level 1:colcon.colcon_core.package_identification:_identify(build) by extensions ['ignore', 'ignore_ament_install']
[0.254s] Level 1:colcon.colcon_core.package_identification:_identify(build) by extension 'ignore'
[0.254s] Level 1:colcon.colcon_core.package_identification:_identify(build) ignored
[0.254s] Level 1:colcon.colcon_core.package_identification:_identify(install) by extensions ['ignore', 'ignore_ament_install']
[0.254s] Level 1:colcon.colcon_core.package_identification:_identify(install) by extension 'ignore'
[0.254s] Level 1:colcon.colcon_core.package_identification:_identify(install) ignored
[0.255s] Level 1:colcon.colcon_core.package_identification:_identify(log) by extensions ['ignore', 'ignore_ament_install']
[0.255s] Level 1:colcon.colcon_core.package_identification:_identify(log) by extension 'ignore'
[0.255s] Level 1:colcon.colcon_core.package_identification:_identify(log) ignored
[0.255s] Level 1:colcon.colcon_core.package_identification:_identify(src) by extensions ['ignore', 'ignore_ament_install']
[0.255s] Level 1:colcon.colcon_core.package_identification:_identify(src) by extension 'ignore'
[0.255s] Level 1:colcon.colcon_core.package_identification:_identify(src) by extension 'ignore_ament_install'
[0.255s] Level 1:colcon.colcon_core.package_identification:_identify(src) by extensions ['colcon_pkg']
[0.255s] Level 1:colcon.colcon_core.package_identification:_identify(src) by extension 'colcon_pkg'
[0.255s] Level 1:colcon.colcon_core.package_identification:_identify(src) by extensions ['colcon_meta']
[0.255s] Level 1:colcon.colcon_core.package_identification:_identify(src) by extension 'colcon_meta'
[0.255s] Level 1:colcon.colcon_core.package_identification:_identify(src) by extensions ['ros']
[0.255s] Level 1:colcon.colcon_core.package_identification:_identify(src) by extension 'ros'
[0.255s] Level 1:colcon.colcon_core.package_identification:_identify(src) by extensions ['cmake', 'python']
[0.255s] Level 1:colcon.colcon_core.package_identification:_identify(src) by extension 'cmake'
[0.255s] Level 1:colcon.colcon_core.package_identification:_identify(src) by extension 'python'
[0.255s] Level 1:colcon.colcon_core.package_identification:_identify(src) by extensions ['python_setup_py']
[0.255s] Level 1:colcon.colcon_core.package_identification:_identify(src) by extension 'python_setup_py'
[0.255s] Level 1:colcon.colcon_core.package_identification:_identify(src/opencv_tutorials) by extensions ['ignore', 'ignore_ament_install']
[0.255s] Level 1:colcon.colcon_core.package_identification:_identify(src/opencv_tutorials) by extension 'ignore'
[0.255s] Level 1:colcon.colcon_core.package_identification:_identify(src/opencv_tutorials) by extension 'ignore_ament_install'
[0.255s] Level 1:colcon.colcon_core.package_identification:_identify(src/opencv_tutorials) by extensions ['colcon_pkg']
[0.255s] Level 1:colcon.colcon_core.package_identification:_identify(src/opencv_tutorials) by extension 'colcon_pkg'
[0.256s] Level 1:colcon.colcon_core.package_identification:_identify(src/opencv_tutorials) by extensions ['colcon_meta']
[0.256s] Level 1:colcon.colcon_core.package_identification:_identify(src/opencv_tutorials) by extension 'colcon_meta'
[0.256s] Level 1:colcon.colcon_core.package_identification:_identify(src/opencv_tutorials) by extensions ['ros']
[0.256s] Level 1:colcon.colcon_core.package_identification:_identify(src/opencv_tutorials) by extension 'ros'
[0.257s] DEBUG:colcon.colcon_core.package_identification:Package 'src/opencv_tutorials' with type 'ros.ament_python' and name 'opencv_tutorials'
[0.257s] Level 1:colcon.colcon_core.package_discovery:discover_packages(recursive) using defaults
[0.257s] Level 1:colcon.colcon_core.package_discovery:discover_packages(ignore) discover
[0.257s] Level 1:colcon.colcon_core.package_discovery:discover_packages(ignore) using defaults
[0.257s] Level 1:colcon.colcon_core.package_discovery:discover_packages(path) discover
[0.257s] Level 1:colcon.colcon_core.package_discovery:discover_packages(path) using defaults
[0.279s] Level 1:colcon.colcon_core.package_discovery:discover_packages(prefix_path) check parameters
[0.279s] Level 1:colcon.colcon_core.package_discovery:discover_packages(prefix_path) discover
[0.280s] DEBUG:colcon.colcon_installed_package_information.package_discovery:Found 295 installed packages in /opt/ros/humble
[0.282s] Level 1:colcon.colcon_core.package_discovery:discover_packages(prefix_path) using defaults
[0.314s] Level 5:colcon.colcon_core.verb:set package 'opencv_tutorials' build argument 'cmake_args' from command line to 'None'
[0.314s] Level 5:colcon.colcon_core.verb:set package 'opencv_tutorials' build argument 'cmake_target' from command line to 'None'
[0.314s] Level 5:colcon.colcon_core.verb:set package 'opencv_tutorials' build argument 'cmake_target_skip_unavailable' from command line to 'False'
[0.314s] Level 5:colcon.colcon_core.verb:set package 'opencv_tutorials' build argument 'cmake_clean_cache' from command line to 'False'
[0.314s] Level 5:colcon.colcon_core.verb:set package 'opencv_tutorials' build argument 'cmake_clean_first' from command line to 'False'
[0.314s] Level 5:colcon.colcon_core.verb:set package 'opencv_tutorials' build argument 'cmake_force_configure' from command line to 'False'
[0.314s] Level 5:colcon.colcon_core.verb:set package 'opencv_tutorials' build argument 'ament_cmake_args' from command line to 'None'
[0.314s] Level 5:colcon.colcon_core.verb:set package 'opencv_tutorials' build argument 'catkin_cmake_args' from command line to 'None'
[0.314s] Level 5:colcon.colcon_core.verb:set package 'opencv_tutorials' build argument 'catkin_skip_building_tests' from command line to 'False'
[0.314s] DEBUG:colcon.colcon_core.verb:Building package 'opencv_tutorials' with the following arguments: {'ament_cmake_args': None, 'build_base': '/home/han/Desktop/Han_ws/09.ROS/CV/build/opencv_tutorials', 'catkin_cmake_args': None, 'catkin_skip_building_tests': False, 'cmake_args': None, 'cmake_clean_cache': False, 'cmake_clean_first': False, 'cmake_force_configure': False, 'cmake_target': None, 'cmake_target_skip_unavailable': False, 'install_base': '/home/han/Desktop/Han_ws/09.ROS/CV/install/opencv_tutorials', 'merge_install': False, 'path': '/home/han/Desktop/Han_ws/09.ROS/CV/src/opencv_tutorials', 'symlink_install': False, 'test_result_base': None}
[0.315s] INFO:colcon.colcon_core.executor:Executing jobs using 'parallel' executor
[0.315s] DEBUG:colcon.colcon_parallel_executor.executor.parallel:run_until_complete
[0.315s] INFO:colcon.colcon_ros.task.ament_python.build:Building ROS package in '/home/han/Desktop/Han_ws/09.ROS/CV/src/opencv_tutorials' with build type 'ament_python'
[0.316s] Level 1:colcon.colcon_core.shell:create_environment_hook('opencv_tutorials', 'ament_prefix_path')
[0.317s] INFO:colcon.colcon_core.plugin_system:Skipping extension 'colcon_core.shell.bat': Not used on non-Windows systems
[0.317s] INFO:colcon.colcon_core.shell:Creating environment hook '/home/han/Desktop/Han_ws/09.ROS/CV/install/opencv_tutorials/share/opencv_tutorials/hook/ament_prefix_path.ps1'
[0.318s] INFO:colcon.colcon_core.shell:Creating environment descriptor '/home/han/Desktop/Han_ws/09.ROS/CV/install/opencv_tutorials/share/opencv_tutorials/hook/ament_prefix_path.dsv'
[0.318s] INFO:colcon.colcon_core.shell:Creating environment hook '/home/han/Desktop/Han_ws/09.ROS/CV/install/opencv_tutorials/share/opencv_tutorials/hook/ament_prefix_path.sh'
[0.319s] INFO:colcon.colcon_core.shell:Skip shell extension 'powershell' for command environment: Not usable outside of PowerShell
[0.319s] DEBUG:colcon.colcon_core.shell:Skip shell extension 'dsv' for command environment
[0.555s] INFO:colcon.colcon_core.task.python.build:Building Python package in '/home/han/Desktop/Han_ws/09.ROS/CV/src/opencv_tutorials'
[0.556s] INFO:colcon.colcon_core.shell:Skip shell extension 'powershell' for command environment: Not usable outside of PowerShell
[0.556s] DEBUG:colcon.colcon_core.shell:Skip shell extension 'dsv' for command environment
[0.917s] DEBUG:colcon.colcon_core.event_handler.log_command:Invoking command in '/home/han/Desktop/Han_ws/09.ROS/CV/src/opencv_tutorials': PYTHONPATH=/home/han/Desktop/Han_ws/09.ROS/CV/build/opencv_tutorials/prefix_override:/home/han/Desktop/Han_ws/09.ROS/CV/install/opencv_tutorials/lib/python3.10/site-packages:${PYTHONPATH} /usr/bin/python3 -W ignore:setup.py install is deprecated setup.py egg_info --egg-base ../../build/opencv_tutorials build --build-base /home/han/Desktop/Han_ws/09.ROS/CV/build/opencv_tutorials/build install --record /home/han/Desktop/Han_ws/09.ROS/CV/build/opencv_tutorials/install.log --single-version-externally-managed install_data
[1.262s] DEBUG:colcon.colcon_core.event_handler.log_command:Invoked command in '/home/han/Desktop/Han_ws/09.ROS/CV/src/opencv_tutorials' returned '0': PYTHONPATH=/home/han/Desktop/Han_ws/09.ROS/CV/build/opencv_tutorials/prefix_override:/home/han/Desktop/Han_ws/09.ROS/CV/install/opencv_tutorials/lib/python3.10/site-packages:${PYTHONPATH} /usr/bin/python3 -W ignore:setup.py install is deprecated setup.py egg_info --egg-base ../../build/opencv_tutorials build --build-base /home/han/Desktop/Han_ws/09.ROS/CV/build/opencv_tutorials/build install --record /home/han/Desktop/Han_ws/09.ROS/CV/build/opencv_tutorials/install.log --single-version-externally-managed install_data
[1.264s] Level 1:colcon.colcon_core.environment:checking '/home/han/Desktop/Han_ws/09.ROS/CV/install/opencv_tutorials' for CMake module files
[1.264s] Level 1:colcon.colcon_core.environment:checking '/home/han/Desktop/Han_ws/09.ROS/CV/install/opencv_tutorials' for CMake config files
[1.265s] Level 1:colcon.colcon_core.environment:checking '/home/han/Desktop/Han_ws/09.ROS/CV/install/opencv_tutorials/lib'
[1.265s] Level 1:colcon.colcon_core.environment:checking '/home/han/Desktop/Han_ws/09.ROS/CV/install/opencv_tutorials/bin'
[1.265s] Level 1:colcon.colcon_core.environment:checking '/home/han/Desktop/Han_ws/09.ROS/CV/install/opencv_tutorials/lib/pkgconfig/opencv_tutorials.pc'
[1.266s] Level 1:colcon.colcon_core.environment:checking '/home/han/Desktop/Han_ws/09.ROS/CV/install/opencv_tutorials/lib/python3.10/site-packages'
[1.266s] Level 1:colcon.colcon_core.shell:create_environment_hook('opencv_tutorials', 'pythonpath')
[1.267s] INFO:colcon.colcon_core.shell:Creating environment hook '/home/han/Desktop/Han_ws/09.ROS/CV/install/opencv_tutorials/share/opencv_tutorials/hook/pythonpath.ps1'
[1.267s] INFO:colcon.colcon_core.shell:Creating environment descriptor '/home/han/Desktop/Han_ws/09.ROS/CV/install/opencv_tutorials/share/opencv_tutorials/hook/pythonpath.dsv'
[1.268s] INFO:colcon.colcon_core.shell:Creating environment hook '/home/han/Desktop/Han_ws/09.ROS/CV/install/opencv_tutorials/share/opencv_tutorials/hook/pythonpath.sh'
[1.268s] Level 1:colcon.colcon_core.environment:checking '/home/han/Desktop/Han_ws/09.ROS/CV/install/opencv_tutorials/bin'
[1.268s] Level 1:colcon.colcon_core.environment:create_environment_scripts_only(opencv_tutorials)
[1.268s] INFO:colcon.colcon_core.shell:Creating package script '/home/han/Desktop/Han_ws/09.ROS/CV/install/opencv_tutorials/share/opencv_tutorials/package.ps1'
[1.269s] INFO:colcon.colcon_core.shell:Creating package descriptor '/home/han/Desktop/Han_ws/09.ROS/CV/install/opencv_tutorials/share/opencv_tutorials/package.dsv'
[1.269s] INFO:colcon.colcon_core.shell:Creating package script '/home/han/Desktop/Han_ws/09.ROS/CV/install/opencv_tutorials/share/opencv_tutorials/package.sh'
[1.270s] INFO:colcon.colcon_core.shell:Creating package script '/home/han/Desktop/Han_ws/09.ROS/CV/install/opencv_tutorials/share/opencv_tutorials/package.bash'
[1.270s] INFO:colcon.colcon_core.shell:Creating package script '/home/han/Desktop/Han_ws/09.ROS/CV/install/opencv_tutorials/share/opencv_tutorials/package.zsh'
[1.271s] Level 1:colcon.colcon_core.environment:create_file_with_runtime_dependencies(/home/han/Desktop/Han_ws/09.ROS/CV/install/opencv_tutorials/share/colcon-core/packages/opencv_tutorials)
[1.271s] DEBUG:colcon.colcon_parallel_executor.executor.parallel:closing loop
[1.271s] DEBUG:colcon.colcon_parallel_executor.executor.parallel:loop closed
[1.271s] DEBUG:colcon.colcon_parallel_executor.executor.parallel:run_until_complete finished with '0'
[1.271s] DEBUG:colcon.colcon_core.event_reactor:joining thread
[1.277s] INFO:colcon.colcon_core.plugin_system:Skipping extension 'colcon_notification.desktop_notification.terminal_notifier': Not used on non-Darwin systems
[1.278s] INFO:colcon.colcon_core.plugin_system:Skipping extension 'colcon_notification.desktop_notification.win32': Not used on non-Windows systems
[1.278s] INFO:colcon.colcon_notification.desktop_notification:Sending desktop notification using 'notify2'
[1.292s] DEBUG:colcon.colcon_core.event_reactor:joined thread
[1.292s] INFO:colcon.colcon_core.shell:Creating prefix script '/home/han/Desktop/Han_ws/09.ROS/CV/install/local_setup.ps1'
[1.293s] INFO:colcon.colcon_core.shell:Creating prefix util module '/home/han/Desktop/Han_ws/09.ROS/CV/install/_local_setup_util_ps1.py'
[1.294s] INFO:colcon.colcon_core.shell:Creating prefix chain script '/home/han/Desktop/Han_ws/09.ROS/CV/install/setup.ps1'
[1.296s] INFO:colcon.colcon_core.shell:Creating prefix script '/home/han/Desktop/Han_ws/09.ROS/CV/install/local_setup.sh'
[1.297s] INFO:colcon.colcon_core.shell:Creating prefix util module '/home/han/Desktop/Han_ws/09.ROS/CV/install/_local_setup_util_sh.py'
[1.297s] INFO:colcon.colcon_core.shell:Creating prefix chain script '/home/han/Desktop/Han_ws/09.ROS/CV/install/setup.sh'
[1.299s] INFO:colcon.colcon_core.shell:Creating prefix script '/home/han/Desktop/Han_ws/09.ROS/CV/install/local_setup.bash'
[1.299s] INFO:colcon.colcon_core.shell:Creating prefix chain script '/home/han/Desktop/Han_ws/09.ROS/CV/install/setup.bash'
[1.300s] INFO:colcon.colcon_core.shell:Creating prefix script '/home/han/Desktop/Han_ws/09.ROS/CV/install/local_setup.zsh'
[1.300s] INFO:colcon.colcon_core.shell:Creating prefix chain script '/home/han/Desktop/Han_ws/09.ROS/CV/install/setup.zsh'
