[0.008s] Invoking command in '/home/han/Desktop/Han_ws/09.ROS/urdf/build/urdf_study': CMAKE_PREFIX_PATH=${CMAKE_PREFIX_PATH}:/opt/ros/humble /usr/bin/cmake --build /home/han/Desktop/Han_ws/09.ROS/urdf/build/urdf_study -- -j12 -l12
[0.037s] Invoked command in '/home/han/Desktop/Han_ws/09.ROS/urdf/build/urdf_study' returned '0': CMAKE_PREFIX_PATH=${CMAKE_PREFIX_PATH}:/opt/ros/humble /usr/bin/cmake --build /home/han/Desktop/Han_ws/09.ROS/urdf/build/urdf_study -- -j12 -l12
[0.059s] Invoking command in '/home/han/Desktop/Han_ws/09.ROS/urdf/build/urdf_study': CMAKE_PREFIX_PATH=${CMAKE_PREFIX_PATH}:/opt/ros/humble /usr/bin/cmake --install /home/han/Desktop/Han_ws/09.ROS/urdf/build/urdf_study
[0.064s] -- Install configuration: ""
[0.064s] -- Up-to-date: /home/han/Desktop/Han_ws/09.ROS/urdf/install/urdf_study/share/urdf_study/launch
[0.064s] -- Installing: /home/han/Desktop/Han_ws/09.ROS/urdf/install/urdf_study/share/urdf_study/launch/simple_display.launch.py
[0.064s] -- Up-to-date: /home/han/Desktop/Han_ws/09.ROS/urdf/install/urdf_study/share/urdf_study/urdf
[0.064s] -- Up-to-date: /home/han/Desktop/Han_ws/09.ROS/urdf/install/urdf_study/share/urdf_study/urdf/myfirst.urdf
[0.064s] -- Installing: /home/han/Desktop/Han_ws/09.ROS/urdf/install/urdf_study/share/urdf_study/urdf/pan_tilt.urdf
[0.064s] -- Up-to-date: /home/han/Desktop/Han_ws/09.ROS/urdf/install/urdf_study/share/urdf_study/rviz
[0.064s] -- Up-to-date: /home/han/Desktop/Han_ws/09.ROS/urdf/install/urdf_study/share/urdf_study/rviz/urdf.rviz
[0.065s] -- Up-to-date: /home/han/Desktop/Han_ws/09.ROS/urdf/install/urdf_study/share/ament_index/resource_index/package_run_dependencies/urdf_study
[0.065s] -- Up-to-date: /home/han/Desktop/Han_ws/09.ROS/urdf/install/urdf_study/share/ament_index/resource_index/parent_prefix_path/urdf_study
[0.065s] -- Up-to-date: /home/han/Desktop/Han_ws/09.ROS/urdf/install/urdf_study/share/urdf_study/environment/ament_prefix_path.sh
[0.065s] -- Up-to-date: /home/han/Desktop/Han_ws/09.ROS/urdf/install/urdf_study/share/urdf_study/environment/ament_prefix_path.dsv
[0.065s] -- Up-to-date: /home/han/Desktop/Han_ws/09.ROS/urdf/install/urdf_study/share/urdf_study/environment/path.sh
[0.065s] -- Up-to-date: /home/han/Desktop/Han_ws/09.ROS/urdf/install/urdf_study/share/urdf_study/environment/path.dsv
[0.065s] -- Up-to-date: /home/han/Desktop/Han_ws/09.ROS/urdf/install/urdf_study/share/urdf_study/local_setup.bash
[0.065s] -- Up-to-date: /home/han/Desktop/Han_ws/09.ROS/urdf/install/urdf_study/share/urdf_study/local_setup.sh
[0.065s] -- Up-to-date: /home/han/Desktop/Han_ws/09.ROS/urdf/install/urdf_study/share/urdf_study/local_setup.zsh
[0.065s] -- Up-to-date: /home/han/Desktop/Han_ws/09.ROS/urdf/install/urdf_study/share/urdf_study/local_setup.dsv
[0.065s] -- Up-to-date: /home/han/Desktop/Han_ws/09.ROS/urdf/install/urdf_study/share/urdf_study/package.dsv
[0.065s] -- Up-to-date: /home/han/Desktop/Han_ws/09.ROS/urdf/install/urdf_study/share/ament_index/resource_index/packages/urdf_study
[0.065s] -- Up-to-date: /home/han/Desktop/Han_ws/09.ROS/urdf/install/urdf_study/share/urdf_study/cmake/urdf_studyConfig.cmake
[0.065s] -- Up-to-date: /home/han/Desktop/Han_ws/09.ROS/urdf/install/urdf_study/share/urdf_study/cmake/urdf_studyConfig-version.cmake
[0.065s] -- Up-to-date: /home/han/Desktop/Han_ws/09.ROS/urdf/install/urdf_study/share/urdf_study/package.xml
[0.066s] Invoked command in '/home/han/Desktop/Han_ws/09.ROS/urdf/build/urdf_study' returned '0': CMAKE_PREFIX_PATH=${CMAKE_PREFIX_PATH}:/opt/ros/humble /usr/bin/cmake --install /home/han/Desktop/Han_ws/09.ROS/urdf/build/urdf_study
