[0.011s] Invoking command in '/home/han/Desktop/Han_ws/09.ROS/my_mobile/build/my_robot_description': CMAKE_PREFIX_PATH=${CMAKE_PREFIX_PATH}:/opt/ros/humble VIRTUAL_ENV_PROMPT=(myvenv) /usr/bin/cmake /home/han/Desktop/Han_ws/09.ROS/my_mobile/src/my_robot_description -DCMAKE_INSTALL_PREFIX=/home/han/Desktop/Han_ws/09.ROS/my_mobile/install/my_robot_description
[0.021s] -- Found ament_cmake: 1.3.9 (/opt/ros/humble/share/ament_cmake/cmake)
[0.144s] -- Found ament_lint_auto: 0.12.11 (/opt/ros/humble/share/ament_lint_auto/cmake)
[0.162s] Traceback (most recent call last):
[0.162s]   File "/opt/ros/humble/share/ament_cmake_core/cmake/core/package_xml_2_cmake.py", line 22, in <module>
[0.162s]     from catkin_pkg.package import parse_package_string
[0.162s] ModuleNotFoundError: No module named 'catkin_pkg'
[0.165s] [31mCMake Error at /opt/ros/humble/share/ament_cmake_core/cmake/core/ament_package_xml.cmake:95 (message):
[0.165s]   execute_process(/home/han/venv/myvenv/bin/python3
[0.165s]   /opt/ros/humble/share/ament_cmake_core/cmake/core/package_xml_2_cmake.py
[0.165s]   /home/han/Desktop/Han_ws/09.ROS/my_mobile/src/my_robot_description/package.xml
[0.165s]   /home/han/Desktop/Han_ws/09.ROS/my_mobile/build/my_robot_description/ament_cmake_core/package.cmake)
[0.165s]   returned error code 1
[0.166s] Call Stack (most recent call first):
[0.166s]   /opt/ros/humble/share/ament_cmake_core/cmake/core/ament_package_xml.cmake:49 (_ament_package_xml)
[0.166s]   /opt/ros/humble/share/ament_lint_auto/cmake/ament_lint_auto_find_test_dependencies.cmake:31 (ament_package_xml)
[0.166s]   CMakeLists.txt:23 (ament_lint_auto_find_test_dependencies)
[0.166s] 
[0.166s] [0m
[0.166s] -- Configuring incomplete, errors occurred!
[0.166s] See also "/home/han/Desktop/Han_ws/09.ROS/my_mobile/build/my_robot_description/CMakeFiles/CMakeOutput.log".
[0.171s] Invoked command in '/home/han/Desktop/Han_ws/09.ROS/my_mobile/build/my_robot_description' returned '1': CMAKE_PREFIX_PATH=${CMAKE_PREFIX_PATH}:/opt/ros/humble VIRTUAL_ENV_PROMPT=(myvenv) /usr/bin/cmake /home/han/Desktop/Han_ws/09.ROS/my_mobile/src/my_robot_description -DCMAKE_INSTALL_PREFIX=/home/han/Desktop/Han_ws/09.ROS/my_mobile/install/my_robot_description
